Using pre-set license
Built from '2023.2/staging' branch; Version is '2023.2.16f1 (7f45223012db) revision 8340770'; Using compiler version '193431935'; Build Type 'Release'
OS: 'Windows 10  (10.0.19045) 64bit Professional' Language: 'ru' Physical Memory: 15775 MB
BatchMode: 1, IsHumanControllingUs: 0, StartBugReporterOnCrash: 0, Is64bit: 1, IsPro: 1

COMMAND LINE ARGUMENTS:
C:\Оперативная\Unity\2023.2.16f1\Editor\Unity.exe
-adb2
-batchMode
-noUpm
-name
AssetImportWorker11
-projectPath
C:/Users/MIKU/My project/first-CS-Game/Slavic egg clamp
-logFile
Logs/AssetImportWorker11.log
-srvPort
5222
-job-worker-count
7
-background-job-worker-count
8
-asset-garbage-collectors
1
Successfully changed project path to: C:/Users/MIKU/My project/first-CS-Game/Slavic egg clamp
C:/Users/MIKU/My project/first-CS-Game/Slavic egg clamp
[UnityMemory] Configuration Parameters - Can be set up in boot.config
    "memorysetup-bucket-allocator-granularity=16"
    "memorysetup-bucket-allocator-bucket-count=8"
    "memorysetup-bucket-allocator-block-size=33554432"
    "memorysetup-bucket-allocator-block-count=8"
    "memorysetup-main-allocator-block-size=16777216"
    "memorysetup-thread-allocator-block-size=16777216"
    "memorysetup-gfx-main-allocator-block-size=16777216"
    "memorysetup-gfx-thread-allocator-block-size=16777216"
    "memorysetup-cache-allocator-block-size=4194304"
    "memorysetup-typetree-allocator-block-size=2097152"
    "memorysetup-profiler-bucket-allocator-granularity=16"
    "memorysetup-profiler-bucket-allocator-bucket-count=8"
    "memorysetup-profiler-bucket-allocator-block-size=33554432"
    "memorysetup-profiler-bucket-allocator-block-count=8"
    "memorysetup-profiler-allocator-block-size=16777216"
    "memorysetup-profiler-editor-allocator-block-size=1048576"
    "memorysetup-temp-allocator-size-main=16777216"
    "memorysetup-job-temp-allocator-block-size=2097152"
    "memorysetup-job-temp-allocator-block-size-background=1048576"
    "memorysetup-job-temp-allocator-reduction-small-platforms=262144"
    "memorysetup-allocator-temp-initial-block-size-main=262144"
    "memorysetup-allocator-temp-initial-block-size-worker=262144"
    "memorysetup-temp-allocator-size-background-worker=32768"
    "memorysetup-temp-allocator-size-job-worker=262144"
    "memorysetup-temp-allocator-size-preload-manager=33554432"
    "memorysetup-temp-allocator-size-nav-mesh-worker=65536"
    "memorysetup-temp-allocator-size-audio-worker=65536"
    "memorysetup-temp-allocator-size-cloud-worker=32768"
    "memorysetup-temp-allocator-size-gi-baking-worker=262144"
    "memorysetup-temp-allocator-size-gi-baking-worker=262144"
    "memorysetup-temp-allocator-size-gi-baking-worker=262144"
    "memorysetup-temp-allocator-size-gi-baking-worker=262144"
    "memorysetup-temp-allocator-size-gfx=262144"
Player connection [2504] Host "[IP] 192.168.56.1 [Port] 0 [Flags] 2 [Guid] 2211363418 [EditorId] 2211363418 [Version] 1048832 [Id] WindowsEditor(7,DESKTOP-JC97NB1) [Debug] 1 [PackageName] WindowsEditor [ProjectName] Editor" joined multi-casting on [225.0.0.222:54997]...
Player connection [2504] Host "[IP] 192.168.56.1 [Port] 0 [Flags] 2 [Guid] 2211363418 [EditorId] 2211363418 [Version] 1048832 [Id] WindowsEditor(7,DESKTOP-JC97NB1) [Debug] 1 [PackageName] WindowsEditor [ProjectName] Editor" joined alternative multi-casting on [225.0.0.222:34997]...
JobSystem: Creating JobQueue using job-worker-count value 7
[Physics::Module] Initialized MultithreadedJobDispatcher with 7 workers.
Library Redirect Path: Library/
Refreshing native plugins compatible for Editor in 4.48 ms, found 4 plugins.
Preloading 0 native plugins for Editor in 0.00 ms.
Initialize engine version: 2023.2.16f1 (7f45223012db)
[Subsystems] Discovering subsystems at path C:/Оперативная/Unity/2023.2.16f1/Editor/Data/Resources/UnitySubsystems
[Subsystems] Discovering subsystems at path C:/Users/MIKU/My project/first-CS-Game/Slavic egg clamp/Assets
GfxDevice: creating device client; kGfxThreadingModeNonThreaded
Direct3D:
    Version:  Direct3D 11.0 [level 11.1]
    Renderer: NVIDIA GeForce RTX 3050 Laptop GPU (ID=0x25a2)
    Vendor:   NVIDIA
    VRAM:     3977 MB
    Driver:   31.0.15.4633
Initialize mono
Mono path[0] = 'C:/Оперативная/Unity/2023.2.16f1/Editor/Data/Managed'
Mono path[1] = 'C:/Оперативная/Unity/2023.2.16f1/Editor/Data/MonoBleedingEdge/lib/mono/unityjit-win32'
Mono config path = 'C:/Оперативная/Unity/2023.2.16f1/Editor/Data/MonoBleedingEdge/etc'
Using monoOptions --debugger-agent=transport=dt_socket,embedding=1,server=y,suspend=n,address=127.0.0.1:56708
Begin MonoManager ReloadAssembly
C:\build\output\Unity-Technologies\mono\mono\metadata\icall.c:1842:
C:\build\output\Unity-Technologies\mono\mono\metadata\icall.c:1842:
C:\build\output\Unity-Technologies\mono\mono\metadata\icall.c:1842:
C:\build\output\Unity-Technologies\mono\mono\metadata\icall.c:1842:
C:\build\output\Unity-Technologies\mono\mono\metadata\icall.c:1842:
C:\build\output\Unity-Technologies\mono\mono\metadata\icall.c:1842:
C:\build\output\Unity-Technologies\mono\mono\metadata\icall.c:1842:
C:\build\output\Unity-Technologies\mono\mono\metadata\icall.c:1842:
C:\build\output\Unity-Technologies\mono\mono\metadata\icall.c:1842:
C:\build\output\Unity-Technologies\mono\mono\metadata\icall.c:1842:
Registering precompiled unity dll's ...
Register platform support module: C:/Оперативная/Unity/2023.2.16f1/Editor/Data/PlaybackEngines/WindowsStandaloneSupport/UnityEditor.WindowsStandalone.Extensions.dll
Register platform support module: C:/Оперативная/Unity/2023.2.16f1/Editor/Data/PlaybackEngines/MetroSupport/UnityEditor.UWP.Extensions.dll
Registered in 0.008018 seconds.
- Loaded All Assemblies, in  0.682 seconds
Native extension for UWP target not found
Native extension for WindowsStandalone target not found
Mono: successfully reloaded assembly
C:\build\output\Unity-Technologies\mono\mono\metadata\icall.c:1842:
C:\build\output\Unity-Technologies\mono\mono\metadata\icall.c:1842:
- Finished resetting the current domain, in  0.640 seconds
Domain Reload Profiling: 1315ms
	BeginReloadAssembly (234ms)
		ExecutionOrderSort (0ms)
		DisableScriptedObjects (0ms)
		BackupInstance (0ms)
		ReleaseScriptingObjects (0ms)
		CreateAndSetChildDomain (1ms)
	RebuildCommonClasses (62ms)
	RebuildNativeTypeToScriptingClass (18ms)
	initialDomainReloadingComplete (99ms)
	LoadAllAssembliesAndSetupDomain (261ms)
		LoadAssemblies (229ms)
		RebuildTransferFunctionScriptingTraits (0ms)
		AnalyzeDomain (257ms)
			TypeCache.Refresh (255ms)
				TypeCache.ScanAssembly (233ms)
			BuildScriptInfoCaches (0ms)
			ResolveRequiredComponents (1ms)
	FinalizeReload (640ms)
		ReleaseScriptCaches (0ms)
		RebuildScriptCaches (0ms)
		SetupLoadedEditorAssemblies (525ms)
			LogAssemblyErrors (0ms)
			InitializePlatformSupportModulesInManaged (82ms)
			SetLoadedEditorAssemblies (7ms)
			BeforeProcessingInitializeOnLoad (9ms)
			ProcessInitializeOnLoadAttributes (336ms)
			ProcessInitializeOnLoadMethodAttributes (90ms)
			AfterProcessingInitializeOnLoad (0ms)
			EditorAssembliesLoaded (0ms)
		ExecutionOrderSort2 (0ms)
		AwakeInstancesAfterBackupRestoration (0ms)
========================================================================
Worker process is ready to serve import requests
Import Worker Mode flag is 0x00
Begin MonoManager ReloadAssembly
C:\build\output\Unity-Technologies\mono\mono\metadata\icall.c:1842:
C:\build\output\Unity-Technologies\mono\mono\metadata\icall.c:1842:
C:\build\output\Unity-Technologies\mono\mono\metadata\icall.c:1842:
C:\build\output\Unity-Technologies\mono\mono\metadata\icall.c:1842:
C:\build\output\Unity-Technologies\mono\mono\metadata\icall.c:1842:
C:\build\output\Unity-Technologies\mono\mono\metadata\icall.c:1842:
C:\build\output\Unity-Technologies\mono\mono\metadata\icall.c:1842:
C:\build\output\Unity-Technologies\mono\mono\metadata\icall.c:1842:
C:\build\output\Unity-Technologies\mono\mono\metadata\icall.c:1842:
C:\build\output\Unity-Technologies\mono\mono\metadata\icall.c:1842:
C:\build\output\Unity-Technologies\mono\mono\metadata\icall.c:1842:
C:\build\output\Unity-Technologies\mono\mono\metadata\icall.c:1842:
- Loaded All Assemblies, in  1.566 seconds
Refreshing native plugins compatible for Editor in 2.28 ms, found 4 plugins.
Native extension for UWP target not found
Native extension for WindowsStandalone target not found
Refreshing native plugins compatible for Editor in 2.73 ms, found 4 plugins.
Mono: successfully reloaded assembly
- Finished resetting the current domain, in  1.327 seconds
Domain Reload Profiling: 2880ms
	BeginReloadAssembly (548ms)
		ExecutionOrderSort (0ms)
		DisableScriptedObjects (9ms)
		BackupInstance (0ms)
		ReleaseScriptingObjects (0ms)
		CreateAndSetChildDomain (75ms)
	RebuildCommonClasses (76ms)
	RebuildNativeTypeToScriptingClass (20ms)
	initialDomainReloadingComplete (74ms)
	LoadAllAssembliesAndSetupDomain (833ms)
		LoadAssemblies (667ms)
		RebuildTransferFunctionScriptingTraits (0ms)
		AnalyzeDomain (334ms)
			TypeCache.Refresh (272ms)
				TypeCache.ScanAssembly (246ms)
			BuildScriptInfoCaches (47ms)
			ResolveRequiredComponents (11ms)
	FinalizeReload (1328ms)
		ReleaseScriptCaches (0ms)
		RebuildScriptCaches (0ms)
		SetupLoadedEditorAssemblies (964ms)
			LogAssemblyErrors (0ms)
			InitializePlatformSupportModulesInManaged (22ms)
			SetLoadedEditorAssemblies (7ms)
			BeforeProcessingInitializeOnLoad (116ms)
			ProcessInitializeOnLoadAttributes (735ms)
			ProcessInitializeOnLoadMethodAttributes (59ms)
			AfterProcessingInitializeOnLoad (21ms)
			EditorAssembliesLoaded (4ms)
		ExecutionOrderSort2 (0ms)
		AwakeInstancesAfterBackupRestoration (17ms)
Launched and connected shader compiler UnityShaderCompiler.exe after 0.04 seconds
Refreshing native plugins compatible for Editor in 2.87 ms, found 4 plugins.
Preloading 0 native plugins for Editor in 0.00 ms.
Unloading 19 Unused Serialized files (Serialized files now loaded: 0)
Unloading 4869 unused Assets / (1.6 MB). Loaded Objects now: 5449.
Memory consumption went from 131.0 MB to 129.4 MB.
Total: 13.036300 ms (FindLiveObjects: 0.708400 ms CreateObjectMapping: 1.048600 ms MarkObjects: 8.558200 ms  DeleteObjects: 2.717800 ms)

========================================================================
Received Import Request.
  Time since last request: 117694.665756 seconds.
  path: Assets/Textures/Pixel2DCastleTileset/Sprites/Sliced/wood_env_46.asset
  artifactKey: Guid(c036e1ee5448e384db506217840c4e9b) Importer(815301076,1909f56bfc062723c751e8b465ee728b)
Start importing Assets/Textures/Pixel2DCastleTileset/Sprites/Sliced/wood_env_46.asset using Guid(c036e1ee5448e384db506217840c4e9b) Importer(815301076,1909f56bfc062723c751e8b465ee728b) (PreviewImporter) -> (artifact id: '5c6131c6309bf75ffbdf9dc95a323911') in 0.0726459 seconds
Number of updated asset objects reloaded before import = 0Number of asset objects unloaded after import = 3

========================================================================
Received Import Request.
  Time since last request: 0.000046 seconds.
  path: Assets/Textures/Pixel2DCastleTileset/Sprites/Sliced/wood_env_53.asset
  artifactKey: Guid(5be308d0bc79f554d9932473b62dde21) Importer(815301076,1909f56bfc062723c751e8b465ee728b)
Start importing Assets/Textures/Pixel2DCastleTileset/Sprites/Sliced/wood_env_53.asset using Guid(5be308d0bc79f554d9932473b62dde21) Importer(815301076,1909f56bfc062723c751e8b465ee728b) (PreviewImporter) -> (artifact id: '87a82a0815411c4f0b94cef0b82d3e7c') in 0.0083827 seconds
Number of updated asset objects reloaded before import = 0Number of asset objects unloaded after import = 3

========================================================================
Received Import Request.
  Time since last request: 0.000023 seconds.
  path: Assets/Textures/Pixel2DCastleTileset/Sprites/Sliced/wood_env_49.asset
  artifactKey: Guid(e588cb61e4f9889428421a2b76748e61) Importer(815301076,1909f56bfc062723c751e8b465ee728b)
Start importing Assets/Textures/Pixel2DCastleTileset/Sprites/Sliced/wood_env_49.asset using Guid(e588cb61e4f9889428421a2b76748e61) Importer(815301076,1909f56bfc062723c751e8b465ee728b) (PreviewImporter) -> (artifact id: '17330318eda1ddc281afa714693445b9') in 0.0063065 seconds
Number of updated asset objects reloaded before import = 0Number of asset objects unloaded after import = 3

========================================================================
Received Import Request.
  Time since last request: 0.000036 seconds.
  path: Assets/Textures/Pixel2DCastleTileset/Sprites/Sliced/wood_env_52.asset
  artifactKey: Guid(ae66d52256d362e409e7dc4b5faa49e2) Importer(815301076,1909f56bfc062723c751e8b465ee728b)
Start importing Assets/Textures/Pixel2DCastleTileset/Sprites/Sliced/wood_env_52.asset using Guid(ae66d52256d362e409e7dc4b5faa49e2) Importer(815301076,1909f56bfc062723c751e8b465ee728b) (PreviewImporter) -> (artifact id: 'be6cf250270b46e9a454720a979f5731') in 0.0064804 seconds
Number of updated asset objects reloaded before import = 0Number of asset objects unloaded after import = 3

========================================================================
Received Import Request.
  Time since last request: 0.000021 seconds.
  path: Assets/Textures/Pixel2DCastleTileset/Sprites/Sliced/wood_env_66.asset
  artifactKey: Guid(6a5e32f3ff94aee4ea467fc7bb269279) Importer(815301076,1909f56bfc062723c751e8b465ee728b)
Start importing Assets/Textures/Pixel2DCastleTileset/Sprites/Sliced/wood_env_66.asset using Guid(6a5e32f3ff94aee4ea467fc7bb269279) Importer(815301076,1909f56bfc062723c751e8b465ee728b) (PreviewImporter) -> (artifact id: 'b4dd6378049a9a5743391b4947ec2f72') in 0.0068279 seconds
Number of updated asset objects reloaded before import = 0Number of asset objects unloaded after import = 3

========================================================================
Received Import Request.
  Time since last request: 0.000022 seconds.
  path: Assets/Textures/Pixel2DCastleTileset/Sprites/Sliced/wood_env_85.asset
  artifactKey: Guid(b07c9f228d7cd084a96d12bfbc2b8ccf) Importer(815301076,1909f56bfc062723c751e8b465ee728b)
Start importing Assets/Textures/Pixel2DCastleTileset/Sprites/Sliced/wood_env_85.asset using Guid(b07c9f228d7cd084a96d12bfbc2b8ccf) Importer(815301076,1909f56bfc062723c751e8b465ee728b) (PreviewImporter) -> (artifact id: '9abfd58eeeca2c8c7266fb87a478f5e1') in 0.01094 seconds
Number of updated asset objects reloaded before import = 0Number of asset objects unloaded after import = 3

========================================================================
Received Import Request.
  Time since last request: 0.000026 seconds.
  path: Assets/Textures/Pixel2DCastleTileset/Sprites/Sliced/wood_env_74.asset
  artifactKey: Guid(33ad5ce01480ac94cbd6cc604dc6ce93) Importer(815301076,1909f56bfc062723c751e8b465ee728b)
Start importing Assets/Textures/Pixel2DCastleTileset/Sprites/Sliced/wood_env_74.asset using Guid(33ad5ce01480ac94cbd6cc604dc6ce93) Importer(815301076,1909f56bfc062723c751e8b465ee728b) (PreviewImporter) -> (artifact id: '3f91797141223b20e3113320f23017ae') in 0.0071315 seconds
Number of updated asset objects reloaded before import = 0Number of asset objects unloaded after import = 3

========================================================================
Received Import Request.
  Time since last request: 0.000022 seconds.
  path: Assets/Textures/Pixel2DCastleTileset/Sprites/Sliced/wood_env_70.asset
  artifactKey: Guid(615bd8dbefcb1dc41a9cbe6b39977165) Importer(815301076,1909f56bfc062723c751e8b465ee728b)
Start importing Assets/Textures/Pixel2DCastleTileset/Sprites/Sliced/wood_env_70.asset using Guid(615bd8dbefcb1dc41a9cbe6b39977165) Importer(815301076,1909f56bfc062723c751e8b465ee728b) (PreviewImporter) -> (artifact id: '99075f1593e52781a289ee16fe1fc79e') in 0.0061551 seconds
Number of updated asset objects reloaded before import = 0Number of asset objects unloaded after import = 3

========================================================================
Received Import Request.
  Time since last request: 0.000021 seconds.
  path: Assets/Textures/Pixel2DCastleTileset/Sprites/Sliced/wood_env_81.asset
  artifactKey: Guid(8a7d6773775bb2f4983e526eb1dac205) Importer(815301076,1909f56bfc062723c751e8b465ee728b)
Start importing Assets/Textures/Pixel2DCastleTileset/Sprites/Sliced/wood_env_81.asset using Guid(8a7d6773775bb2f4983e526eb1dac205) Importer(815301076,1909f56bfc062723c751e8b465ee728b) (PreviewImporter) -> (artifact id: '5874ebed6e01ad828759c8ed387bec5b') in 0.0069869 seconds
Number of updated asset objects reloaded before import = 0Number of asset objects unloaded after import = 3

========================================================================
Received Import Request.
  Time since last request: 0.000025 seconds.
  path: Assets/Textures/Pixel2DCastleTileset/Sprites/Sliced/wood_env_50.asset
  artifactKey: Guid(37af2dfc719a34f4b8e45ab1c93cd39d) Importer(815301076,1909f56bfc062723c751e8b465ee728b)
Start importing Assets/Textures/Pixel2DCastleTileset/Sprites/Sliced/wood_env_50.asset using Guid(37af2dfc719a34f4b8e45ab1c93cd39d) Importer(815301076,1909f56bfc062723c751e8b465ee728b) (PreviewImporter) -> (artifact id: '744a044b663f7bd1cc27e41eafea4690') in 0.0069348 seconds
Number of updated asset objects reloaded before import = 0Number of asset objects unloaded after import = 3

========================================================================
Received Import Request.
  Time since last request: 0.000017 seconds.
  path: Assets/Textures/Pixel2DCastleTileset/Sprites/Sliced/wood_env_68.asset
  artifactKey: Guid(64288db0e07cf7640bd38f081d01b31c) Importer(815301076,1909f56bfc062723c751e8b465ee728b)
Start importing Assets/Textures/Pixel2DCastleTileset/Sprites/Sliced/wood_env_68.asset using Guid(64288db0e07cf7640bd38f081d01b31c) Importer(815301076,1909f56bfc062723c751e8b465ee728b) (PreviewImporter) -> (artifact id: 'f994794349b6dbb26cffcbae8c96cac7') in 0.0083727 seconds
Number of updated asset objects reloaded before import = 0Number of asset objects unloaded after import = 3

========================================================================
Received Import Request.
  Time since last request: 0.000021 seconds.
  path: Assets/Textures/Pixel2DCastleTileset/Sprites/Sliced/wood_env_63.asset
  artifactKey: Guid(df2ba41b1e7382841802baa7a3b70222) Importer(815301076,1909f56bfc062723c751e8b465ee728b)
Start importing Assets/Textures/Pixel2DCastleTileset/Sprites/Sliced/wood_env_63.asset using Guid(df2ba41b1e7382841802baa7a3b70222) Importer(815301076,1909f56bfc062723c751e8b465ee728b) (PreviewImporter) -> (artifact id: '15cbf8fbe66cccf41618c3f5d5661d78') in 0.0085207 seconds
Number of updated asset objects reloaded before import = 0Number of asset objects unloaded after import = 3

========================================================================
Received Import Request.
  Time since last request: 0.000062 seconds.
  path: Assets/Textures/Pixel2DCastleTileset/Sprites/Sliced/wood_env_82.asset
  artifactKey: Guid(56c01a77d48241a428cc16860951bc2b) Importer(815301076,1909f56bfc062723c751e8b465ee728b)
Start importing Assets/Textures/Pixel2DCastleTileset/Sprites/Sliced/wood_env_82.asset using Guid(56c01a77d48241a428cc16860951bc2b) Importer(815301076,1909f56bfc062723c751e8b465ee728b) (PreviewImporter) -> (artifact id: '661b7b3c45f078a952d5d1eeb2860997') in 0.0069593 seconds
Number of updated asset objects reloaded before import = 0Number of asset objects unloaded after import = 3

========================================================================
Received Import Request.
  Time since last request: 0.000028 seconds.
  path: Assets/Textures/Pixel2DCastleTileset/Sprites/Sliced/wood_env_73.asset
  artifactKey: Guid(da8a5aa031584d34585e9730f7c07114) Importer(815301076,1909f56bfc062723c751e8b465ee728b)
Start importing Assets/Textures/Pixel2DCastleTileset/Sprites/Sliced/wood_env_73.asset using Guid(da8a5aa031584d34585e9730f7c07114) Importer(815301076,1909f56bfc062723c751e8b465ee728b) (PreviewImporter) -> (artifact id: '60aa94ac1105e02e5d045fc4c93717bd') in 0.0250546 seconds
Number of updated asset objects reloaded before import = 0Number of asset objects unloaded after import = 3

========================================================================
Received Import Request.
  Time since last request: 0.000033 seconds.
  path: Assets/Textures/Pixel2DCastleTileset/Sprites/Sliced/wood_env_55.asset
  artifactKey: Guid(99aced401c2e0b245b160e4581491644) Importer(815301076,1909f56bfc062723c751e8b465ee728b)
Start importing Assets/Textures/Pixel2DCastleTileset/Sprites/Sliced/wood_env_55.asset using Guid(99aced401c2e0b245b160e4581491644) Importer(815301076,1909f56bfc062723c751e8b465ee728b) (PreviewImporter) -> (artifact id: 'f4a2227677cc34e66e5004d409c4af14') in 0.0064669 seconds
Number of updated asset objects reloaded before import = 0Number of asset objects unloaded after import = 3

========================================================================
Received Import Request.
  Time since last request: 0.000019 seconds.
  path: Assets/Textures/Pixel2DCastleTileset/Sprites/Sliced/wood_env_78.asset
  artifactKey: Guid(c87566c47c729c44baf609fc774a8371) Importer(815301076,1909f56bfc062723c751e8b465ee728b)
Start importing Assets/Textures/Pixel2DCastleTileset/Sprites/Sliced/wood_env_78.asset using Guid(c87566c47c729c44baf609fc774a8371) Importer(815301076,1909f56bfc062723c751e8b465ee728b) (PreviewImporter) -> (artifact id: '91d5ad8b7e6b7cbdc4ff92c454ec60a0') in 0.0063559 seconds
Number of updated asset objects reloaded before import = 0Number of asset objects unloaded after import = 3

========================================================================
Received Import Request.
  Time since last request: 0.000018 seconds.
  path: Assets/Textures/Pixel2DCastleTileset/Sprites/Sliced/wood_env_87.asset
  artifactKey: Guid(4b2110e226bec2e43b6538902bed4a48) Importer(815301076,1909f56bfc062723c751e8b465ee728b)
Start importing Assets/Textures/Pixel2DCastleTileset/Sprites/Sliced/wood_env_87.asset using Guid(4b2110e226bec2e43b6538902bed4a48) Importer(815301076,1909f56bfc062723c751e8b465ee728b) (PreviewImporter) -> (artifact id: '6a83bf2ee80d5361f1908cae9fcc4b89') in 0.0057762 seconds
Number of updated asset objects reloaded before import = 0Number of asset objects unloaded after import = 3

========================================================================
Received Import Request.
  Time since last request: 0.000019 seconds.
  path: Assets/Textures/Pixel2DCastleTileset/Sprites/Sliced/wood_env_48.asset
  artifactKey: Guid(550acf0b7f67cd24994a5b2fa177a089) Importer(815301076,1909f56bfc062723c751e8b465ee728b)
Start importing Assets/Textures/Pixel2DCastleTileset/Sprites/Sliced/wood_env_48.asset using Guid(550acf0b7f67cd24994a5b2fa177a089) Importer(815301076,1909f56bfc062723c751e8b465ee728b) (PreviewImporter) -> (artifact id: '162c5a9708d534d46757136923b18df9') in 0.0078856 seconds
Number of updated asset objects reloaded before import = 0Number of asset objects unloaded after import = 3

========================================================================
Received Import Request.
  Time since last request: 0.000018 seconds.
  path: Assets/Textures/Pixel2DCastleTileset/Sprites/Sliced/wood_env_83.asset
  artifactKey: Guid(be7d140b471acef48ab50312d6cb5c6f) Importer(815301076,1909f56bfc062723c751e8b465ee728b)
Start importing Assets/Textures/Pixel2DCastleTileset/Sprites/Sliced/wood_env_83.asset using Guid(be7d140b471acef48ab50312d6cb5c6f) Importer(815301076,1909f56bfc062723c751e8b465ee728b) (PreviewImporter) -> (artifact id: '83c2201c47322cacdf23fa23fe584f51') in 0.0056256 seconds
Number of updated asset objects reloaded before import = 0Number of asset objects unloaded after import = 3

========================================================================
Received Import Request.
  Time since last request: 0.000021 seconds.
  path: Assets/Textures/Pixel2DCastleTileset/Sprites/Sliced/wood_env_60.asset
  artifactKey: Guid(fc87c24789b807548b422842f99e7347) Importer(815301076,1909f56bfc062723c751e8b465ee728b)
Start importing Assets/Textures/Pixel2DCastleTileset/Sprites/Sliced/wood_env_60.asset using Guid(fc87c24789b807548b422842f99e7347) Importer(815301076,1909f56bfc062723c751e8b465ee728b) (PreviewImporter) -> (artifact id: '82a931d970f2fa240d5ca5e3fa18f011') in 0.0077947 seconds
Number of updated asset objects reloaded before import = 0Number of asset objects unloaded after import = 3

========================================================================
Received Import Request.
  Time since last request: 0.000020 seconds.
  path: Assets/Textures/Pixel2DCastleTileset/Sprites/Sliced/wood_env_80.asset
  artifactKey: Guid(a5a49ba72ba3d384fbf4216d74f82bd8) Importer(815301076,1909f56bfc062723c751e8b465ee728b)
Start importing Assets/Textures/Pixel2DCastleTileset/Sprites/Sliced/wood_env_80.asset using Guid(a5a49ba72ba3d384fbf4216d74f82bd8) Importer(815301076,1909f56bfc062723c751e8b465ee728b) (PreviewImporter) -> (artifact id: 'ba397e1d19c71b6bab0b0aa30f2fb239') in 0.006942 seconds
Number of updated asset objects reloaded before import = 0Number of asset objects unloaded after import = 3

========================================================================
Received Import Request.
  Time since last request: 0.000021 seconds.
  path: Assets/Textures/Pixel2DCastleTileset/Sprites/Sliced/wood_env_92.asset
  artifactKey: Guid(9656a82dc1b47354bb96ad020d16eda6) Importer(815301076,1909f56bfc062723c751e8b465ee728b)
Start importing Assets/Textures/Pixel2DCastleTileset/Sprites/Sliced/wood_env_92.asset using Guid(9656a82dc1b47354bb96ad020d16eda6) Importer(815301076,1909f56bfc062723c751e8b465ee728b) (PreviewImporter) -> (artifact id: '814c49101990f020d6527b0890290877') in 0.0090321 seconds
Number of updated asset objects reloaded before import = 0Number of asset objects unloaded after import = 3

========================================================================
Received Import Request.
  Time since last request: 0.000020 seconds.
  path: Assets/Textures/Pixel2DCastleTileset/Sprites/Sliced/wood_env_84.asset
  artifactKey: Guid(2fb27e9e5c1bc9b4ea0d97df07ec887a) Importer(815301076,1909f56bfc062723c751e8b465ee728b)
Start importing Assets/Textures/Pixel2DCastleTileset/Sprites/Sliced/wood_env_84.asset using Guid(2fb27e9e5c1bc9b4ea0d97df07ec887a) Importer(815301076,1909f56bfc062723c751e8b465ee728b) (PreviewImporter) -> (artifact id: '4cb065327a289bbc9ad3fdb548ce9ad4') in 0.0073019 seconds
Number of updated asset objects reloaded before import = 0Number of asset objects unloaded after import = 3

========================================================================
Received Import Request.
  Time since last request: 0.000033 seconds.
  path: Assets/Textures/Pixel2DCastleTileset/Sprites/Sliced/wood_env_56.asset
  artifactKey: Guid(ead3eff27f9ba0440803cc8ae11a0d64) Importer(815301076,1909f56bfc062723c751e8b465ee728b)
Start importing Assets/Textures/Pixel2DCastleTileset/Sprites/Sliced/wood_env_56.asset using Guid(ead3eff27f9ba0440803cc8ae11a0d64) Importer(815301076,1909f56bfc062723c751e8b465ee728b) (PreviewImporter) -> (artifact id: '8224f476917923c6f9baabb336576e8e') in 0.0080102 seconds
Number of updated asset objects reloaded before import = 0Number of asset objects unloaded after import = 3

========================================================================
Received Import Request.
  Time since last request: 0.273861 seconds.
  path: Assets/Textures/Pixel2DCastleTileset/Sprites/Sliced/wood_env_94.asset
  artifactKey: Guid(c0abcab2e41b34040866331927eb5bba) Importer(815301076,1909f56bfc062723c751e8b465ee728b)
Start importing Assets/Textures/Pixel2DCastleTileset/Sprites/Sliced/wood_env_94.asset using Guid(c0abcab2e41b34040866331927eb5bba) Importer(815301076,1909f56bfc062723c751e8b465ee728b) (PreviewImporter) -> (artifact id: '1c7a1155108c41008cbc99c487633b5e') in 0.0079718 seconds
Number of updated asset objects reloaded before import = 0Number of asset objects unloaded after import = 3

========================================================================
Received Import Request.
  Time since last request: 0.000030 seconds.
  path: Assets/Textures/Pixel2DCastleTileset/Sprites/Sliced/wood_env_98.asset
  artifactKey: Guid(cd781f03f7bc95e4aac7ec39f5cdb301) Importer(815301076,1909f56bfc062723c751e8b465ee728b)
Start importing Assets/Textures/Pixel2DCastleTileset/Sprites/Sliced/wood_env_98.asset using Guid(cd781f03f7bc95e4aac7ec39f5cdb301) Importer(815301076,1909f56bfc062723c751e8b465ee728b) (PreviewImporter) -> (artifact id: '8dda3219e6f7522a2c04c3bb03f0d474') in 0.0080869 seconds
Number of updated asset objects reloaded before import = 0Number of asset objects unloaded after import = 3

========================================================================
Received Import Request.
  Time since last request: 0.000028 seconds.
  path: Assets/Textures/Pixel2DCastleTileset/Sprites/Sliced/wood_env_103.asset
  artifactKey: Guid(d148a2b043d89c942b0b92067ad92035) Importer(815301076,1909f56bfc062723c751e8b465ee728b)
Start importing Assets/Textures/Pixel2DCastleTileset/Sprites/Sliced/wood_env_103.asset using Guid(d148a2b043d89c942b0b92067ad92035) Importer(815301076,1909f56bfc062723c751e8b465ee728b) (PreviewImporter) -> (artifact id: '49c96ecd97a5a16b03239f979f42b49b') in 0.0075072 seconds
Number of updated asset objects reloaded before import = 0Number of asset objects unloaded after import = 3

========================================================================
Received Import Request.
  Time since last request: 0.000021 seconds.
  path: Assets/Textures/Pixel2DCastleTileset/Sprites/Sliced/wood_env_96.asset
  artifactKey: Guid(222a611d84057e947ba5b05a7971a8a7) Importer(815301076,1909f56bfc062723c751e8b465ee728b)
Start importing Assets/Textures/Pixel2DCastleTileset/Sprites/Sliced/wood_env_96.asset using Guid(222a611d84057e947ba5b05a7971a8a7) Importer(815301076,1909f56bfc062723c751e8b465ee728b) (PreviewImporter) -> (artifact id: 'c925a0ffa30a12d8d429654f67a6009b') in 0.008426 seconds
Number of updated asset objects reloaded before import = 0Number of asset objects unloaded after import = 3

========================================================================
Received Import Request.
  Time since last request: 0.000025 seconds.
  path: Assets/Textures/Pixel2DCastleTileset/Sprites/Sliced/wood_env_104.asset
  artifactKey: Guid(6d58ccbbabc5f1e47a702ea49f8047e8) Importer(815301076,1909f56bfc062723c751e8b465ee728b)
Start importing Assets/Textures/Pixel2DCastleTileset/Sprites/Sliced/wood_env_104.asset using Guid(6d58ccbbabc5f1e47a702ea49f8047e8) Importer(815301076,1909f56bfc062723c751e8b465ee728b) (PreviewImporter) -> (artifact id: '36a7e4067f88e71c843f4ae8b3a28e14') in 0.0075796 seconds
Number of updated asset objects reloaded before import = 0Number of asset objects unloaded after import = 3

========================================================================
Received Import Request.
  Time since last request: 0.000029 seconds.
  path: Assets/Textures/Pixel2DCastleTileset/Sprites/Sliced/wood_env_105.asset
  artifactKey: Guid(406d69bdfb223244585eef7dde8bea6c) Importer(815301076,1909f56bfc062723c751e8b465ee728b)
Start importing Assets/Textures/Pixel2DCastleTileset/Sprites/Sliced/wood_env_105.asset using Guid(406d69bdfb223244585eef7dde8bea6c) Importer(815301076,1909f56bfc062723c751e8b465ee728b) (PreviewImporter) -> (artifact id: 'fec520ac68048abdb553dd3200dc0112') in 0.0134325 seconds
Number of updated asset objects reloaded before import = 0Number of asset objects unloaded after import = 3

========================================================================
Received Import Request.
  Time since last request: 0.000019 seconds.
  path: Assets/Textures/Pixel2DCastleTileset/Sprites/Sliced/wood_env_108.asset
  artifactKey: Guid(2788b15c7b0da4040bc773cbf10a5748) Importer(815301076,1909f56bfc062723c751e8b465ee728b)
Start importing Assets/Textures/Pixel2DCastleTileset/Sprites/Sliced/wood_env_108.asset using Guid(2788b15c7b0da4040bc773cbf10a5748) Importer(815301076,1909f56bfc062723c751e8b465ee728b) (PreviewImporter) -> (artifact id: 'e3fbeb636a6852a2742eb31ef26f5f8e') in 0.0077159 seconds
Number of updated asset objects reloaded before import = 0Number of asset objects unloaded after import = 3

========================================================================
Received Import Request.
  Time since last request: 0.000020 seconds.
  path: Assets/Textures/Pixel2DCastleTileset/Sprites/Sliced/wood_env_112.asset
  artifactKey: Guid(4afc6059ea0c0ad418147b49b9f485d0) Importer(815301076,1909f56bfc062723c751e8b465ee728b)
Start importing Assets/Textures/Pixel2DCastleTileset/Sprites/Sliced/wood_env_112.asset using Guid(4afc6059ea0c0ad418147b49b9f485d0) Importer(815301076,1909f56bfc062723c751e8b465ee728b) (PreviewImporter) -> (artifact id: '792d77e8d66f798c764b073e53d3bca4') in 0.0071142 seconds
Number of updated asset objects reloaded before import = 0Number of asset objects unloaded after import = 3

========================================================================
Received Import Request.
  Time since last request: 0.000030 seconds.
  path: Assets/Textures/Pixel2DCastleTileset/Sprites/Sliced/wood_env_110.asset
  artifactKey: Guid(5e458dc082a8f144b912e6bd3b1ade2e) Importer(815301076,1909f56bfc062723c751e8b465ee728b)
Start importing Assets/Textures/Pixel2DCastleTileset/Sprites/Sliced/wood_env_110.asset using Guid(5e458dc082a8f144b912e6bd3b1ade2e) Importer(815301076,1909f56bfc062723c751e8b465ee728b) (PreviewImporter) -> (artifact id: 'c7479ddc08d870c8890f5328ce2b1397') in 0.0089677 seconds
Number of updated asset objects reloaded before import = 0Number of asset objects unloaded after import = 3

========================================================================
Received Import Request.
  Time since last request: 0.000028 seconds.
  path: Assets/Textures/Pixel2DCastleTileset/Sprites/Sliced/wood_env_111.asset
  artifactKey: Guid(cf1f5e9f72b5f9140bcb92ea28a7591f) Importer(815301076,1909f56bfc062723c751e8b465ee728b)
Start importing Assets/Textures/Pixel2DCastleTileset/Sprites/Sliced/wood_env_111.asset using Guid(cf1f5e9f72b5f9140bcb92ea28a7591f) Importer(815301076,1909f56bfc062723c751e8b465ee728b) (PreviewImporter) -> (artifact id: '97d6784cd3938a675336d24d66bfa484') in 0.0079194 seconds
Number of updated asset objects reloaded before import = 0Number of asset objects unloaded after import = 3

========================================================================
Received Import Request.
  Time since last request: 0.000024 seconds.
  path: Assets/Textures/Pixel2DCastleTileset/Sprites/Sliced/wood_env_115.asset
  artifactKey: Guid(e6008e9d7d398bf40a94675e838a56dc) Importer(815301076,1909f56bfc062723c751e8b465ee728b)
Start importing Assets/Textures/Pixel2DCastleTileset/Sprites/Sliced/wood_env_115.asset using Guid(e6008e9d7d398bf40a94675e838a56dc) Importer(815301076,1909f56bfc062723c751e8b465ee728b) (PreviewImporter) -> (artifact id: '97216232cd12295c25e41c962aeccb0e') in 0.0067834 seconds
Number of updated asset objects reloaded before import = 0Number of asset objects unloaded after import = 3

========================================================================
Received Import Request.
  Time since last request: 0.000021 seconds.
  path: Assets/Textures/Pixel2DCastleTileset/Sprites/Sliced/wood_env_123.asset
  artifactKey: Guid(d6d682a7b59987b4697c6c933563d558) Importer(815301076,1909f56bfc062723c751e8b465ee728b)
Start importing Assets/Textures/Pixel2DCastleTileset/Sprites/Sliced/wood_env_123.asset using Guid(d6d682a7b59987b4697c6c933563d558) Importer(815301076,1909f56bfc062723c751e8b465ee728b) (PreviewImporter) -> (artifact id: 'ff2f665170b9e637e06b29f3978e5e66') in 0.0096515 seconds
Number of updated asset objects reloaded before import = 0Number of asset objects unloaded after import = 3

========================================================================
Received Import Request.
  Time since last request: 0.000019 seconds.
  path: Assets/Textures/Pixel2DCastleTileset/Sprites/Sliced/wood_env_120.asset
  artifactKey: Guid(426067393ca6a5a4f9fa3c78f0b153c5) Importer(815301076,1909f56bfc062723c751e8b465ee728b)
Start importing Assets/Textures/Pixel2DCastleTileset/Sprites/Sliced/wood_env_120.asset using Guid(426067393ca6a5a4f9fa3c78f0b153c5) Importer(815301076,1909f56bfc062723c751e8b465ee728b) (PreviewImporter) -> (artifact id: 'ff063ee2c5b5670455960a7f7eb81f3d') in 0.0224172 seconds
Number of updated asset objects reloaded before import = 0Number of asset objects unloaded after import = 3

========================================================================
Received Import Request.
  Time since last request: 0.000036 seconds.
  path: Assets/Textures/Pixel2DCastleTileset/Sprites/Sliced/wood_env_127.asset
  artifactKey: Guid(116e18e044108b14383fd24531fcf00b) Importer(815301076,1909f56bfc062723c751e8b465ee728b)
Start importing Assets/Textures/Pixel2DCastleTileset/Sprites/Sliced/wood_env_127.asset using Guid(116e18e044108b14383fd24531fcf00b) Importer(815301076,1909f56bfc062723c751e8b465ee728b) (PreviewImporter) -> (artifact id: 'cc54b0e3be58ec75cf96ea24cd204e81') in 0.0067362 seconds
Number of updated asset objects reloaded before import = 0Number of asset objects unloaded after import = 3

========================================================================
Received Import Request.
  Time since last request: 0.000032 seconds.
  path: Assets/Textures/Pixel2DCastleTileset/Sprites/Sliced/wood_env_128.asset
  artifactKey: Guid(e90d3adeb6a89c843a2aec7f99203458) Importer(815301076,1909f56bfc062723c751e8b465ee728b)
Start importing Assets/Textures/Pixel2DCastleTileset/Sprites/Sliced/wood_env_128.asset using Guid(e90d3adeb6a89c843a2aec7f99203458) Importer(815301076,1909f56bfc062723c751e8b465ee728b) (PreviewImporter) -> (artifact id: '640222814358f921f9062788b6b8a039') in 0.0082512 seconds
Number of updated asset objects reloaded before import = 0Number of asset objects unloaded after import = 3

========================================================================
Received Import Request.
  Time since last request: 0.000022 seconds.
  path: Assets/Textures/Pixel2DCastleTileset/Sprites/Sliced/wood_env_107.asset
  artifactKey: Guid(d4eaa988ec0585947b753b3f8caf790b) Importer(815301076,1909f56bfc062723c751e8b465ee728b)
Start importing Assets/Textures/Pixel2DCastleTileset/Sprites/Sliced/wood_env_107.asset using Guid(d4eaa988ec0585947b753b3f8caf790b) Importer(815301076,1909f56bfc062723c751e8b465ee728b) (PreviewImporter) -> (artifact id: '13870fbded1814db237bac1f94bc5db7') in 0.0075747 seconds
Number of updated asset objects reloaded before import = 0Number of asset objects unloaded after import = 3

========================================================================
Received Import Request.
  Time since last request: 0.000032 seconds.
  path: Assets/Textures/Pixel2DCastleTileset/Sprites/Sliced/wood_env_122.asset
  artifactKey: Guid(9fcf303a934ebd64daea5b0782c01d30) Importer(815301076,1909f56bfc062723c751e8b465ee728b)
Start importing Assets/Textures/Pixel2DCastleTileset/Sprites/Sliced/wood_env_122.asset using Guid(9fcf303a934ebd64daea5b0782c01d30) Importer(815301076,1909f56bfc062723c751e8b465ee728b) (PreviewImporter) -> (artifact id: '076b8d340b0e78f26bdcce56284808b6') in 0.0077132 seconds
Number of updated asset objects reloaded before import = 0Number of asset objects unloaded after import = 3

========================================================================
Received Import Request.
  Time since last request: 0.000019 seconds.
  path: Assets/Textures/Pixel2DCastleTileset/Sprites/Sliced/wood_env_124.asset
  artifactKey: Guid(568eba2cfea5a3f4b9952ad0bdec0ffe) Importer(815301076,1909f56bfc062723c751e8b465ee728b)
Start importing Assets/Textures/Pixel2DCastleTileset/Sprites/Sliced/wood_env_124.asset using Guid(568eba2cfea5a3f4b9952ad0bdec0ffe) Importer(815301076,1909f56bfc062723c751e8b465ee728b) (PreviewImporter) -> (artifact id: '820b6fb6fb11ff35c0efdf439517c2e0') in 0.0087438 seconds
Number of updated asset objects reloaded before import = 0Number of asset objects unloaded after import = 3

========================================================================
Received Import Request.
  Time since last request: 0.202612 seconds.
  path: Assets/Textures/Pixel2DCastleTileset/Sprites/Sliced/wood_env_130.asset
  artifactKey: Guid(8c156d6fef048044093a548c4b17760a) Importer(815301076,1909f56bfc062723c751e8b465ee728b)
Start importing Assets/Textures/Pixel2DCastleTileset/Sprites/Sliced/wood_env_130.asset using Guid(8c156d6fef048044093a548c4b17760a) Importer(815301076,1909f56bfc062723c751e8b465ee728b) (PreviewImporter) -> (artifact id: '25dd0aed7927c06afd979116b97a3e82') in 0.0068335 seconds
Number of updated asset objects reloaded before import = 0Number of asset objects unloaded after import = 3

========================================================================
Received Import Request.
  Time since last request: 0.000020 seconds.
  path: Assets/Textures/Pixel2DCastleTileset/Sprites/Sliced/wood_env_133.asset
  artifactKey: Guid(68f667a7ff9f4074aa923d26995f7616) Importer(815301076,1909f56bfc062723c751e8b465ee728b)
Start importing Assets/Textures/Pixel2DCastleTileset/Sprites/Sliced/wood_env_133.asset using Guid(68f667a7ff9f4074aa923d26995f7616) Importer(815301076,1909f56bfc062723c751e8b465ee728b) (PreviewImporter) -> (artifact id: 'a489762cf7d2146bfaabdbfec8dfb4d3') in 0.0064275 seconds
Number of updated asset objects reloaded before import = 0Number of asset objects unloaded after import = 3

========================================================================
Received Import Request.
  Time since last request: 0.000021 seconds.
  path: Assets/Textures/Pixel2DCastleTileset/Sprites/Sliced/wood_env_138.asset
  artifactKey: Guid(b3a39f6f1a10fcd4db005a926234b76f) Importer(815301076,1909f56bfc062723c751e8b465ee728b)
Start importing Assets/Textures/Pixel2DCastleTileset/Sprites/Sliced/wood_env_138.asset using Guid(b3a39f6f1a10fcd4db005a926234b76f) Importer(815301076,1909f56bfc062723c751e8b465ee728b) (PreviewImporter) -> (artifact id: '17b548615a6146a3d7b0134758ea2ad9') in 0.0060747 seconds
Number of updated asset objects reloaded before import = 0Number of asset objects unloaded after import = 3

========================================================================
Received Import Request.
  Time since last request: 0.000017 seconds.
  path: Assets/Textures/Pixel2DCastleTileset/Sprites/Sliced/wood_env_136.asset
  artifactKey: Guid(b2699921bb828ee43bf8534bdd6d496d) Importer(815301076,1909f56bfc062723c751e8b465ee728b)
Start importing Assets/Textures/Pixel2DCastleTileset/Sprites/Sliced/wood_env_136.asset using Guid(b2699921bb828ee43bf8534bdd6d496d) Importer(815301076,1909f56bfc062723c751e8b465ee728b) (PreviewImporter) -> (artifact id: 'db636f863891ad3975af8b6b33ee7c22') in 0.0061048 seconds
Number of updated asset objects reloaded before import = 0Number of asset objects unloaded after import = 3

========================================================================
Received Import Request.
  Time since last request: 0.000023 seconds.
  path: Assets/Textures/Pixel2DCastleTileset/Sprites/Sliced/wood_env_145.asset
  artifactKey: Guid(a62f10ec354131347b46da3e1f44121d) Importer(815301076,1909f56bfc062723c751e8b465ee728b)
Start importing Assets/Textures/Pixel2DCastleTileset/Sprites/Sliced/wood_env_145.asset using Guid(a62f10ec354131347b46da3e1f44121d) Importer(815301076,1909f56bfc062723c751e8b465ee728b) (PreviewImporter) -> (artifact id: '2b81d2d4e3db1a023c3e5b32dc8da15c') in 0.0077224 seconds
Number of updated asset objects reloaded before import = 0Number of asset objects unloaded after import = 3

========================================================================
Received Import Request.
  Time since last request: 0.000031 seconds.
  path: Assets/Textures/Pixel2DCastleTileset/Sprites/Sliced/wood_env_152.asset
  artifactKey: Guid(d9be66d9d7049a348a4a79e110c22761) Importer(815301076,1909f56bfc062723c751e8b465ee728b)
Start importing Assets/Textures/Pixel2DCastleTileset/Sprites/Sliced/wood_env_152.asset using Guid(d9be66d9d7049a348a4a79e110c22761) Importer(815301076,1909f56bfc062723c751e8b465ee728b) (PreviewImporter) -> (artifact id: 'd8cdf91ba4acc389261dbb71dbc2b154') in 0.0079415 seconds
Number of updated asset objects reloaded before import = 0Number of asset objects unloaded after import = 3

========================================================================
Received Import Request.
  Time since last request: 0.000027 seconds.
  path: Assets/Textures/Pixel2DCastleTileset/Sprites/Sliced/wood_env_146.asset
  artifactKey: Guid(a4c298732147a2e4c9e28acea089e2d9) Importer(815301076,1909f56bfc062723c751e8b465ee728b)
Start importing Assets/Textures/Pixel2DCastleTileset/Sprites/Sliced/wood_env_146.asset using Guid(a4c298732147a2e4c9e28acea089e2d9) Importer(815301076,1909f56bfc062723c751e8b465ee728b) (PreviewImporter) -> (artifact id: '149a62973154c13375d405ec64b1be29') in 0.0080414 seconds
Number of updated asset objects reloaded before import = 0Number of asset objects unloaded after import = 3

========================================================================
Received Import Request.
  Time since last request: 0.000019 seconds.
  path: Assets/Textures/Pixel2DCastleTileset/Sprites/Sliced/wood_env_147.asset
  artifactKey: Guid(be9ceea5f449e3743ad6ff2ae7bfcfba) Importer(815301076,1909f56bfc062723c751e8b465ee728b)
Start importing Assets/Textures/Pixel2DCastleTileset/Sprites/Sliced/wood_env_147.asset using Guid(be9ceea5f449e3743ad6ff2ae7bfcfba) Importer(815301076,1909f56bfc062723c751e8b465ee728b) (PreviewImporter) -> (artifact id: 'd3d8fed51d7a1d000e4e3ca6a8cace2d') in 0.006431 seconds
Number of updated asset objects reloaded before import = 0Number of asset objects unloaded after import = 3

========================================================================
Received Import Request.
  Time since last request: 0.000026 seconds.
  path: Assets/Textures/Pixel2DCastleTileset/Sprites/Sliced/wood_env_162.asset
  artifactKey: Guid(6f3c34abc83cf8d409252a101fa8aa1f) Importer(815301076,1909f56bfc062723c751e8b465ee728b)
Start importing Assets/Textures/Pixel2DCastleTileset/Sprites/Sliced/wood_env_162.asset using Guid(6f3c34abc83cf8d409252a101fa8aa1f) Importer(815301076,1909f56bfc062723c751e8b465ee728b) (PreviewImporter) -> (artifact id: 'b792e7448a98677ea44718db05354fac') in 0.0087177 seconds
Number of updated asset objects reloaded before import = 0Number of asset objects unloaded after import = 3

========================================================================
Received Import Request.
  Time since last request: 0.000028 seconds.
  path: Assets/Textures/Pixel2DCastleTileset/Sprites/Sliced/wood_env_154.asset
  artifactKey: Guid(b6bd1d4402941d54182f8ba136ef3a1a) Importer(815301076,1909f56bfc062723c751e8b465ee728b)
Start importing Assets/Textures/Pixel2DCastleTileset/Sprites/Sliced/wood_env_154.asset using Guid(b6bd1d4402941d54182f8ba136ef3a1a) Importer(815301076,1909f56bfc062723c751e8b465ee728b) (PreviewImporter) -> (artifact id: '69341e7d93dbc1bdabdf4c1c7e685895') in 0.0079204 seconds
Number of updated asset objects reloaded before import = 0Number of asset objects unloaded after import = 3

========================================================================
Received Import Request.
  Time since last request: 0.000025 seconds.
  path: Assets/Textures/Pixel2DCastleTileset/Sprites/Sliced/wood_env_159.asset
  artifactKey: Guid(c41823ca321329e4b9b836fadfd9da0e) Importer(815301076,1909f56bfc062723c751e8b465ee728b)
Start importing Assets/Textures/Pixel2DCastleTileset/Sprites/Sliced/wood_env_159.asset using Guid(c41823ca321329e4b9b836fadfd9da0e) Importer(815301076,1909f56bfc062723c751e8b465ee728b) (PreviewImporter) -> (artifact id: 'adbabf884e662c9323fab0deb39c44b7') in 0.006982 seconds
Number of updated asset objects reloaded before import = 0Number of asset objects unloaded after import = 3

========================================================================
Received Import Request.
  Time since last request: 0.000019 seconds.
  path: Assets/Textures/Pixel2DCastleTileset/Sprites/Sliced/wood_env_151.asset
  artifactKey: Guid(3d1f51a3067a4e14c8ae62384cddd0fe) Importer(815301076,1909f56bfc062723c751e8b465ee728b)
Start importing Assets/Textures/Pixel2DCastleTileset/Sprites/Sliced/wood_env_151.asset using Guid(3d1f51a3067a4e14c8ae62384cddd0fe) Importer(815301076,1909f56bfc062723c751e8b465ee728b) (PreviewImporter) -> (artifact id: '6a3640c3fb3ef7df7b6e75a74deefa9d') in 0.0082535 seconds
Number of updated asset objects reloaded before import = 0Number of asset objects unloaded after import = 3

========================================================================
Received Import Request.
  Time since last request: 0.000033 seconds.
  path: Assets/Textures/Pixel2DCastleTileset/Sprites/Sliced/wood_env_153.asset
  artifactKey: Guid(a53069372dbd206468865e66a188e1c0) Importer(815301076,1909f56bfc062723c751e8b465ee728b)
Start importing Assets/Textures/Pixel2DCastleTileset/Sprites/Sliced/wood_env_153.asset using Guid(a53069372dbd206468865e66a188e1c0) Importer(815301076,1909f56bfc062723c751e8b465ee728b) (PreviewImporter) -> (artifact id: '509679918461637a0ec1eabcd5b18d7c') in 0.0077928 seconds
Number of updated asset objects reloaded before import = 0Number of asset objects unloaded after import = 3

========================================================================
Received Import Request.
  Time since last request: 0.000041 seconds.
  path: Assets/Textures/Pixel2DCastleTileset/Sprites/Sliced/wood_env_143.asset
  artifactKey: Guid(6774e0a5314f28540b2b56f60a0fd371) Importer(815301076,1909f56bfc062723c751e8b465ee728b)
Start importing Assets/Textures/Pixel2DCastleTileset/Sprites/Sliced/wood_env_143.asset using Guid(6774e0a5314f28540b2b56f60a0fd371) Importer(815301076,1909f56bfc062723c751e8b465ee728b) (PreviewImporter) -> (artifact id: '111bc21dbf5c31c144e3c7a3a05628f5') in 0.0098175 seconds
Number of updated asset objects reloaded before import = 0Number of asset objects unloaded after import = 3

========================================================================
Received Import Request.
  Time since last request: 0.000023 seconds.
  path: Assets/Textures/Pixel2DCastleTileset/Sprites/Sliced/wood_env_163.asset
  artifactKey: Guid(2cbb53c3cba25e14ba15639dc022b86d) Importer(815301076,1909f56bfc062723c751e8b465ee728b)
Start importing Assets/Textures/Pixel2DCastleTileset/Sprites/Sliced/wood_env_163.asset using Guid(2cbb53c3cba25e14ba15639dc022b86d) Importer(815301076,1909f56bfc062723c751e8b465ee728b) (PreviewImporter) -> (artifact id: '2e881015735c8c5bb639dd6b9586d4f1') in 0.0078275 seconds
Number of updated asset objects reloaded before import = 0Number of asset objects unloaded after import = 3

========================================================================
Received Import Request.
  Time since last request: 0.000022 seconds.
  path: Assets/Textures/Pixel2DCastleTileset/Sprites/Sliced/wood_env_157.asset
  artifactKey: Guid(6e2e4f2aa21cb1a4bb293931b3a6d005) Importer(815301076,1909f56bfc062723c751e8b465ee728b)
Start importing Assets/Textures/Pixel2DCastleTileset/Sprites/Sliced/wood_env_157.asset using Guid(6e2e4f2aa21cb1a4bb293931b3a6d005) Importer(815301076,1909f56bfc062723c751e8b465ee728b) (PreviewImporter) -> (artifact id: 'f7a4f0a5b9db3eb6c80cdd2c8c54705d') in 0.0072932 seconds
Number of updated asset objects reloaded before import = 0Number of asset objects unloaded after import = 3

========================================================================
Received Import Request.
  Time since last request: 0.000026 seconds.
  path: Assets/Textures/Pixel2DCastleTileset/Sprites/Sliced/wood_env_164.asset
  artifactKey: Guid(bab560c27bb5f28498159c48ed924af3) Importer(815301076,1909f56bfc062723c751e8b465ee728b)
Start importing Assets/Textures/Pixel2DCastleTileset/Sprites/Sliced/wood_env_164.asset using Guid(bab560c27bb5f28498159c48ed924af3) Importer(815301076,1909f56bfc062723c751e8b465ee728b) (PreviewImporter) -> (artifact id: 'de201fb1a34cdaad650e703b91c5a3e1') in 0.0067581 seconds
Number of updated asset objects reloaded before import = 0Number of asset objects unloaded after import = 3

========================================================================
Received Import Request.
  Time since last request: 0.000026 seconds.
  path: Assets/Textures/Pixel2DCastleTileset/Sprites/Sliced/wood_env_140.asset
  artifactKey: Guid(da791f1aa153c5b40a23d31f61752377) Importer(815301076,1909f56bfc062723c751e8b465ee728b)
Start importing Assets/Textures/Pixel2DCastleTileset/Sprites/Sliced/wood_env_140.asset using Guid(da791f1aa153c5b40a23d31f61752377) Importer(815301076,1909f56bfc062723c751e8b465ee728b) (PreviewImporter) -> (artifact id: 'ab487891cad087bcf779baa37cc56abf') in 0.0059589 seconds
Number of updated asset objects reloaded before import = 0Number of asset objects unloaded after import = 3

========================================================================
Received Import Request.
  Time since last request: 0.155102 seconds.
  path: Assets/Textures/Pixel2DCastleTileset/Sprites/Sliced/wood_env_166.asset
  artifactKey: Guid(41377ebe94f943d4eaf363e72b82ad71) Importer(815301076,1909f56bfc062723c751e8b465ee728b)
Start importing Assets/Textures/Pixel2DCastleTileset/Sprites/Sliced/wood_env_166.asset using Guid(41377ebe94f943d4eaf363e72b82ad71) Importer(815301076,1909f56bfc062723c751e8b465ee728b) (PreviewImporter) -> (artifact id: '133c8fc08031fe04715dfcae931df5e1') in 0.0076078 seconds
Number of updated asset objects reloaded before import = 0Number of asset objects unloaded after import = 3

========================================================================
Received Import Request.
  Time since last request: 0.000025 seconds.
  path: Assets/Textures/Pixel2DCastleTileset/Sprites/Sliced/wood_env_171.asset
  artifactKey: Guid(cfdd2b09afb15164aa79b1ff5b0ccd83) Importer(815301076,1909f56bfc062723c751e8b465ee728b)
Start importing Assets/Textures/Pixel2DCastleTileset/Sprites/Sliced/wood_env_171.asset using Guid(cfdd2b09afb15164aa79b1ff5b0ccd83) Importer(815301076,1909f56bfc062723c751e8b465ee728b) (PreviewImporter) -> (artifact id: 'bafc1a8fcec01c55f703edd56db0dddc') in 0.0064448 seconds
Number of updated asset objects reloaded before import = 0Number of asset objects unloaded after import = 3

========================================================================
Received Import Request.
  Time since last request: 0.000019 seconds.
  path: Assets/Textures/Pixel2DCastleTileset/Sprites/Sliced/wood_env_175.asset
  artifactKey: Guid(8c4725512216fb24a89539066fc31a13) Importer(815301076,1909f56bfc062723c751e8b465ee728b)
Start importing Assets/Textures/Pixel2DCastleTileset/Sprites/Sliced/wood_env_175.asset using Guid(8c4725512216fb24a89539066fc31a13) Importer(815301076,1909f56bfc062723c751e8b465ee728b) (PreviewImporter) -> (artifact id: '12aaaee160e202b27d979136993c5023') in 0.0076583 seconds
Number of updated asset objects reloaded before import = 0Number of asset objects unloaded after import = 3

========================================================================
Received Import Request.
  Time since last request: 0.000025 seconds.
  path: Assets/Textures/Pixel2DCastleTileset/Sprites/Sliced/wood_env_176.asset
  artifactKey: Guid(cb4d5fe1d9d132a4ea93fedf3e04c80c) Importer(815301076,1909f56bfc062723c751e8b465ee728b)
Start importing Assets/Textures/Pixel2DCastleTileset/Sprites/Sliced/wood_env_176.asset using Guid(cb4d5fe1d9d132a4ea93fedf3e04c80c) Importer(815301076,1909f56bfc062723c751e8b465ee728b) (PreviewImporter) -> (artifact id: '2fed67322201d2f6e00956f87c2cf57e') in 0.0087946 seconds
Number of updated asset objects reloaded before import = 0Number of asset objects unloaded after import = 3

========================================================================
Received Import Request.
  Time since last request: 0.000028 seconds.
  path: Assets/Textures/Pixel2DCastleTileset/Sprites/Sliced/wood_env_177.asset
  artifactKey: Guid(2df46027c85f97d4197257b441f9dffc) Importer(815301076,1909f56bfc062723c751e8b465ee728b)
Start importing Assets/Textures/Pixel2DCastleTileset/Sprites/Sliced/wood_env_177.asset using Guid(2df46027c85f97d4197257b441f9dffc) Importer(815301076,1909f56bfc062723c751e8b465ee728b) (PreviewImporter) -> (artifact id: 'd79dcdc10098dbecdba190c90f359732') in 0.0070956 seconds
Number of updated asset objects reloaded before import = 0Number of asset objects unloaded after import = 3

========================================================================
Received Import Request.
  Time since last request: 0.000094 seconds.
  path: Assets/Textures/Pixel2DCastleTileset/Sprites/Sliced/wood_env_169.asset
  artifactKey: Guid(ba8af7a334a1393418a0ed093fa345df) Importer(815301076,1909f56bfc062723c751e8b465ee728b)
Start importing Assets/Textures/Pixel2DCastleTileset/Sprites/Sliced/wood_env_169.asset using Guid(ba8af7a334a1393418a0ed093fa345df) Importer(815301076,1909f56bfc062723c751e8b465ee728b) (PreviewImporter) -> (artifact id: '455cb5add26abe8522c98360b5a02898') in 0.007115 seconds
Number of updated asset objects reloaded before import = 0Number of asset objects unloaded after import = 3

========================================================================
Received Import Request.
  Time since last request: 0.002809 seconds.
  path: Assets/Textures/Pixel2DCastleTileset/Sprites/Sliced/wood_env_178.asset
  artifactKey: Guid(41b35e576f557e040ab7970740e93935) Importer(815301076,1909f56bfc062723c751e8b465ee728b)
Start importing Assets/Textures/Pixel2DCastleTileset/Sprites/Sliced/wood_env_178.asset using Guid(41b35e576f557e040ab7970740e93935) Importer(815301076,1909f56bfc062723c751e8b465ee728b) (PreviewImporter) -> (artifact id: '13ea5dadebfbfad2fc05743e592dc4d2') in 0.0068619 seconds
Number of updated asset objects reloaded before import = 0Number of asset objects unloaded after import = 3

========================================================================
Received Import Request.
  Time since last request: 0.000020 seconds.
  path: Assets/Textures/Pixel2DCastleTileset/Sprites/Sliced/wood_env_184.asset
  artifactKey: Guid(de6c8201ce916284c9a97d54b585421a) Importer(815301076,1909f56bfc062723c751e8b465ee728b)
Start importing Assets/Textures/Pixel2DCastleTileset/Sprites/Sliced/wood_env_184.asset using Guid(de6c8201ce916284c9a97d54b585421a) Importer(815301076,1909f56bfc062723c751e8b465ee728b) (PreviewImporter) -> (artifact id: 'a752dc17bd3127ecfe9881cc6d8e8f4b') in 0.0080792 seconds
Number of updated asset objects reloaded before import = 0Number of asset objects unloaded after import = 3

========================================================================
Received Import Request.
  Time since last request: 0.000029 seconds.
  path: Assets/Textures/Pixel2DCastleTileset/Sprites/Sliced/wood_env_200.asset
  artifactKey: Guid(aa8b8ef1b33916c4ba3fc2be9b89fc57) Importer(815301076,1909f56bfc062723c751e8b465ee728b)
Start importing Assets/Textures/Pixel2DCastleTileset/Sprites/Sliced/wood_env_200.asset using Guid(aa8b8ef1b33916c4ba3fc2be9b89fc57) Importer(815301076,1909f56bfc062723c751e8b465ee728b) (PreviewImporter) -> (artifact id: '20bc2609694806b1d081dee78c2c446e') in 0.0083419 seconds
Number of updated asset objects reloaded before import = 0Number of asset objects unloaded after import = 3

========================================================================
Received Import Request.
  Time since last request: 0.000055 seconds.
  path: Assets/Textures/Pixel2DCastleTileset/Sprites/Sliced/wood_env_186.asset
  artifactKey: Guid(f0fdfe5e91c66824bb7b76da28e439e5) Importer(815301076,1909f56bfc062723c751e8b465ee728b)
Start importing Assets/Textures/Pixel2DCastleTileset/Sprites/Sliced/wood_env_186.asset using Guid(f0fdfe5e91c66824bb7b76da28e439e5) Importer(815301076,1909f56bfc062723c751e8b465ee728b) (PreviewImporter) -> (artifact id: 'fa9d68fe34bfc6d2a71eeb1679c54a11') in 0.0091913 seconds
Number of updated asset objects reloaded before import = 0Number of asset objects unloaded after import = 3

========================================================================
Received Import Request.
  Time since last request: 0.000019 seconds.
  path: Assets/Textures/Pixel2DCastleTileset/Sprites/Sliced/wood_env_201.asset
  artifactKey: Guid(28c38390f87895740855a8481a0bd4ca) Importer(815301076,1909f56bfc062723c751e8b465ee728b)
Start importing Assets/Textures/Pixel2DCastleTileset/Sprites/Sliced/wood_env_201.asset using Guid(28c38390f87895740855a8481a0bd4ca) Importer(815301076,1909f56bfc062723c751e8b465ee728b) (PreviewImporter) -> (artifact id: '4fc8844c5aa1dea55df4dd0d6207f68a') in 0.0070122 seconds
Number of updated asset objects reloaded before import = 0Number of asset objects unloaded after import = 3

========================================================================
Received Import Request.
  Time since last request: 0.000023 seconds.
  path: Assets/Textures/Pixel2DCastleTileset/Sprites/Sliced/wood_env_191.asset
  artifactKey: Guid(16381720b01551349bf424477ead8887) Importer(815301076,1909f56bfc062723c751e8b465ee728b)
Start importing Assets/Textures/Pixel2DCastleTileset/Sprites/Sliced/wood_env_191.asset using Guid(16381720b01551349bf424477ead8887) Importer(815301076,1909f56bfc062723c751e8b465ee728b) (PreviewImporter) -> (artifact id: 'c3b71c790e1df65fc429f34a781adbf7') in 0.0072373 seconds
Number of updated asset objects reloaded before import = 0Number of asset objects unloaded after import = 3

========================================================================
Received Import Request.
  Time since last request: 0.000018 seconds.
  path: Assets/Textures/Pixel2DCastleTileset/Sprites/Sliced/wood_env_197.asset
  artifactKey: Guid(ce481eb226c8fa748aaca226009a4a08) Importer(815301076,1909f56bfc062723c751e8b465ee728b)
Start importing Assets/Textures/Pixel2DCastleTileset/Sprites/Sliced/wood_env_197.asset using Guid(ce481eb226c8fa748aaca226009a4a08) Importer(815301076,1909f56bfc062723c751e8b465ee728b) (PreviewImporter) -> (artifact id: 'b32905c79052f843e3daa824370efa80') in 0.0074896 seconds
Number of updated asset objects reloaded before import = 0Number of asset objects unloaded after import = 3

========================================================================
Received Import Request.
  Time since last request: 0.000022 seconds.
  path: Assets/Textures/Pixel2DCastleTileset/Sprites/Sliced/wood_env_181.asset
  artifactKey: Guid(9b1b2b260fba79643bb80f8b91a3cd57) Importer(815301076,1909f56bfc062723c751e8b465ee728b)
Start importing Assets/Textures/Pixel2DCastleTileset/Sprites/Sliced/wood_env_181.asset using Guid(9b1b2b260fba79643bb80f8b91a3cd57) Importer(815301076,1909f56bfc062723c751e8b465ee728b) (PreviewImporter) -> (artifact id: '5993a07eed5ef6d1475c507e5a449f68') in 0.0063584 seconds
Number of updated asset objects reloaded before import = 0Number of asset objects unloaded after import = 3

========================================================================
Received Import Request.
  Time since last request: 0.000018 seconds.
  path: Assets/Textures/Pixel2DCastleTileset/Sprites/Sliced/wood_env_187.asset
  artifactKey: Guid(34e78fea1e52e90459ea0731279308ed) Importer(815301076,1909f56bfc062723c751e8b465ee728b)
Start importing Assets/Textures/Pixel2DCastleTileset/Sprites/Sliced/wood_env_187.asset using Guid(34e78fea1e52e90459ea0731279308ed) Importer(815301076,1909f56bfc062723c751e8b465ee728b) (PreviewImporter) -> (artifact id: 'a928e07e0a238ea77591b053401acb8f') in 0.0076372 seconds
Number of updated asset objects reloaded before import = 0Number of asset objects unloaded after import = 3

========================================================================
Received Import Request.
  Time since last request: 0.000026 seconds.
  path: Assets/Textures/Pixel2DCastleTileset/Sprites/Sliced/wood_env_189.asset
  artifactKey: Guid(490267d90353bd64db16d33c44918799) Importer(815301076,1909f56bfc062723c751e8b465ee728b)
Start importing Assets/Textures/Pixel2DCastleTileset/Sprites/Sliced/wood_env_189.asset using Guid(490267d90353bd64db16d33c44918799) Importer(815301076,1909f56bfc062723c751e8b465ee728b) (PreviewImporter) -> (artifact id: '0e638da8e059aa02f6f6b94e98bca499') in 0.0068986 seconds
Number of updated asset objects reloaded before import = 0Number of asset objects unloaded after import = 3

========================================================================
Received Import Request.
  Time since last request: 0.000030 seconds.
  path: Assets/Textures/Pixel2DCastleTileset/Sprites/Sliced/wood_env_199.asset
  artifactKey: Guid(a3f16ad96afdc494797d280ff30de5d6) Importer(815301076,1909f56bfc062723c751e8b465ee728b)
Start importing Assets/Textures/Pixel2DCastleTileset/Sprites/Sliced/wood_env_199.asset using Guid(a3f16ad96afdc494797d280ff30de5d6) Importer(815301076,1909f56bfc062723c751e8b465ee728b) (PreviewImporter) -> (artifact id: '0748d4db7f736e0a9193c8672aa0a506') in 0.0070223 seconds
Number of updated asset objects reloaded before import = 0Number of asset objects unloaded after import = 3

========================================================================
Received Import Request.
  Time since last request: 0.000021 seconds.
  path: Assets/Textures/Pixel2DCastleTileset/Sprites/Sliced/wood_env_182.asset
  artifactKey: Guid(269bfb175b97b074299fdb1692fd110f) Importer(815301076,1909f56bfc062723c751e8b465ee728b)
Start importing Assets/Textures/Pixel2DCastleTileset/Sprites/Sliced/wood_env_182.asset using Guid(269bfb175b97b074299fdb1692fd110f) Importer(815301076,1909f56bfc062723c751e8b465ee728b) (PreviewImporter) -> (artifact id: '1afbb72d64080108e9991b6858144a93') in 0.0068767 seconds
Number of updated asset objects reloaded before import = 0Number of asset objects unloaded after import = 3

========================================================================
Received Import Request.
  Time since last request: 0.237350 seconds.
  path: Assets/Textures/Pixel2DCastleTileset/Sprites/Sliced/wood_env_202.asset
  artifactKey: Guid(f63608863213ae646b780a771e175d95) Importer(815301076,1909f56bfc062723c751e8b465ee728b)
Start importing Assets/Textures/Pixel2DCastleTileset/Sprites/Sliced/wood_env_202.asset using Guid(f63608863213ae646b780a771e175d95) Importer(815301076,1909f56bfc062723c751e8b465ee728b) (PreviewImporter) -> (artifact id: '9a71331199d74bd88b79b74498ad47bd') in 0.0112588 seconds
Number of updated asset objects reloaded before import = 0Number of asset objects unloaded after import = 3

Editor requested this worker to shutdown with reason: Scaling down because of idle timeout
AssetImportWorker is now disconnected from the server
Process exiting
Exiting without the bug reporter. Application will terminate with return code 0