Using pre-set license
Built from '2023.2/staging' branch; Version is '2023.2.16f1 (7f45223012db) revision 8340770'; Using compiler version '193431935'; Build Type 'Release'
OS: 'Windows 10  (10.0.19045) 64bit Professional' Language: 'ru' Physical Memory: 15775 MB
BatchMode: 1, IsHumanControllingUs: 0, StartBugReporterOnCrash: 0, Is64bit: 1, IsPro: 1

COMMAND LINE ARGUMENTS:
C:\Оперативная\Unity\2023.2.16f1\Editor\Unity.exe
-adb2
-batchMode
-noUpm
-name
AssetImportWorker23
-projectPath
C:/Users/MIKU/My project/first-CS-Game/Slavic egg clamp
-logFile
Logs/AssetImportWorker23.log
-srvPort
4173
-job-worker-count
7
-background-job-worker-count
8
-asset-garbage-collectors
1
Successfully changed project path to: C:/Users/MIKU/My project/first-CS-Game/Slavic egg clamp
C:/Users/MIKU/My project/first-CS-Game/Slavic egg clamp
[UnityMemory] Configuration Parameters - Can be set up in boot.config
    "memorysetup-bucket-allocator-granularity=16"
    "memorysetup-bucket-allocator-bucket-count=8"
    "memorysetup-bucket-allocator-block-size=33554432"
    "memorysetup-bucket-allocator-block-count=8"
    "memorysetup-main-allocator-block-size=16777216"
    "memorysetup-thread-allocator-block-size=16777216"
    "memorysetup-gfx-main-allocator-block-size=16777216"
    "memorysetup-gfx-thread-allocator-block-size=16777216"
    "memorysetup-cache-allocator-block-size=4194304"
    "memorysetup-typetree-allocator-block-size=2097152"
    "memorysetup-profiler-bucket-allocator-granularity=16"
    "memorysetup-profiler-bucket-allocator-bucket-count=8"
    "memorysetup-profiler-bucket-allocator-block-size=33554432"
    "memorysetup-profiler-bucket-allocator-block-count=8"
    "memorysetup-profiler-allocator-block-size=16777216"
    "memorysetup-profiler-editor-allocator-block-size=1048576"
    "memorysetup-temp-allocator-size-main=16777216"
    "memorysetup-job-temp-allocator-block-size=2097152"
    "memorysetup-job-temp-allocator-block-size-background=1048576"
    "memorysetup-job-temp-allocator-reduction-small-platforms=262144"
    "memorysetup-allocator-temp-initial-block-size-main=262144"
    "memorysetup-allocator-temp-initial-block-size-worker=262144"
    "memorysetup-temp-allocator-size-background-worker=32768"
    "memorysetup-temp-allocator-size-job-worker=262144"
    "memorysetup-temp-allocator-size-preload-manager=33554432"
    "memorysetup-temp-allocator-size-nav-mesh-worker=65536"
    "memorysetup-temp-allocator-size-audio-worker=65536"
    "memorysetup-temp-allocator-size-cloud-worker=32768"
    "memorysetup-temp-allocator-size-gi-baking-worker=262144"
    "memorysetup-temp-allocator-size-gi-baking-worker=262144"
    "memorysetup-temp-allocator-size-gi-baking-worker=262144"
    "memorysetup-temp-allocator-size-gi-baking-worker=262144"
    "memorysetup-temp-allocator-size-gfx=262144"
Player connection [27540] Host "[IP] 192.168.56.1 [Port] 0 [Flags] 2 [Guid] 959915233 [EditorId] 959915233 [Version] 1048832 [Id] WindowsEditor(7,DESKTOP-JC97NB1) [Debug] 1 [PackageName] WindowsEditor [ProjectName] Editor" joined multi-casting on [225.0.0.222:54997]...
Player connection [27540] Host "[IP] 192.168.56.1 [Port] 0 [Flags] 2 [Guid] 959915233 [EditorId] 959915233 [Version] 1048832 [Id] WindowsEditor(7,DESKTOP-JC97NB1) [Debug] 1 [PackageName] WindowsEditor [ProjectName] Editor" joined alternative multi-casting on [225.0.0.222:34997]...
JobSystem: Creating JobQueue using job-worker-count value 7
[Physics::Module] Initialized MultithreadedJobDispatcher with 7 workers.
Library Redirect Path: Library/
Refreshing native plugins compatible for Editor in 2.89 ms, found 4 plugins.
Preloading 0 native plugins for Editor in 0.00 ms.
Initialize engine version: 2023.2.16f1 (7f45223012db)
[Subsystems] Discovering subsystems at path C:/Оперативная/Unity/2023.2.16f1/Editor/Data/Resources/UnitySubsystems
[Subsystems] Discovering subsystems at path C:/Users/MIKU/My project/first-CS-Game/Slavic egg clamp/Assets
GfxDevice: creating device client; kGfxThreadingModeNonThreaded
Direct3D:
    Version:  Direct3D 11.0 [level 11.1]
    Renderer: NVIDIA GeForce RTX 3050 Laptop GPU (ID=0x25a2)
    Vendor:   NVIDIA
    VRAM:     3977 MB
    Driver:   31.0.15.4633
Initialize mono
Mono path[0] = 'C:/Оперативная/Unity/2023.2.16f1/Editor/Data/Managed'
Mono path[1] = 'C:/Оперативная/Unity/2023.2.16f1/Editor/Data/MonoBleedingEdge/lib/mono/unityjit-win32'
Mono config path = 'C:/Оперативная/Unity/2023.2.16f1/Editor/Data/MonoBleedingEdge/etc'
Using monoOptions --debugger-agent=transport=dt_socket,embedding=1,server=y,suspend=n,address=127.0.0.1:56244
Begin MonoManager ReloadAssembly
C:\build\output\Unity-Technologies\mono\mono\metadata\icall.c:1842:
C:\build\output\Unity-Technologies\mono\mono\metadata\icall.c:1842:
C:\build\output\Unity-Technologies\mono\mono\metadata\icall.c:1842:
C:\build\output\Unity-Technologies\mono\mono\metadata\icall.c:1842:
C:\build\output\Unity-Technologies\mono\mono\metadata\icall.c:1842:
C:\build\output\Unity-Technologies\mono\mono\metadata\icall.c:1842:
C:\build\output\Unity-Technologies\mono\mono\metadata\icall.c:1842:
C:\build\output\Unity-Technologies\mono\mono\metadata\icall.c:1842:
C:\build\output\Unity-Technologies\mono\mono\metadata\icall.c:1842:
C:\build\output\Unity-Technologies\mono\mono\metadata\icall.c:1842:
Registering precompiled unity dll's ...
Register platform support module: C:/Оперативная/Unity/2023.2.16f1/Editor/Data/PlaybackEngines/WindowsStandaloneSupport/UnityEditor.WindowsStandalone.Extensions.dll
Register platform support module: C:/Оперативная/Unity/2023.2.16f1/Editor/Data/PlaybackEngines/MetroSupport/UnityEditor.UWP.Extensions.dll
Registered in 0.004661 seconds.
- Loaded All Assemblies, in  0.382 seconds
Native extension for UWP target not found
Native extension for WindowsStandalone target not found
Mono: successfully reloaded assembly
C:\build\output\Unity-Technologies\mono\mono\metadata\icall.c:1842:
C:\build\output\Unity-Technologies\mono\mono\metadata\icall.c:1842:
- Finished resetting the current domain, in  0.305 seconds
Domain Reload Profiling: 684ms
	BeginReloadAssembly (128ms)
		ExecutionOrderSort (0ms)
		DisableScriptedObjects (0ms)
		BackupInstance (0ms)
		ReleaseScriptingObjects (0ms)
		CreateAndSetChildDomain (1ms)
	RebuildCommonClasses (34ms)
	RebuildNativeTypeToScriptingClass (11ms)
	initialDomainReloadingComplete (52ms)
	LoadAllAssembliesAndSetupDomain (154ms)
		LoadAssemblies (125ms)
		RebuildTransferFunctionScriptingTraits (0ms)
		AnalyzeDomain (151ms)
			TypeCache.Refresh (150ms)
				TypeCache.ScanAssembly (138ms)
			BuildScriptInfoCaches (0ms)
			ResolveRequiredComponents (0ms)
	FinalizeReload (305ms)
		ReleaseScriptCaches (0ms)
		RebuildScriptCaches (0ms)
		SetupLoadedEditorAssemblies (254ms)
			LogAssemblyErrors (0ms)
			InitializePlatformSupportModulesInManaged (46ms)
			SetLoadedEditorAssemblies (4ms)
			BeforeProcessingInitializeOnLoad (5ms)
			ProcessInitializeOnLoadAttributes (160ms)
			ProcessInitializeOnLoadMethodAttributes (40ms)
			AfterProcessingInitializeOnLoad (0ms)
			EditorAssembliesLoaded (0ms)
		ExecutionOrderSort2 (0ms)
		AwakeInstancesAfterBackupRestoration (0ms)
========================================================================
Worker process is ready to serve import requests
Import Worker Mode flag is 0x00
Begin MonoManager ReloadAssembly
C:\build\output\Unity-Technologies\mono\mono\metadata\icall.c:1842:
C:\build\output\Unity-Technologies\mono\mono\metadata\icall.c:1842:
C:\build\output\Unity-Technologies\mono\mono\metadata\icall.c:1842:
C:\build\output\Unity-Technologies\mono\mono\metadata\icall.c:1842:
C:\build\output\Unity-Technologies\mono\mono\metadata\icall.c:1842:
C:\build\output\Unity-Technologies\mono\mono\metadata\icall.c:1842:
C:\build\output\Unity-Technologies\mono\mono\metadata\icall.c:1842:
C:\build\output\Unity-Technologies\mono\mono\metadata\icall.c:1842:
C:\build\output\Unity-Technologies\mono\mono\metadata\icall.c:1842:
C:\build\output\Unity-Technologies\mono\mono\metadata\icall.c:1842:
C:\build\output\Unity-Technologies\mono\mono\metadata\icall.c:1842:
C:\build\output\Unity-Technologies\mono\mono\metadata\icall.c:1842:
- Loaded All Assemblies, in  0.825 seconds
Refreshing native plugins compatible for Editor in 1.69 ms, found 4 plugins.
Native extension for UWP target not found
Native extension for WindowsStandalone target not found
Refreshing native plugins compatible for Editor in 1.71 ms, found 4 plugins.
Mono: successfully reloaded assembly
- Finished resetting the current domain, in  0.654 seconds
Domain Reload Profiling: 1473ms
	BeginReloadAssembly (308ms)
		ExecutionOrderSort (0ms)
		DisableScriptedObjects (5ms)
		BackupInstance (0ms)
		ReleaseScriptingObjects (0ms)
		CreateAndSetChildDomain (30ms)
	RebuildCommonClasses (34ms)
	RebuildNativeTypeToScriptingClass (11ms)
	initialDomainReloadingComplete (42ms)
	LoadAllAssembliesAndSetupDomain (424ms)
		LoadAssemblies (350ms)
		RebuildTransferFunctionScriptingTraits (0ms)
		AnalyzeDomain (174ms)
			TypeCache.Refresh (141ms)
				TypeCache.ScanAssembly (127ms)
			BuildScriptInfoCaches (25ms)
			ResolveRequiredComponents (6ms)
	FinalizeReload (654ms)
		ReleaseScriptCaches (0ms)
		RebuildScriptCaches (0ms)
		SetupLoadedEditorAssemblies (484ms)
			LogAssemblyErrors (0ms)
			InitializePlatformSupportModulesInManaged (12ms)
			SetLoadedEditorAssemblies (3ms)
			BeforeProcessingInitializeOnLoad (57ms)
			ProcessInitializeOnLoadAttributes (372ms)
			ProcessInitializeOnLoadMethodAttributes (33ms)
			AfterProcessingInitializeOnLoad (8ms)
			EditorAssembliesLoaded (0ms)
		ExecutionOrderSort2 (0ms)
		AwakeInstancesAfterBackupRestoration (8ms)
Launched and connected shader compiler UnityShaderCompiler.exe after 0.03 seconds
Refreshing native plugins compatible for Editor in 1.61 ms, found 4 plugins.
Preloading 0 native plugins for Editor in 0.00 ms.
Unloading 19 Unused Serialized files (Serialized files now loaded: 0)
Unloading 4864 unused Assets / (1.1 MB). Loaded Objects now: 5442.
Memory consumption went from 128.6 MB to 127.4 MB.
Total: 5.902200 ms (FindLiveObjects: 0.495100 ms CreateObjectMapping: 0.257000 ms MarkObjects: 4.195100 ms  DeleteObjects: 0.952600 ms)

========================================================================
Received Import Request.
  Time since last request: 67892.843373 seconds.
  path: Assets/Textures/FeonY/Animated Pixel-Art Backgrounds/Art/Animations/Pixel-Art Background 1/frame0002.png
  artifactKey: Guid(b868465eb8f42734c85e2aceb73ff94c) Importer(815301076,1909f56bfc062723c751e8b465ee728b)
Start importing Assets/Textures/FeonY/Animated Pixel-Art Backgrounds/Art/Animations/Pixel-Art Background 1/frame0002.png using Guid(b868465eb8f42734c85e2aceb73ff94c) Importer(815301076,1909f56bfc062723c751e8b465ee728b) (PreviewImporter) -> (artifact id: 'f48590711b251cce0e173c2c2ed1c12f') in 0.087412 seconds
Number of updated asset objects reloaded before import = 0Number of asset objects unloaded after import = 3

========================================================================
Received Import Request.
  Time since last request: 0.000020 seconds.
  path: Assets/Textures/FeonY/Animated Pixel-Art Backgrounds/Art/Animations/Pixel-Art Background 1/frame0015.png
  artifactKey: Guid(7972ee273bdd12941bd030045b7b7439) Importer(815301076,1909f56bfc062723c751e8b465ee728b)
Start importing Assets/Textures/FeonY/Animated Pixel-Art Backgrounds/Art/Animations/Pixel-Art Background 1/frame0015.png using Guid(7972ee273bdd12941bd030045b7b7439) Importer(815301076,1909f56bfc062723c751e8b465ee728b) (PreviewImporter) -> (artifact id: '065367e246cd5a3f8dcec8d92a84cf59') in 0.0125188 seconds
Number of updated asset objects reloaded before import = 0Number of asset objects unloaded after import = 3

========================================================================
Received Import Request.
  Time since last request: 0.000023 seconds.
  path: Assets/Textures/FeonY/Animated Pixel-Art Backgrounds/Art/Animations/Pixel-Art Background 1/frame0020.png
  artifactKey: Guid(b1a8eb69ee4cb2d43bb68dd68f8e808e) Importer(815301076,1909f56bfc062723c751e8b465ee728b)
Start importing Assets/Textures/FeonY/Animated Pixel-Art Backgrounds/Art/Animations/Pixel-Art Background 1/frame0020.png using Guid(b1a8eb69ee4cb2d43bb68dd68f8e808e) Importer(815301076,1909f56bfc062723c751e8b465ee728b) (PreviewImporter) -> (artifact id: '09664d6c7afba63520608bdc819bacde') in 0.0123766 seconds
Number of updated asset objects reloaded before import = 0Number of asset objects unloaded after import = 3

========================================================================
Received Import Request.
  Time since last request: 0.000034 seconds.
  path: Assets/Textures/FeonY/Animated Pixel-Art Backgrounds/Art/Animations/Pixel-Art Background 1/frame0023.png
  artifactKey: Guid(74a4b2d5684305c4fbef1a238646e858) Importer(815301076,1909f56bfc062723c751e8b465ee728b)
Start importing Assets/Textures/FeonY/Animated Pixel-Art Backgrounds/Art/Animations/Pixel-Art Background 1/frame0023.png using Guid(74a4b2d5684305c4fbef1a238646e858) Importer(815301076,1909f56bfc062723c751e8b465ee728b) (PreviewImporter) -> (artifact id: 'dc34e1a140a1eee46485e4fe177bd76a') in 0.0118558 seconds
Number of updated asset objects reloaded before import = 0Number of asset objects unloaded after import = 3

========================================================================
Received Import Request.
  Time since last request: 0.000018 seconds.
  path: Assets/Textures/FeonY/Animated Pixel-Art Backgrounds/Art/Animations/Pixel-Art Background 1/frame0010.png
  artifactKey: Guid(5fcc59e7b19a619499ae5f77902b83de) Importer(815301076,1909f56bfc062723c751e8b465ee728b)
Start importing Assets/Textures/FeonY/Animated Pixel-Art Backgrounds/Art/Animations/Pixel-Art Background 1/frame0010.png using Guid(5fcc59e7b19a619499ae5f77902b83de) Importer(815301076,1909f56bfc062723c751e8b465ee728b) (PreviewImporter) -> (artifact id: '80907fa3379d53e886a094a8b81632d5') in 0.0125024 seconds
Number of updated asset objects reloaded before import = 0Number of asset objects unloaded after import = 3

========================================================================
Received Import Request.
  Time since last request: 0.000019 seconds.
  path: Assets/Textures/FeonY/Animated Pixel-Art Backgrounds/Art/Animations/Pixel-Art Background 1/frame0013.png
  artifactKey: Guid(9280a9d3bc31b1341a843b328d8972ee) Importer(815301076,1909f56bfc062723c751e8b465ee728b)
Start importing Assets/Textures/FeonY/Animated Pixel-Art Backgrounds/Art/Animations/Pixel-Art Background 1/frame0013.png using Guid(9280a9d3bc31b1341a843b328d8972ee) Importer(815301076,1909f56bfc062723c751e8b465ee728b) (PreviewImporter) -> (artifact id: '53278d0f98a951a47f14809404707933') in 0.0129097 seconds
Number of updated asset objects reloaded before import = 0Number of asset objects unloaded after import = 3

========================================================================
Received Import Request.
  Time since last request: 0.000019 seconds.
  path: Assets/Textures/FeonY/Animated Pixel-Art Backgrounds/Art/Animations/Pixel-Art Background 1/frame0029.png
  artifactKey: Guid(44ea747751d702f4b85c20da683acf25) Importer(815301076,1909f56bfc062723c751e8b465ee728b)
Start importing Assets/Textures/FeonY/Animated Pixel-Art Backgrounds/Art/Animations/Pixel-Art Background 1/frame0029.png using Guid(44ea747751d702f4b85c20da683acf25) Importer(815301076,1909f56bfc062723c751e8b465ee728b) (PreviewImporter) -> (artifact id: '7b4e3b20393c050c32ddd6422e0af64f') in 0.0122024 seconds
Number of updated asset objects reloaded before import = 0Number of asset objects unloaded after import = 3

========================================================================
Received Import Request.
  Time since last request: 0.000019 seconds.
  path: Assets/Textures/FeonY/Animated Pixel-Art Backgrounds/Art/Animations/Pixel-Art Background 1/frame0027.png
  artifactKey: Guid(1d80a8b6af7d76045abe37841e739040) Importer(815301076,1909f56bfc062723c751e8b465ee728b)
Start importing Assets/Textures/FeonY/Animated Pixel-Art Backgrounds/Art/Animations/Pixel-Art Background 1/frame0027.png using Guid(1d80a8b6af7d76045abe37841e739040) Importer(815301076,1909f56bfc062723c751e8b465ee728b) (PreviewImporter) -> (artifact id: 'aa121b1e7ec313bc37cfc9b2c919ad17') in 0.0118705 seconds
Number of updated asset objects reloaded before import = 0Number of asset objects unloaded after import = 3

========================================================================
Received Import Request.
  Time since last request: 0.000016 seconds.
  path: Assets/Textures/FeonY/Animated Pixel-Art Backgrounds/Art/Animations/Pixel-Art Background 1/frame0035.png
  artifactKey: Guid(f9c219b02586f494b9cc6b5f9c6162fa) Importer(815301076,1909f56bfc062723c751e8b465ee728b)
Start importing Assets/Textures/FeonY/Animated Pixel-Art Backgrounds/Art/Animations/Pixel-Art Background 1/frame0035.png using Guid(f9c219b02586f494b9cc6b5f9c6162fa) Importer(815301076,1909f56bfc062723c751e8b465ee728b) (PreviewImporter) -> (artifact id: '9f5ae0b69dc51da89e2ed8d23a51473c') in 0.0119474 seconds
Number of updated asset objects reloaded before import = 0Number of asset objects unloaded after import = 3

========================================================================
Received Import Request.
  Time since last request: 0.000015 seconds.
  path: Assets/Textures/FeonY/Animated Pixel-Art Backgrounds/Art/Animations/Pixel-Art Background 1/frame0039.png
  artifactKey: Guid(fa1da3d56268843498808f41762ebbb7) Importer(815301076,1909f56bfc062723c751e8b465ee728b)
Start importing Assets/Textures/FeonY/Animated Pixel-Art Backgrounds/Art/Animations/Pixel-Art Background 1/frame0039.png using Guid(fa1da3d56268843498808f41762ebbb7) Importer(815301076,1909f56bfc062723c751e8b465ee728b) (PreviewImporter) -> (artifact id: '0c5db260006a64d5fc8db025e4d4c1b6') in 0.011487 seconds
Number of updated asset objects reloaded before import = 0Number of asset objects unloaded after import = 3

========================================================================
Received Import Request.
  Time since last request: 0.000017 seconds.
  path: Assets/Textures/FeonY/Animated Pixel-Art Backgrounds/Art/Animations/Pixel-Art Background 1/frame0040.png
  artifactKey: Guid(d30106a63dbec6745b377962235d43b2) Importer(815301076,1909f56bfc062723c751e8b465ee728b)
Start importing Assets/Textures/FeonY/Animated Pixel-Art Backgrounds/Art/Animations/Pixel-Art Background 1/frame0040.png using Guid(d30106a63dbec6745b377962235d43b2) Importer(815301076,1909f56bfc062723c751e8b465ee728b) (PreviewImporter) -> (artifact id: 'df7332fcc911964fb44fab12c2920ec5') in 0.010727 seconds
Number of updated asset objects reloaded before import = 0Number of asset objects unloaded after import = 3

========================================================================
Received Import Request.
  Time since last request: 0.000018 seconds.
  path: Assets/Textures/FeonY/Animated Pixel-Art Backgrounds/Art/Animations/Pixel-Art Background 1/frame0044.png
  artifactKey: Guid(0332aa99ca170fd4ca245e4b5226131e) Importer(815301076,1909f56bfc062723c751e8b465ee728b)
Start importing Assets/Textures/FeonY/Animated Pixel-Art Backgrounds/Art/Animations/Pixel-Art Background 1/frame0044.png using Guid(0332aa99ca170fd4ca245e4b5226131e) Importer(815301076,1909f56bfc062723c751e8b465ee728b) (PreviewImporter) -> (artifact id: 'b6baa079ac4243c8b0698821d4d4b560') in 0.0113852 seconds
Number of updated asset objects reloaded before import = 0Number of asset objects unloaded after import = 3

========================================================================
Received Import Request.
  Time since last request: 0.000020 seconds.
  path: Assets/Textures/FeonY/Animated Pixel-Art Backgrounds/Art/Animations/Pixel-Art Background 1/frame0046.png
  artifactKey: Guid(36315234b813f5244a8ead3d406d258d) Importer(815301076,1909f56bfc062723c751e8b465ee728b)
Start importing Assets/Textures/FeonY/Animated Pixel-Art Backgrounds/Art/Animations/Pixel-Art Background 1/frame0046.png using Guid(36315234b813f5244a8ead3d406d258d) Importer(815301076,1909f56bfc062723c751e8b465ee728b) (PreviewImporter) -> (artifact id: 'd2461ad210fab9394ce79830b89df46a') in 0.0161199 seconds
Number of updated asset objects reloaded before import = 0Number of asset objects unloaded after import = 3

========================================================================
Received Import Request.
  Time since last request: 0.000031 seconds.
  path: Assets/Textures/FeonY/Animated Pixel-Art Backgrounds/Art/Animations/Pixel-Art Background 1/frame0049.png
  artifactKey: Guid(8f202eb5035b5cf48918f832bd844b05) Importer(815301076,1909f56bfc062723c751e8b465ee728b)
Start importing Assets/Textures/FeonY/Animated Pixel-Art Backgrounds/Art/Animations/Pixel-Art Background 1/frame0049.png using Guid(8f202eb5035b5cf48918f832bd844b05) Importer(815301076,1909f56bfc062723c751e8b465ee728b) (PreviewImporter) -> (artifact id: '363616df57e8aa2f2d819b56c2ec7abf') in 0.0124826 seconds
Number of updated asset objects reloaded before import = 0Number of asset objects unloaded after import = 3

========================================================================
Received Import Request.
  Time since last request: 0.000022 seconds.
  path: Assets/Textures/FeonY/Animated Pixel-Art Backgrounds/Art/Animations/Pixel-Art Background 1/frame0052.png
  artifactKey: Guid(cfaa9fe17d2c4f845985315a0f5c8b4d) Importer(815301076,1909f56bfc062723c751e8b465ee728b)
Start importing Assets/Textures/FeonY/Animated Pixel-Art Backgrounds/Art/Animations/Pixel-Art Background 1/frame0052.png using Guid(cfaa9fe17d2c4f845985315a0f5c8b4d) Importer(815301076,1909f56bfc062723c751e8b465ee728b) (PreviewImporter) -> (artifact id: '0d6a164a63bb87ef766a42d24578263e') in 0.0119609 seconds
Number of updated asset objects reloaded before import = 0Number of asset objects unloaded after import = 3

========================================================================
Received Import Request.
  Time since last request: 0.000015 seconds.
  path: Assets/Textures/FeonY/Animated Pixel-Art Backgrounds/Art/Animations/Pixel-Art Background 1/frame0056.png
  artifactKey: Guid(d6017b682b6fd5645a72c9e1f001f101) Importer(815301076,1909f56bfc062723c751e8b465ee728b)
Start importing Assets/Textures/FeonY/Animated Pixel-Art Backgrounds/Art/Animations/Pixel-Art Background 1/frame0056.png using Guid(d6017b682b6fd5645a72c9e1f001f101) Importer(815301076,1909f56bfc062723c751e8b465ee728b) (PreviewImporter) -> (artifact id: 'd0a25e1180dd630f56d3d42c643c1691') in 0.0114618 seconds
Number of updated asset objects reloaded before import = 0Number of asset objects unloaded after import = 3

========================================================================
Received Import Request.
  Time since last request: 0.000015 seconds.
  path: Assets/Textures/FeonY/Animated Pixel-Art Backgrounds/Art/Animations/Pixel-Art Background 1/frame0058.png
  artifactKey: Guid(74bd0a6f84396fe4e8af89a89b55be81) Importer(815301076,1909f56bfc062723c751e8b465ee728b)
Start importing Assets/Textures/FeonY/Animated Pixel-Art Backgrounds/Art/Animations/Pixel-Art Background 1/frame0058.png using Guid(74bd0a6f84396fe4e8af89a89b55be81) Importer(815301076,1909f56bfc062723c751e8b465ee728b) (PreviewImporter) -> (artifact id: 'dcb9a9efcba517449936c3f80240f17a') in 0.0439955 seconds
Number of updated asset objects reloaded before import = 0Number of asset objects unloaded after import = 3

========================================================================
Received Import Request.
  Time since last request: 2.789837 seconds.
  path: Assets/Textures/FeonY/Animated Pixel-Art Backgrounds/Art/Animations/Pixel-Art Background 1/frame0062.png
  artifactKey: Guid(da6e423ceb70ef747b2f0cbae3b8d432) Importer(815301076,1909f56bfc062723c751e8b465ee728b)
Start importing Assets/Textures/FeonY/Animated Pixel-Art Backgrounds/Art/Animations/Pixel-Art Background 1/frame0062.png using Guid(da6e423ceb70ef747b2f0cbae3b8d432) Importer(815301076,1909f56bfc062723c751e8b465ee728b) (PreviewImporter) -> (artifact id: '0491aa4d4a7972db033a9249fdb85d7b') in 0.0095446 seconds
Number of updated asset objects reloaded before import = 0Number of asset objects unloaded after import = 3

========================================================================
Received Import Request.
  Time since last request: 0.002999 seconds.
  path: Assets/Textures/FeonY/Animated Pixel-Art Backgrounds/Art/Animations/Pixel-Art Background 1/frame0065.png
  artifactKey: Guid(c91a2fc58b358a74c891a06a855212d4) Importer(815301076,1909f56bfc062723c751e8b465ee728b)
Start importing Assets/Textures/FeonY/Animated Pixel-Art Backgrounds/Art/Animations/Pixel-Art Background 1/frame0065.png using Guid(c91a2fc58b358a74c891a06a855212d4) Importer(815301076,1909f56bfc062723c751e8b465ee728b) (PreviewImporter) -> (artifact id: '16fb8278e88b5d038b160ca8165fd194') in 0.0097519 seconds
Number of updated asset objects reloaded before import = 0Number of asset objects unloaded after import = 3

========================================================================
Received Import Request.
  Time since last request: 0.002967 seconds.
  path: Assets/Textures/FeonY/Animated Pixel-Art Backgrounds/Art/Animations/Pixel-Art Background 1/frame0068.png
  artifactKey: Guid(5c742a66a3d7ecc459fe30f1204baa6f) Importer(815301076,1909f56bfc062723c751e8b465ee728b)
Start importing Assets/Textures/FeonY/Animated Pixel-Art Backgrounds/Art/Animations/Pixel-Art Background 1/frame0068.png using Guid(5c742a66a3d7ecc459fe30f1204baa6f) Importer(815301076,1909f56bfc062723c751e8b465ee728b) (PreviewImporter) -> (artifact id: '6544d671ce7bad9418cb9e2aabc47fc7') in 0.0090806 seconds
Number of updated asset objects reloaded before import = 0Number of asset objects unloaded after import = 3

========================================================================
Received Import Request.
  Time since last request: 0.003562 seconds.
  path: Assets/Textures/FeonY/Animated Pixel-Art Backgrounds/Art/Animations/Pixel-Art Background 1/frame0071.png
  artifactKey: Guid(1eddd93e297de37449eec8cec7628dc3) Importer(815301076,1909f56bfc062723c751e8b465ee728b)
Start importing Assets/Textures/FeonY/Animated Pixel-Art Backgrounds/Art/Animations/Pixel-Art Background 1/frame0071.png using Guid(1eddd93e297de37449eec8cec7628dc3) Importer(815301076,1909f56bfc062723c751e8b465ee728b) (PreviewImporter) -> (artifact id: '75ec3024099799dba68e6036552f10e7') in 0.0177173 seconds
Number of updated asset objects reloaded before import = 0Number of asset objects unloaded after import = 3

========================================================================
Received Import Request.
  Time since last request: 0.007419 seconds.
  path: Assets/Textures/FeonY/Animated Pixel-Art Backgrounds/Art/Animations/Pixel-Art Background 1/frame0074.png
  artifactKey: Guid(72ec97016487f7c48887cbaa5b99c6ce) Importer(815301076,1909f56bfc062723c751e8b465ee728b)
Start importing Assets/Textures/FeonY/Animated Pixel-Art Backgrounds/Art/Animations/Pixel-Art Background 1/frame0074.png using Guid(72ec97016487f7c48887cbaa5b99c6ce) Importer(815301076,1909f56bfc062723c751e8b465ee728b) (PreviewImporter) -> (artifact id: '4407b73e526fa5cfc6c31aae4085cd1a') in 0.0096874 seconds
Number of updated asset objects reloaded before import = 0Number of asset objects unloaded after import = 3

========================================================================
Received Import Request.
  Time since last request: 0.003206 seconds.
  path: Assets/Textures/FeonY/Animated Pixel-Art Backgrounds/Art/Animations/Pixel-Art Background 1/frame0077.png
  artifactKey: Guid(49dbf541b3dd7dc47bb0846caf47aecf) Importer(815301076,1909f56bfc062723c751e8b465ee728b)
Start importing Assets/Textures/FeonY/Animated Pixel-Art Backgrounds/Art/Animations/Pixel-Art Background 1/frame0077.png using Guid(49dbf541b3dd7dc47bb0846caf47aecf) Importer(815301076,1909f56bfc062723c751e8b465ee728b) (PreviewImporter) -> (artifact id: '14c166cbae34af63c5a128682a298f0d') in 0.0095246 seconds
Number of updated asset objects reloaded before import = 0Number of asset objects unloaded after import = 3

========================================================================
Received Import Request.
  Time since last request: 0.004509 seconds.
  path: Assets/Textures/FeonY/Animated Pixel-Art Backgrounds/Art/Animations/Pixel-Art Background 1/frame0080.png
  artifactKey: Guid(9ce5ab7fb1d1042468226810b08b582b) Importer(815301076,1909f56bfc062723c751e8b465ee728b)
Start importing Assets/Textures/FeonY/Animated Pixel-Art Backgrounds/Art/Animations/Pixel-Art Background 1/frame0080.png using Guid(9ce5ab7fb1d1042468226810b08b582b) Importer(815301076,1909f56bfc062723c751e8b465ee728b) (PreviewImporter) -> (artifact id: '6f8d27c3513ad1ee7c79d6e90ad8f302') in 0.0103177 seconds
Number of updated asset objects reloaded before import = 0Number of asset objects unloaded after import = 3

========================================================================
Received Import Request.
  Time since last request: 0.003555 seconds.
  path: Assets/Textures/FeonY/Animated Pixel-Art Backgrounds/Art/Animations/Pixel-Art Background 1/frame0083.png
  artifactKey: Guid(004e99acd26f8f74bbd91e0537289f69) Importer(815301076,1909f56bfc062723c751e8b465ee728b)
Start importing Assets/Textures/FeonY/Animated Pixel-Art Backgrounds/Art/Animations/Pixel-Art Background 1/frame0083.png using Guid(004e99acd26f8f74bbd91e0537289f69) Importer(815301076,1909f56bfc062723c751e8b465ee728b) (PreviewImporter) -> (artifact id: 'ce56d711a667d8ca74edef5b2a4b56b1') in 0.0135262 seconds
Number of updated asset objects reloaded before import = 0Number of asset objects unloaded after import = 3

========================================================================
Received Import Request.
  Time since last request: 0.667706 seconds.
  path: Assets/Textures/FeonY/Animated Pixel-Art Backgrounds/Art/Animations/Pixel-Art Background 1/frame0089.png
  artifactKey: Guid(281444254fa94a143beafc765969b267) Importer(815301076,1909f56bfc062723c751e8b465ee728b)
Start importing Assets/Textures/FeonY/Animated Pixel-Art Backgrounds/Art/Animations/Pixel-Art Background 1/frame0089.png using Guid(281444254fa94a143beafc765969b267) Importer(815301076,1909f56bfc062723c751e8b465ee728b) (PreviewImporter) -> (artifact id: '71f1bffccc9775b958e97f6903384ad2') in 0.0104475 seconds
Number of updated asset objects reloaded before import = 0Number of asset objects unloaded after import = 3

========================================================================
Received Import Request.
  Time since last request: 0.003740 seconds.
  path: Assets/Textures/FeonY/Animated Pixel-Art Backgrounds/Art/Animations/Pixel-Art Background 1/frame0092.png
  artifactKey: Guid(622a5c3046238e64b8189575e5a3f186) Importer(815301076,1909f56bfc062723c751e8b465ee728b)
Start importing Assets/Textures/FeonY/Animated Pixel-Art Backgrounds/Art/Animations/Pixel-Art Background 1/frame0092.png using Guid(622a5c3046238e64b8189575e5a3f186) Importer(815301076,1909f56bfc062723c751e8b465ee728b) (PreviewImporter) -> (artifact id: '92d20a54a33f601c70a11756c6a6ab22') in 0.0250759 seconds
Number of updated asset objects reloaded before import = 0Number of asset objects unloaded after import = 3

========================================================================
Received Import Request.
  Time since last request: 0.000021 seconds.
  path: Assets/Textures/FeonY/Animated Pixel-Art Backgrounds/Art/Animations/Pixel-Art Background 1/frame0095.png
  artifactKey: Guid(59cc757b88b8c9a42b97ed4467945356) Importer(815301076,1909f56bfc062723c751e8b465ee728b)
Start importing Assets/Textures/FeonY/Animated Pixel-Art Backgrounds/Art/Animations/Pixel-Art Background 1/frame0095.png using Guid(59cc757b88b8c9a42b97ed4467945356) Importer(815301076,1909f56bfc062723c751e8b465ee728b) (PreviewImporter) -> (artifact id: '3624ada2fbfcfe7e9e8b4c342f030213') in 0.0112349 seconds
Number of updated asset objects reloaded before import = 0Number of asset objects unloaded after import = 3

========================================================================
Received Import Request.
  Time since last request: 0.000018 seconds.
  path: Assets/Textures/FeonY/Animated Pixel-Art Backgrounds/Art/Animations/Pixel-Art Background 1/frame0098.png
  artifactKey: Guid(4db50427ec501f4449ba274fd05c9a9f) Importer(815301076,1909f56bfc062723c751e8b465ee728b)
Start importing Assets/Textures/FeonY/Animated Pixel-Art Backgrounds/Art/Animations/Pixel-Art Background 1/frame0098.png using Guid(4db50427ec501f4449ba274fd05c9a9f) Importer(815301076,1909f56bfc062723c751e8b465ee728b) (PreviewImporter) -> (artifact id: '89bd836d492044ad432ec6fa9e3c2cfd') in 0.0100613 seconds
Number of updated asset objects reloaded before import = 0Number of asset objects unloaded after import = 3

========================================================================
Received Import Request.
  Time since last request: 0.002993 seconds.
  path: Assets/Textures/FeonY/Animated Pixel-Art Backgrounds/Art/Animations/Pixel-Art Background 1/frame0101.png
  artifactKey: Guid(e040a0fef0055d541ab22798db23190d) Importer(815301076,1909f56bfc062723c751e8b465ee728b)
Start importing Assets/Textures/FeonY/Animated Pixel-Art Backgrounds/Art/Animations/Pixel-Art Background 1/frame0101.png using Guid(e040a0fef0055d541ab22798db23190d) Importer(815301076,1909f56bfc062723c751e8b465ee728b) (PreviewImporter) -> (artifact id: '2d2d0a9a8fe1d81c0f0f1963d7d45dd7') in 0.0105514 seconds
Number of updated asset objects reloaded before import = 0Number of asset objects unloaded after import = 3

========================================================================
Received Import Request.
  Time since last request: 0.031772 seconds.
  path: Assets/Textures/FeonY/Animated Pixel-Art Backgrounds/Art/Animations/Pixel-Art Background 1/frame0111.png
  artifactKey: Guid(10053d2ddcc6e834691319e65ffdf7d6) Importer(815301076,1909f56bfc062723c751e8b465ee728b)
Start importing Assets/Textures/FeonY/Animated Pixel-Art Backgrounds/Art/Animations/Pixel-Art Background 1/frame0111.png using Guid(10053d2ddcc6e834691319e65ffdf7d6) Importer(815301076,1909f56bfc062723c751e8b465ee728b) (PreviewImporter) -> (artifact id: '5e192219639b14796ce7d87aa063c7d8') in 0.0111281 seconds
Number of updated asset objects reloaded before import = 0Number of asset objects unloaded after import = 3

========================================================================
Received Import Request.
  Time since last request: 0.167250 seconds.
  path: Assets/Textures/FeonY/Animated Pixel-Art Backgrounds/Art/Animations/Pixel-Art Background 1/frame0140.png
  artifactKey: Guid(1fd823c63c6c7344eb68f9630f162e36) Importer(815301076,1909f56bfc062723c751e8b465ee728b)
Start importing Assets/Textures/FeonY/Animated Pixel-Art Backgrounds/Art/Animations/Pixel-Art Background 1/frame0140.png using Guid(1fd823c63c6c7344eb68f9630f162e36) Importer(815301076,1909f56bfc062723c751e8b465ee728b) (PreviewImporter) -> (artifact id: '816f6f79d21517797acd2b71f8a8b4ca') in 0.01857 seconds
Number of updated asset objects reloaded before import = 0Number of asset objects unloaded after import = 3

========================================================================
Received Import Request.
  Time since last request: 49.876391 seconds.
  path: Assets/Textures/FeonY/Animated Pixel-Art Backgrounds/Art/Animations/Pixel-Art Background 2/frame0014.png
  artifactKey: Guid(ea4875d73cddc024b8394df3aaaa71f8) Importer(815301076,1909f56bfc062723c751e8b465ee728b)
Start importing Assets/Textures/FeonY/Animated Pixel-Art Backgrounds/Art/Animations/Pixel-Art Background 2/frame0014.png using Guid(ea4875d73cddc024b8394df3aaaa71f8) Importer(815301076,1909f56bfc062723c751e8b465ee728b) (PreviewImporter) -> (artifact id: 'c60e64d2e8f446358e125903f6f7d496') in 0.0096258 seconds
Number of updated asset objects reloaded before import = 0Number of asset objects unloaded after import = 3

========================================================================
Received Import Request.
  Time since last request: 0.022896 seconds.
  path: Assets/Textures/FeonY/Animated Pixel-Art Backgrounds/Art/Animations/Pixel-Art Background 2/frame0022.png
  artifactKey: Guid(2ca5c8ddc99896f4a96381841818e6ef) Importer(815301076,1909f56bfc062723c751e8b465ee728b)
Start importing Assets/Textures/FeonY/Animated Pixel-Art Backgrounds/Art/Animations/Pixel-Art Background 2/frame0022.png using Guid(2ca5c8ddc99896f4a96381841818e6ef) Importer(815301076,1909f56bfc062723c751e8b465ee728b) (PreviewImporter) -> (artifact id: '7388a04a96fea6fbf5cb04516685887b') in 0.0098309 seconds
Number of updated asset objects reloaded before import = 0Number of asset objects unloaded after import = 3

========================================================================
Received Import Request.
  Time since last request: 0.021884 seconds.
  path: Assets/Textures/FeonY/Animated Pixel-Art Backgrounds/Art/Animations/Pixel-Art Background 2/frame0030.png
  artifactKey: Guid(d68bd837bdecd1b46bb8e20fa958a9a5) Importer(815301076,1909f56bfc062723c751e8b465ee728b)
Start importing Assets/Textures/FeonY/Animated Pixel-Art Backgrounds/Art/Animations/Pixel-Art Background 2/frame0030.png using Guid(d68bd837bdecd1b46bb8e20fa958a9a5) Importer(815301076,1909f56bfc062723c751e8b465ee728b) (PreviewImporter) -> (artifact id: '648a3ebdef90f6382eeb7d2f8e8e4384') in 0.0109973 seconds
Number of updated asset objects reloaded before import = 0Number of asset objects unloaded after import = 3

========================================================================
Received Import Request.
  Time since last request: 0.070886 seconds.
  path: Assets/Textures/FeonY/Animated Pixel-Art Backgrounds/Art/Animations/Pixel-Art Background 2/frame0049.png
  artifactKey: Guid(98d40b89a711d5b46bc96d61e8a4f75b) Importer(815301076,1909f56bfc062723c751e8b465ee728b)
Start importing Assets/Textures/FeonY/Animated Pixel-Art Backgrounds/Art/Animations/Pixel-Art Background 2/frame0049.png using Guid(98d40b89a711d5b46bc96d61e8a4f75b) Importer(815301076,1909f56bfc062723c751e8b465ee728b) (PreviewImporter) -> (artifact id: '77dcf39353c30fbd591480262342c98f') in 0.0105986 seconds
Number of updated asset objects reloaded before import = 0Number of asset objects unloaded after import = 3

========================================================================
Received Import Request.
  Time since last request: 0.386841 seconds.
  path: Assets/Textures/FeonY/Animated Pixel-Art Backgrounds/Art/Animations/Pixel-Art Background 3/frame0019.png
  artifactKey: Guid(2e706eb28213eb643b7044c308c85362) Importer(815301076,1909f56bfc062723c751e8b465ee728b)
Start importing Assets/Textures/FeonY/Animated Pixel-Art Backgrounds/Art/Animations/Pixel-Art Background 3/frame0019.png using Guid(2e706eb28213eb643b7044c308c85362) Importer(815301076,1909f56bfc062723c751e8b465ee728b) (PreviewImporter) -> (artifact id: '59712213a11244d83de56b56a33f10c8') in 0.0105806 seconds
Number of updated asset objects reloaded before import = 0Number of asset objects unloaded after import = 3

========================================================================
Received Import Request.
  Time since last request: 0.012091 seconds.
  path: Assets/Textures/FeonY/Animated Pixel-Art Backgrounds/Art/Animations/Pixel-Art Background 3/frame0025.png
  artifactKey: Guid(576bfa3e240542642a586824637c2978) Importer(815301076,1909f56bfc062723c751e8b465ee728b)
Start importing Assets/Textures/FeonY/Animated Pixel-Art Backgrounds/Art/Animations/Pixel-Art Background 3/frame0025.png using Guid(576bfa3e240542642a586824637c2978) Importer(815301076,1909f56bfc062723c751e8b465ee728b) (PreviewImporter) -> (artifact id: '868cffd240b1f4c0cfa9e20071add35b') in 0.0108075 seconds
Number of updated asset objects reloaded before import = 0Number of asset objects unloaded after import = 3

========================================================================
Received Import Request.
  Time since last request: 0.004746 seconds.
  path: Assets/Textures/FeonY/Animated Pixel-Art Backgrounds/Art/Animations/Pixel-Art Background 3/frame0029.png
  artifactKey: Guid(ee5935a2c9b7ad84b977c49fadcaafd1) Importer(815301076,1909f56bfc062723c751e8b465ee728b)
Start importing Assets/Textures/FeonY/Animated Pixel-Art Backgrounds/Art/Animations/Pixel-Art Background 3/frame0029.png using Guid(ee5935a2c9b7ad84b977c49fadcaafd1) Importer(815301076,1909f56bfc062723c751e8b465ee728b) (PreviewImporter) -> (artifact id: 'b22ad3d30309d510fb6a53933106f6c6') in 0.0101509 seconds
Number of updated asset objects reloaded before import = 0Number of asset objects unloaded after import = 3

========================================================================
Received Import Request.
  Time since last request: 0.006431 seconds.
  path: Assets/Textures/FeonY/Animated Pixel-Art Backgrounds/Art/Animations/Pixel-Art Background 3/frame0033.png
  artifactKey: Guid(f6a89fcd3b4fc924abc908098cc6d3c3) Importer(815301076,1909f56bfc062723c751e8b465ee728b)
Start importing Assets/Textures/FeonY/Animated Pixel-Art Backgrounds/Art/Animations/Pixel-Art Background 3/frame0033.png using Guid(f6a89fcd3b4fc924abc908098cc6d3c3) Importer(815301076,1909f56bfc062723c751e8b465ee728b) (PreviewImporter) -> (artifact id: '68fe03f7bb5a81bb048b62e347c38d59') in 0.0109765 seconds
Number of updated asset objects reloaded before import = 0Number of asset objects unloaded after import = 3

========================================================================
Received Import Request.
  Time since last request: 0.026379 seconds.
  path: Assets/Textures/FeonY/Animated Pixel-Art Backgrounds/Art/Animations/Pixel-Art Background 3/frame0042.png
  artifactKey: Guid(0e974c0dfa5a63a4ab6f7ef3d75f2eb6) Importer(815301076,1909f56bfc062723c751e8b465ee728b)
Start importing Assets/Textures/FeonY/Animated Pixel-Art Backgrounds/Art/Animations/Pixel-Art Background 3/frame0042.png using Guid(0e974c0dfa5a63a4ab6f7ef3d75f2eb6) Importer(815301076,1909f56bfc062723c751e8b465ee728b) (PreviewImporter) -> (artifact id: 'f6ae79db405844a9185394aeb2d0af30') in 0.0115837 seconds
Number of updated asset objects reloaded before import = 0Number of asset objects unloaded after import = 3

========================================================================
Received Import Request.
  Time since last request: 0.021590 seconds.
  path: Assets/Textures/FeonY/Animated Pixel-Art Backgrounds/Art/Animations/Pixel-Art Background 3/frame0050.png
  artifactKey: Guid(ebb79bd5dcc254f488fd6d2fa8a0f99e) Importer(815301076,1909f56bfc062723c751e8b465ee728b)
Start importing Assets/Textures/FeonY/Animated Pixel-Art Backgrounds/Art/Animations/Pixel-Art Background 3/frame0050.png using Guid(ebb79bd5dcc254f488fd6d2fa8a0f99e) Importer(815301076,1909f56bfc062723c751e8b465ee728b) (PreviewImporter) -> (artifact id: 'f0dbed5ed89b56642155ded0c2a5dbee') in 0.0113667 seconds
Number of updated asset objects reloaded before import = 0Number of asset objects unloaded after import = 3

========================================================================
Received Import Request.
  Time since last request: 0.018073 seconds.
  path: Assets/Textures/FeonY/Animated Pixel-Art Backgrounds/Art/Animations/Pixel-Art Background 3/frame0057.png
  artifactKey: Guid(e23a55c0431a12f41a923997cb60bd94) Importer(815301076,1909f56bfc062723c751e8b465ee728b)
Start importing Assets/Textures/FeonY/Animated Pixel-Art Backgrounds/Art/Animations/Pixel-Art Background 3/frame0057.png using Guid(e23a55c0431a12f41a923997cb60bd94) Importer(815301076,1909f56bfc062723c751e8b465ee728b) (PreviewImporter) -> (artifact id: 'e02042d759a0feed211849ace9197db0') in 0.0115424 seconds
Number of updated asset objects reloaded before import = 0Number of asset objects unloaded after import = 3

========================================================================
Received Import Request.
  Time since last request: 3.322381 seconds.
  path: Assets/Textures/FeonY/Animated Pixel-Art Backgrounds/Art/Animations/Pixel-Art Background 3/frame0063.png
  artifactKey: Guid(77f24b6170140594baadc99834861696) Importer(815301076,1909f56bfc062723c751e8b465ee728b)
Start importing Assets/Textures/FeonY/Animated Pixel-Art Backgrounds/Art/Animations/Pixel-Art Background 3/frame0063.png using Guid(77f24b6170140594baadc99834861696) Importer(815301076,1909f56bfc062723c751e8b465ee728b) (PreviewImporter) -> (artifact id: '694b3f604bea0bc6c88e178595fdc4cb') in 0.0100767 seconds
Number of updated asset objects reloaded before import = 0Number of asset objects unloaded after import = 3

========================================================================
Received Import Request.
  Time since last request: 0.005232 seconds.
  path: Assets/Textures/FeonY/Animated Pixel-Art Backgrounds/Art/Animations/Pixel-Art Background 3/frame0067.png
  artifactKey: Guid(d0375f6950892e94090e3dac16cc9943) Importer(815301076,1909f56bfc062723c751e8b465ee728b)
Start importing Assets/Textures/FeonY/Animated Pixel-Art Backgrounds/Art/Animations/Pixel-Art Background 3/frame0067.png using Guid(d0375f6950892e94090e3dac16cc9943) Importer(815301076,1909f56bfc062723c751e8b465ee728b) (PreviewImporter) -> (artifact id: 'bd4771a1b878b4188f76224431d3813c') in 0.01066 seconds
Number of updated asset objects reloaded before import = 0Number of asset objects unloaded after import = 3

========================================================================
Received Import Request.
  Time since last request: 0.604692 seconds.
  path: Assets/Textures/FeonY/Animated Pixel-Art Backgrounds/Art/Animations/Pixel-Art Background 3/frame0115.png
  artifactKey: Guid(7efc68cd8b912234694702291f9767f6) Importer(815301076,1909f56bfc062723c751e8b465ee728b)
Start importing Assets/Textures/FeonY/Animated Pixel-Art Backgrounds/Art/Animations/Pixel-Art Background 3/frame0115.png using Guid(7efc68cd8b912234694702291f9767f6) Importer(815301076,1909f56bfc062723c751e8b465ee728b) (PreviewImporter) -> (artifact id: '4673e1b63b4b896fb13a5875d4f913be') in 0.0132291 seconds
Number of updated asset objects reloaded before import = 0Number of asset objects unloaded after import = 3

========================================================================
Received Import Request.
  Time since last request: 0.135602 seconds.
  path: Assets/Textures/FeonY/Animated Pixel-Art Backgrounds/Art/Animations/Pixel-Art Background 3/frame0123.png
  artifactKey: Guid(b3f26ec34b70c6c43beacad9189c08b0) Importer(815301076,1909f56bfc062723c751e8b465ee728b)
Start importing Assets/Textures/FeonY/Animated Pixel-Art Backgrounds/Art/Animations/Pixel-Art Background 3/frame0123.png using Guid(b3f26ec34b70c6c43beacad9189c08b0) Importer(815301076,1909f56bfc062723c751e8b465ee728b) (PreviewImporter) -> (artifact id: 'be211aaf835180e1ee73afba1ccebd97') in 0.0104162 seconds
Number of updated asset objects reloaded before import = 0Number of asset objects unloaded after import = 3

========================================================================
Received Import Request.
  Time since last request: 0.075764 seconds.
  path: Assets/Textures/FeonY/Animated Pixel-Art Backgrounds/Art/Animations/Pixel-Art Background 3/frame0142.png
  artifactKey: Guid(81b07be83ef4dea4babf212c759b1294) Importer(815301076,1909f56bfc062723c751e8b465ee728b)
Start importing Assets/Textures/FeonY/Animated Pixel-Art Backgrounds/Art/Animations/Pixel-Art Background 3/frame0142.png using Guid(81b07be83ef4dea4babf212c759b1294) Importer(815301076,1909f56bfc062723c751e8b465ee728b) (PreviewImporter) -> (artifact id: '895666e888350f1732f3223f324e8adb') in 0.0184942 seconds
Number of updated asset objects reloaded before import = 0Number of asset objects unloaded after import = 3

========================================================================
Received Import Request.
  Time since last request: 3.812703 seconds.
  path: Assets/Textures/FeonY/Animated Pixel-Art Backgrounds/Art/Animations/Pixel-Art Background 4/frame0031.png
  artifactKey: Guid(bbf656541ccaf204ca9a78a65430f1ff) Importer(815301076,1909f56bfc062723c751e8b465ee728b)
Start importing Assets/Textures/FeonY/Animated Pixel-Art Backgrounds/Art/Animations/Pixel-Art Background 4/frame0031.png using Guid(bbf656541ccaf204ca9a78a65430f1ff) Importer(815301076,1909f56bfc062723c751e8b465ee728b) (PreviewImporter) -> (artifact id: '7ad3a29d252c0a24c6083d5728e29dc5') in 0.0122508 seconds
Number of updated asset objects reloaded before import = 0Number of asset objects unloaded after import = 3

========================================================================
Received Import Request.
  Time since last request: 5.865862 seconds.
  path: Assets/Textures/FeonY/Animated Pixel-Art Backgrounds/Art/Animations/Pixel-Art Background 2/frame0063.png
  artifactKey: Guid(0ca142b745725b346a985748f71299a8) Importer(815301076,1909f56bfc062723c751e8b465ee728b)
Start importing Assets/Textures/FeonY/Animated Pixel-Art Backgrounds/Art/Animations/Pixel-Art Background 2/frame0063.png using Guid(0ca142b745725b346a985748f71299a8) Importer(815301076,1909f56bfc062723c751e8b465ee728b) (PreviewImporter) -> (artifact id: '1ecf67eaabb90fb1adaeb63ca889558e') in 0.0111658 seconds
Number of updated asset objects reloaded before import = 0Number of asset objects unloaded after import = 3

========================================================================
Received Import Request.
  Time since last request: 0.228637 seconds.
  path: Assets/Textures/FeonY/Animated Pixel-Art Backgrounds/Art/Animations/Pixel-Art Background 2/frame0099.png
  artifactKey: Guid(2ad52cfc5f4a29c47a728107c45d7085) Importer(815301076,1909f56bfc062723c751e8b465ee728b)
Start importing Assets/Textures/FeonY/Animated Pixel-Art Backgrounds/Art/Animations/Pixel-Art Background 2/frame0099.png using Guid(2ad52cfc5f4a29c47a728107c45d7085) Importer(815301076,1909f56bfc062723c751e8b465ee728b) (PreviewImporter) -> (artifact id: '451ea8f7b95f9d4dcb63aa422bfba401') in 0.0138951 seconds
Number of updated asset objects reloaded before import = 0Number of asset objects unloaded after import = 3

========================================================================
Received Import Request.
  Time since last request: 0.001907 seconds.
  path: Assets/Textures/FeonY/Animated Pixel-Art Backgrounds/Art/Animations/Pixel-Art Background 2/frame0103.png
  artifactKey: Guid(55ea08c75577f5f429000f432dbc6f14) Importer(815301076,1909f56bfc062723c751e8b465ee728b)
Start importing Assets/Textures/FeonY/Animated Pixel-Art Backgrounds/Art/Animations/Pixel-Art Background 2/frame0103.png using Guid(55ea08c75577f5f429000f432dbc6f14) Importer(815301076,1909f56bfc062723c751e8b465ee728b) (PreviewImporter) -> (artifact id: 'fa73514e87b625bcb30eba0ce64b8bd2') in 0.0101865 seconds
Number of updated asset objects reloaded before import = 0Number of asset objects unloaded after import = 3

========================================================================
Received Import Request.
  Time since last request: 0.005313 seconds.
  path: Assets/Textures/FeonY/Animated Pixel-Art Backgrounds/Art/Animations/Pixel-Art Background 2/frame0107.png
  artifactKey: Guid(24b15e4e32bee2f4db5281fd0a8773cf) Importer(815301076,1909f56bfc062723c751e8b465ee728b)
Start importing Assets/Textures/FeonY/Animated Pixel-Art Backgrounds/Art/Animations/Pixel-Art Background 2/frame0107.png using Guid(24b15e4e32bee2f4db5281fd0a8773cf) Importer(815301076,1909f56bfc062723c751e8b465ee728b) (PreviewImporter) -> (artifact id: '83f89df075416515849faf48e8be698f') in 0.0228622 seconds
Number of updated asset objects reloaded before import = 0Number of asset objects unloaded after import = 3

========================================================================
Received Import Request.
  Time since last request: 0.003497 seconds.
  path: Assets/Textures/FeonY/Animated Pixel-Art Backgrounds/Art/Animations/Pixel-Art Background 2/frame0111.png
  artifactKey: Guid(218c354e3e964bf499809bd016e4c5ef) Importer(815301076,1909f56bfc062723c751e8b465ee728b)
Start importing Assets/Textures/FeonY/Animated Pixel-Art Backgrounds/Art/Animations/Pixel-Art Background 2/frame0111.png using Guid(218c354e3e964bf499809bd016e4c5ef) Importer(815301076,1909f56bfc062723c751e8b465ee728b) (PreviewImporter) -> (artifact id: '117c95808e0971669334634ed72af34b') in 0.0110475 seconds
Number of updated asset objects reloaded before import = 0Number of asset objects unloaded after import = 3

========================================================================
Received Import Request.
  Time since last request: 0.042544 seconds.
  path: Assets/Textures/FeonY/Animated Pixel-Art Backgrounds/Art/Animations/Pixel-Art Background 2/frame0124.png
  artifactKey: Guid(3d8f4fe93e7d22544a1429c31459dcfb) Importer(815301076,1909f56bfc062723c751e8b465ee728b)
Start importing Assets/Textures/FeonY/Animated Pixel-Art Backgrounds/Art/Animations/Pixel-Art Background 2/frame0124.png using Guid(3d8f4fe93e7d22544a1429c31459dcfb) Importer(815301076,1909f56bfc062723c751e8b465ee728b) (PreviewImporter) -> (artifact id: 'f01c74186d309d9e06242b2df32cfb79') in 0.0112332 seconds
Number of updated asset objects reloaded before import = 0Number of asset objects unloaded after import = 3

========================================================================
Received Prepare
Begin MonoManager ReloadAssembly
C:\build\output\Unity-Technologies\mono\mono\metadata\icall.c:1842:
C:\build\output\Unity-Technologies\mono\mono\metadata\icall.c:1842:
C:\build\output\Unity-Technologies\mono\mono\metadata\icall.c:1842:
C:\build\output\Unity-Technologies\mono\mono\metadata\icall.c:1842:
C:\build\output\Unity-Technologies\mono\mono\metadata\icall.c:1842:
C:\build\output\Unity-Technologies\mono\mono\metadata\icall.c:1842:
C:\build\output\Unity-Technologies\mono\mono\metadata\icall.c:1842:
C:\build\output\Unity-Technologies\mono\mono\metadata\icall.c:1842:
C:\build\output\Unity-Technologies\mono\mono\metadata\icall.c:1842:
C:\build\output\Unity-Technologies\mono\mono\metadata\icall.c:1842:
C:\build\output\Unity-Technologies\mono\mono\metadata\icall.c:1842:
C:\build\output\Unity-Technologies\mono\mono\metadata\icall.c:1842:
- Loaded All Assemblies, in  0.765 seconds
Refreshing native plugins compatible for Editor in 1.75 ms, found 4 plugins.
Native extension for UWP target not found
Native extension for WindowsStandalone target not found
Mono: successfully reloaded assembly
- Finished resetting the current domain, in  0.805 seconds
Domain Reload Profiling: 1566ms
	BeginReloadAssembly (216ms)
		ExecutionOrderSort (0ms)
		DisableScriptedObjects (14ms)
		BackupInstance (0ms)
		ReleaseScriptingObjects (0ms)
		CreateAndSetChildDomain (50ms)
	RebuildCommonClasses (35ms)
	RebuildNativeTypeToScriptingClass (12ms)
	initialDomainReloadingComplete (33ms)
	LoadAllAssembliesAndSetupDomain (464ms)
		LoadAssemblies (413ms)
		RebuildTransferFunctionScriptingTraits (0ms)
		AnalyzeDomain (163ms)
			TypeCache.Refresh (7ms)
				TypeCache.ScanAssembly (0ms)
			BuildScriptInfoCaches (145ms)
			ResolveRequiredComponents (7ms)
	FinalizeReload (806ms)
		ReleaseScriptCaches (0ms)
		RebuildScriptCaches (0ms)
		SetupLoadedEditorAssemblies (588ms)
			LogAssemblyErrors (0ms)
			InitializePlatformSupportModulesInManaged (15ms)
			SetLoadedEditorAssemblies (3ms)
			BeforeProcessingInitializeOnLoad (76ms)
			ProcessInitializeOnLoadAttributes (453ms)
			ProcessInitializeOnLoadMethodAttributes (31ms)
			AfterProcessingInitializeOnLoad (10ms)
			EditorAssembliesLoaded (0ms)
		ExecutionOrderSort2 (0ms)
		AwakeInstancesAfterBackupRestoration (11ms)
Refreshing native plugins compatible for Editor in 2.20 ms, found 4 plugins.
Preloading 0 native plugins for Editor in 0.00 ms.
Unloading 2 Unused Serialized files (Serialized files now loaded: 0)
Unloading 4862 unused Assets / (1.2 MB). Loaded Objects now: 5452.
Memory consumption went from 127.5 MB to 126.3 MB.
Total: 8.185300 ms (FindLiveObjects: 0.596800 ms CreateObjectMapping: 0.711500 ms MarkObjects: 5.615600 ms  DeleteObjects: 1.260600 ms)

Prepare: number of updated asset objects reloaded= 0
Editor requested this worker to shutdown with reason: Scaling down because of idle timeout
AssetImportWorker is now disconnected from the server
Process exiting
Exiting without the bug reporter. Application will terminate with return code 0