Using pre-set license
Built from '2023.2/staging' branch; Version is '2023.2.16f1 (7f45223012db) revision 8340770'; Using compiler version '193431935'; Build Type 'Release'
OS: 'Windows 10  (10.0.19045) 64bit Professional' Language: 'ru' Physical Memory: 15775 MB
BatchMode: 1, IsHumanControllingUs: 0, StartBugReporterOnCrash: 0, Is64bit: 1, IsPro: 1

COMMAND LINE ARGUMENTS:
C:\Оперативная\Unity\2023.2.16f1\Editor\Unity.exe
-adb2
-batchMode
-noUpm
-name
AssetImportWorker17
-projectPath
C:/Users/MIKU/My project/first-CS-Game/Slavic egg clamp
-logFile
Logs/AssetImportWorker17.log
-srvPort
4173
-job-worker-count
7
-background-job-worker-count
8
-asset-garbage-collectors
1
Successfully changed project path to: C:/Users/MIKU/My project/first-CS-Game/Slavic egg clamp
C:/Users/MIKU/My project/first-CS-Game/Slavic egg clamp
[UnityMemory] Configuration Parameters - Can be set up in boot.config
    "memorysetup-bucket-allocator-granularity=16"
    "memorysetup-bucket-allocator-bucket-count=8"
    "memorysetup-bucket-allocator-block-size=33554432"
    "memorysetup-bucket-allocator-block-count=8"
    "memorysetup-main-allocator-block-size=16777216"
    "memorysetup-thread-allocator-block-size=16777216"
    "memorysetup-gfx-main-allocator-block-size=16777216"
    "memorysetup-gfx-thread-allocator-block-size=16777216"
    "memorysetup-cache-allocator-block-size=4194304"
    "memorysetup-typetree-allocator-block-size=2097152"
    "memorysetup-profiler-bucket-allocator-granularity=16"
    "memorysetup-profiler-bucket-allocator-bucket-count=8"
    "memorysetup-profiler-bucket-allocator-block-size=33554432"
    "memorysetup-profiler-bucket-allocator-block-count=8"
    "memorysetup-profiler-allocator-block-size=16777216"
    "memorysetup-profiler-editor-allocator-block-size=1048576"
    "memorysetup-temp-allocator-size-main=16777216"
    "memorysetup-job-temp-allocator-block-size=2097152"
    "memorysetup-job-temp-allocator-block-size-background=1048576"
    "memorysetup-job-temp-allocator-reduction-small-platforms=262144"
    "memorysetup-allocator-temp-initial-block-size-main=262144"
    "memorysetup-allocator-temp-initial-block-size-worker=262144"
    "memorysetup-temp-allocator-size-background-worker=32768"
    "memorysetup-temp-allocator-size-job-worker=262144"
    "memorysetup-temp-allocator-size-preload-manager=33554432"
    "memorysetup-temp-allocator-size-nav-mesh-worker=65536"
    "memorysetup-temp-allocator-size-audio-worker=65536"
    "memorysetup-temp-allocator-size-cloud-worker=32768"
    "memorysetup-temp-allocator-size-gi-baking-worker=262144"
    "memorysetup-temp-allocator-size-gi-baking-worker=262144"
    "memorysetup-temp-allocator-size-gi-baking-worker=262144"
    "memorysetup-temp-allocator-size-gi-baking-worker=262144"
    "memorysetup-temp-allocator-size-gfx=262144"
Player connection [22896] Host "[IP] 192.168.56.1 [Port] 0 [Flags] 2 [Guid] 2082501644 [EditorId] 2082501644 [Version] 1048832 [Id] WindowsEditor(7,DESKTOP-JC97NB1) [Debug] 1 [PackageName] WindowsEditor [ProjectName] Editor" joined multi-casting on [225.0.0.222:54997]...
Player connection [22896] Host "[IP] 192.168.56.1 [Port] 0 [Flags] 2 [Guid] 2082501644 [EditorId] 2082501644 [Version] 1048832 [Id] WindowsEditor(7,DESKTOP-JC97NB1) [Debug] 1 [PackageName] WindowsEditor [ProjectName] Editor" joined alternative multi-casting on [225.0.0.222:34997]...
JobSystem: Creating JobQueue using job-worker-count value 7
[Physics::Module] Initialized MultithreadedJobDispatcher with 7 workers.
Library Redirect Path: Library/
Refreshing native plugins compatible for Editor in 130.94 ms, found 4 plugins.
Preloading 0 native plugins for Editor in 0.00 ms.
Initialize engine version: 2023.2.16f1 (7f45223012db)
[Subsystems] Discovering subsystems at path C:/Оперативная/Unity/2023.2.16f1/Editor/Data/Resources/UnitySubsystems
[Subsystems] Discovering subsystems at path C:/Users/MIKU/My project/first-CS-Game/Slavic egg clamp/Assets
GfxDevice: creating device client; kGfxThreadingModeNonThreaded
Direct3D:
    Version:  Direct3D 11.0 [level 11.1]
    Renderer: NVIDIA GeForce RTX 3050 Laptop GPU (ID=0x25a2)
    Vendor:   NVIDIA
    VRAM:     3977 MB
    Driver:   31.0.15.4633
Initialize mono
Mono path[0] = 'C:/Оперативная/Unity/2023.2.16f1/Editor/Data/Managed'
Mono path[1] = 'C:/Оперативная/Unity/2023.2.16f1/Editor/Data/MonoBleedingEdge/lib/mono/unityjit-win32'
Mono config path = 'C:/Оперативная/Unity/2023.2.16f1/Editor/Data/MonoBleedingEdge/etc'
Using monoOptions --debugger-agent=transport=dt_socket,embedding=1,server=y,suspend=n,address=127.0.0.1:56560
Begin MonoManager ReloadAssembly
C:\build\output\Unity-Technologies\mono\mono\metadata\icall.c:1842:
C:\build\output\Unity-Technologies\mono\mono\metadata\icall.c:1842:
C:\build\output\Unity-Technologies\mono\mono\metadata\icall.c:1842:
C:\build\output\Unity-Technologies\mono\mono\metadata\icall.c:1842:
C:\build\output\Unity-Technologies\mono\mono\metadata\icall.c:1842:
C:\build\output\Unity-Technologies\mono\mono\metadata\icall.c:1842:
C:\build\output\Unity-Technologies\mono\mono\metadata\icall.c:1842:
C:\build\output\Unity-Technologies\mono\mono\metadata\icall.c:1842:
C:\build\output\Unity-Technologies\mono\mono\metadata\icall.c:1842:
C:\build\output\Unity-Technologies\mono\mono\metadata\icall.c:1842:
Registering precompiled unity dll's ...
Register platform support module: C:/Оперативная/Unity/2023.2.16f1/Editor/Data/PlaybackEngines/WindowsStandaloneSupport/UnityEditor.WindowsStandalone.Extensions.dll
Register platform support module: C:/Оперативная/Unity/2023.2.16f1/Editor/Data/PlaybackEngines/MetroSupport/UnityEditor.UWP.Extensions.dll
Registered in 0.048048 seconds.
- Loaded All Assemblies, in  2.018 seconds
Native extension for UWP target not found
Native extension for WindowsStandalone target not found
Mono: successfully reloaded assembly
C:\build\output\Unity-Technologies\mono\mono\metadata\icall.c:1842:
C:\build\output\Unity-Technologies\mono\mono\metadata\icall.c:1842:
- Finished resetting the current domain, in  0.427 seconds
Domain Reload Profiling: 2442ms
	BeginReloadAssembly (1576ms)
		ExecutionOrderSort (0ms)
		DisableScriptedObjects (0ms)
		BackupInstance (0ms)
		ReleaseScriptingObjects (0ms)
		CreateAndSetChildDomain (1ms)
	RebuildCommonClasses (97ms)
	RebuildNativeTypeToScriptingClass (12ms)
	initialDomainReloadingComplete (111ms)
	LoadAllAssembliesAndSetupDomain (218ms)
		LoadAssemblies (1573ms)
		RebuildTransferFunctionScriptingTraits (0ms)
		AnalyzeDomain (215ms)
			TypeCache.Refresh (213ms)
				TypeCache.ScanAssembly (193ms)
			BuildScriptInfoCaches (0ms)
			ResolveRequiredComponents (1ms)
	FinalizeReload (428ms)
		ReleaseScriptCaches (0ms)
		RebuildScriptCaches (0ms)
		SetupLoadedEditorAssemblies (368ms)
			LogAssemblyErrors (0ms)
			InitializePlatformSupportModulesInManaged (58ms)
			SetLoadedEditorAssemblies (5ms)
			BeforeProcessingInitializeOnLoad (7ms)
			ProcessInitializeOnLoadAttributes (238ms)
			ProcessInitializeOnLoadMethodAttributes (61ms)
			AfterProcessingInitializeOnLoad (0ms)
			EditorAssembliesLoaded (0ms)
		ExecutionOrderSort2 (0ms)
		AwakeInstancesAfterBackupRestoration (0ms)
========================================================================
Worker process is ready to serve import requests
Import Worker Mode flag is 0x00
Begin MonoManager ReloadAssembly
C:\build\output\Unity-Technologies\mono\mono\metadata\icall.c:1842:
C:\build\output\Unity-Technologies\mono\mono\metadata\icall.c:1842:
C:\build\output\Unity-Technologies\mono\mono\metadata\icall.c:1842:
C:\build\output\Unity-Technologies\mono\mono\metadata\icall.c:1842:
C:\build\output\Unity-Technologies\mono\mono\metadata\icall.c:1842:
C:\build\output\Unity-Technologies\mono\mono\metadata\icall.c:1842:
C:\build\output\Unity-Technologies\mono\mono\metadata\icall.c:1842:
C:\build\output\Unity-Technologies\mono\mono\metadata\icall.c:1842:
C:\build\output\Unity-Technologies\mono\mono\metadata\icall.c:1842:
C:\build\output\Unity-Technologies\mono\mono\metadata\icall.c:1842:
C:\build\output\Unity-Technologies\mono\mono\metadata\icall.c:1842:
C:\build\output\Unity-Technologies\mono\mono\metadata\icall.c:1842:
- Loaded All Assemblies, in  2.394 seconds
Refreshing native plugins compatible for Editor in 2.04 ms, found 4 plugins.
Native extension for UWP target not found
Native extension for WindowsStandalone target not found
Refreshing native plugins compatible for Editor in 2.26 ms, found 4 plugins.
Mono: successfully reloaded assembly
- Finished resetting the current domain, in  1.107 seconds
Domain Reload Profiling: 3484ms
	BeginReloadAssembly (405ms)
		ExecutionOrderSort (0ms)
		DisableScriptedObjects (7ms)
		BackupInstance (0ms)
		ReleaseScriptingObjects (0ms)
		CreateAndSetChildDomain (38ms)
	RebuildCommonClasses (40ms)
	RebuildNativeTypeToScriptingClass (13ms)
	initialDomainReloadingComplete (53ms)
	LoadAllAssembliesAndSetupDomain (1866ms)
		LoadAssemblies (1722ms)
		RebuildTransferFunctionScriptingTraits (0ms)
		AnalyzeDomain (270ms)
			TypeCache.Refresh (220ms)
				TypeCache.ScanAssembly (194ms)
			BuildScriptInfoCaches (40ms)
			ResolveRequiredComponents (7ms)
	FinalizeReload (1108ms)
		ReleaseScriptCaches (0ms)
		RebuildScriptCaches (0ms)
		SetupLoadedEditorAssemblies (869ms)
			LogAssemblyErrors (0ms)
			InitializePlatformSupportModulesInManaged (15ms)
			SetLoadedEditorAssemblies (4ms)
			BeforeProcessingInitializeOnLoad (98ms)
			ProcessInitializeOnLoadAttributes (681ms)
			ProcessInitializeOnLoadMethodAttributes (60ms)
			AfterProcessingInitializeOnLoad (11ms)
			EditorAssembliesLoaded (1ms)
		ExecutionOrderSort2 (0ms)
		AwakeInstancesAfterBackupRestoration (13ms)
Launched and connected shader compiler UnityShaderCompiler.exe after 0.08 seconds
Refreshing native plugins compatible for Editor in 2.61 ms, found 4 plugins.
Preloading 0 native plugins for Editor in 0.00 ms.
Unloading 19 Unused Serialized files (Serialized files now loaded: 0)
Unloading 4864 unused Assets / (1.6 MB). Loaded Objects now: 5441.
Memory consumption went from 128.5 MB to 126.9 MB.
Total: 9.887600 ms (FindLiveObjects: 0.699000 ms CreateObjectMapping: 0.833200 ms MarkObjects: 6.128600 ms  DeleteObjects: 2.224500 ms)

========================================================================
Received Import Request.
  Time since last request: 57228.133937 seconds.
  path: Assets/villegeTexture/ground1/TX Tileset Ground_40.asset
  artifactKey: Guid(24669be3ee004184f997081b8fbfab04) Importer(815301076,1909f56bfc062723c751e8b465ee728b)
Start importing Assets/villegeTexture/ground1/TX Tileset Ground_40.asset using Guid(24669be3ee004184f997081b8fbfab04) Importer(815301076,1909f56bfc062723c751e8b465ee728b) (PreviewImporter) -> (artifact id: '84806e6966f2a2af504282564905b962') in 0.0733066 seconds
Number of updated asset objects reloaded before import = 0Number of asset objects unloaded after import = 3

========================================================================
Received Import Request.
  Time since last request: 0.281026 seconds.
  path: Assets/villegeTexture/ground1/TX Tileset Ground_92.asset
  artifactKey: Guid(61ae29d997b9ae44fba499aea9f70d11) Importer(815301076,1909f56bfc062723c751e8b465ee728b)
Start importing Assets/villegeTexture/ground1/TX Tileset Ground_92.asset using Guid(61ae29d997b9ae44fba499aea9f70d11) Importer(815301076,1909f56bfc062723c751e8b465ee728b) (PreviewImporter) -> (artifact id: '2d6eae9ad3f4562f81de87dd3413613f') in 0.006741 seconds
Number of updated asset objects reloaded before import = 0Number of asset objects unloaded after import = 3

========================================================================
Received Import Request.
  Time since last request: 0.243786 seconds.
  path: Assets/villegeTexture/ground1/TX Tileset Ground_130.asset
  artifactKey: Guid(ec18384441832024e882cffdbb2eb1d7) Importer(815301076,1909f56bfc062723c751e8b465ee728b)
Start importing Assets/villegeTexture/ground1/TX Tileset Ground_130.asset using Guid(ec18384441832024e882cffdbb2eb1d7) Importer(815301076,1909f56bfc062723c751e8b465ee728b) (PreviewImporter) -> (artifact id: 'bb69e1f0a77144c522588e60ff1d42c7') in 0.0058653 seconds
Number of updated asset objects reloaded before import = 0Number of asset objects unloaded after import = 3

========================================================================
Received Import Request.
  Time since last request: 0.110047 seconds.
  path: Assets/villegeTexture/ground1/TX Village Props - Arrow.asset
  artifactKey: Guid(62f12f86edd1ee645b505854d06dae23) Importer(815301076,1909f56bfc062723c751e8b465ee728b)
Start importing Assets/villegeTexture/ground1/TX Village Props - Arrow.asset using Guid(62f12f86edd1ee645b505854d06dae23) Importer(815301076,1909f56bfc062723c751e8b465ee728b) (PreviewImporter) -> (artifact id: 'e5b9facee87ce25aefe63340b5d81def') in 0.0123552 seconds
Number of updated asset objects reloaded before import = 0Number of asset objects unloaded after import = 3

========================================================================
Received Import Request.
  Time since last request: 0.030964 seconds.
  path: Assets/villegeTexture/ground1/TX Village Props - Banner Pillar.asset
  artifactKey: Guid(e433df3ee47a6474bbbeab776b40b172) Importer(815301076,1909f56bfc062723c751e8b465ee728b)
Start importing Assets/villegeTexture/ground1/TX Village Props - Banner Pillar.asset using Guid(e433df3ee47a6474bbbeab776b40b172) Importer(815301076,1909f56bfc062723c751e8b465ee728b) (PreviewImporter) -> (artifact id: 'b2eb4b10986e7f71b5388eaabf172b9a') in 0.0094035 seconds
Number of updated asset objects reloaded before import = 0Number of asset objects unloaded after import = 3

========================================================================
Received Import Request.
  Time since last request: 0.006617 seconds.
  path: Assets/villegeTexture/ground1/TX Village Props - Billboard Noti 01.asset
  artifactKey: Guid(701b5e269823d304db90cc5e5ea3b9dd) Importer(815301076,1909f56bfc062723c751e8b465ee728b)
Start importing Assets/villegeTexture/ground1/TX Village Props - Billboard Noti 01.asset using Guid(701b5e269823d304db90cc5e5ea3b9dd) Importer(815301076,1909f56bfc062723c751e8b465ee728b) (PreviewImporter) -> (artifact id: '2f86a863eaf3c76206578ab7e16a0856') in 0.0094195 seconds
Number of updated asset objects reloaded before import = 0Number of asset objects unloaded after import = 3

========================================================================
Received Import Request.
  Time since last request: 0.003217 seconds.
  path: Assets/villegeTexture/ground1/TX Village Props - Bounding Platform 01.asset
  artifactKey: Guid(2c7514dbcc865fa468bb54b088e9c549) Importer(815301076,1909f56bfc062723c751e8b465ee728b)
Start importing Assets/villegeTexture/ground1/TX Village Props - Bounding Platform 01.asset using Guid(2c7514dbcc865fa468bb54b088e9c549) Importer(815301076,1909f56bfc062723c751e8b465ee728b) (PreviewImporter) -> (artifact id: 'a4fcf96bd9d8e5c4f7b4356e9cdda58d') in 0.0106187 seconds
Number of updated asset objects reloaded before import = 0Number of asset objects unloaded after import = 3

========================================================================
Received Import Request.
  Time since last request: 0.000993 seconds.
  path: Assets/villegeTexture/ground1/TX Village Props - Bucket.asset
  artifactKey: Guid(fff2880059808294fa964159118cdba1) Importer(815301076,1909f56bfc062723c751e8b465ee728b)
Start importing Assets/villegeTexture/ground1/TX Village Props - Bucket.asset using Guid(fff2880059808294fa964159118cdba1) Importer(815301076,1909f56bfc062723c751e8b465ee728b) (PreviewImporter) -> (artifact id: '1424f9184a58c1e764c9b82dece85808') in 0.0093451 seconds
Number of updated asset objects reloaded before import = 0Number of asset objects unloaded after import = 3

========================================================================
Received Import Request.
  Time since last request: 0.002958 seconds.
  path: Assets/villegeTexture/ground1/TX Village Props - Campfire.asset
  artifactKey: Guid(ce83c7ef3852d984fbebd13166e7cf36) Importer(815301076,1909f56bfc062723c751e8b465ee728b)
Start importing Assets/villegeTexture/ground1/TX Village Props - Campfire.asset using Guid(ce83c7ef3852d984fbebd13166e7cf36) Importer(815301076,1909f56bfc062723c751e8b465ee728b) (PreviewImporter) -> (artifact id: 'a616a86ec8151bfc98358990abe70003') in 0.0091949 seconds
Number of updated asset objects reloaded before import = 0Number of asset objects unloaded after import = 3

========================================================================
Received Import Request.
  Time since last request: 0.055941 seconds.
  path: Assets/villegeTexture/ground1/TX Village Props - Chest Silver.asset
  artifactKey: Guid(3ae7d3df84de19c4d84b34ccb6069193) Importer(815301076,1909f56bfc062723c751e8b465ee728b)
Start importing Assets/villegeTexture/ground1/TX Village Props - Chest Silver.asset using Guid(3ae7d3df84de19c4d84b34ccb6069193) Importer(815301076,1909f56bfc062723c751e8b465ee728b) (PreviewImporter) -> (artifact id: '4480bd906d3ccdf2e09c29bcc568fcd3') in 0.009673 seconds
Number of updated asset objects reloaded before import = 0Number of asset objects unloaded after import = 3

========================================================================
Received Import Request.
  Time since last request: 0.012278 seconds.
  path: Assets/villegeTexture/ground1/TX Village Props - Cloth 06.asset
  artifactKey: Guid(fb56f7b8253ddac4480f2b4629ce86a7) Importer(815301076,1909f56bfc062723c751e8b465ee728b)
Start importing Assets/villegeTexture/ground1/TX Village Props - Cloth 06.asset using Guid(fb56f7b8253ddac4480f2b4629ce86a7) Importer(815301076,1909f56bfc062723c751e8b465ee728b) (PreviewImporter) -> (artifact id: 'ec422d4a70d295f1ee7936d8cac5b3c7') in 0.0101151 seconds
Number of updated asset objects reloaded before import = 0Number of asset objects unloaded after import = 3

========================================================================
Received Import Request.
  Time since last request: 0.025338 seconds.
  path: Assets/villegeTexture/ground1/TX Village Props - Crate Large.asset
  artifactKey: Guid(1a5a044e2c0ea5f4d820e765bca386cb) Importer(815301076,1909f56bfc062723c751e8b465ee728b)
Start importing Assets/villegeTexture/ground1/TX Village Props - Crate Large.asset using Guid(1a5a044e2c0ea5f4d820e765bca386cb) Importer(815301076,1909f56bfc062723c751e8b465ee728b) (PreviewImporter) -> (artifact id: 'deb41d36f63bda91ae6977a4ba190803') in 0.0078727 seconds
Number of updated asset objects reloaded before import = 0Number of asset objects unloaded after import = 3

========================================================================
Received Import Request.
  Time since last request: 0.042336 seconds.
  path: Assets/villegeTexture/ground1/TX Village Props - Fence 02 Pillar.asset
  artifactKey: Guid(6389e7578289172458b32fe2c8b63a6c) Importer(815301076,1909f56bfc062723c751e8b465ee728b)
Start importing Assets/villegeTexture/ground1/TX Village Props - Fence 02 Pillar.asset using Guid(6389e7578289172458b32fe2c8b63a6c) Importer(815301076,1909f56bfc062723c751e8b465ee728b) (PreviewImporter) -> (artifact id: '28599e133d890ff2b52595af9ce867cf') in 0.0075834 seconds
Number of updated asset objects reloaded before import = 0Number of asset objects unloaded after import = 3

========================================================================
Received Import Request.
  Time since last request: 0.044512 seconds.
  path: Assets/villegeTexture/ground1/TX Village Props - Grass 09.asset
  artifactKey: Guid(ea9b6e77c4fbf8740b6240b60e4c9da1) Importer(815301076,1909f56bfc062723c751e8b465ee728b)
Start importing Assets/villegeTexture/ground1/TX Village Props - Grass 09.asset using Guid(ea9b6e77c4fbf8740b6240b60e4c9da1) Importer(815301076,1909f56bfc062723c751e8b465ee728b) (PreviewImporter) -> (artifact id: 'debd590b033cd5cd65c3fc38820bc62e') in 0.0085393 seconds
Number of updated asset objects reloaded before import = 0Number of asset objects unloaded after import = 3

========================================================================
Received Import Request.
  Time since last request: 0.051817 seconds.
  path: Assets/villegeTexture/ground1/TX Village Props - Hay Pile.asset
  artifactKey: Guid(b032812ffb055cc4ca8e6883422f0f24) Importer(815301076,1909f56bfc062723c751e8b465ee728b)
Start importing Assets/villegeTexture/ground1/TX Village Props - Hay Pile.asset using Guid(b032812ffb055cc4ca8e6883422f0f24) Importer(815301076,1909f56bfc062723c751e8b465ee728b) (PreviewImporter) -> (artifact id: 'b41081a3e23b87ab7891d973db764581') in 0.0089928 seconds
Number of updated asset objects reloaded before import = 0Number of asset objects unloaded after import = 3

========================================================================
Received Import Request.
  Time since last request: 0.051350 seconds.
  path: Assets/villegeTexture/ground1/TX Village Props - Ladder 01 Side LM 02.asset
  artifactKey: Guid(636582c01cefc6248a7fb7f6a077e359) Importer(815301076,1909f56bfc062723c751e8b465ee728b)
Start importing Assets/villegeTexture/ground1/TX Village Props - Ladder 01 Side LM 02.asset using Guid(636582c01cefc6248a7fb7f6a077e359) Importer(815301076,1909f56bfc062723c751e8b465ee728b) (PreviewImporter) -> (artifact id: '30a5240d56700f8d699234036497b99b') in 0.0082999 seconds
Number of updated asset objects reloaded before import = 0Number of asset objects unloaded after import = 3

========================================================================
Received Import Request.
  Time since last request: 0.006203 seconds.
  path: Assets/villegeTexture/ground1/TX Village Props - Ladder 01 Side RT.asset
  artifactKey: Guid(ad83262fccfb38f48955360cfc9f36a2) Importer(815301076,1909f56bfc062723c751e8b465ee728b)
Start importing Assets/villegeTexture/ground1/TX Village Props - Ladder 01 Side RT.asset using Guid(ad83262fccfb38f48955360cfc9f36a2) Importer(815301076,1909f56bfc062723c751e8b465ee728b) (PreviewImporter) -> (artifact id: '7afda29acd6ce5df3400a14fabd95d9c') in 0.0102313 seconds
Number of updated asset objects reloaded before import = 0Number of asset objects unloaded after import = 3

========================================================================
Received Import Request.
  Time since last request: 0.020841 seconds.
  path: Assets/villegeTexture/ground1/TX Village Props - Ladder 02 Step B.asset
  artifactKey: Guid(4782599f2ad0af84f81eddb73f739414) Importer(815301076,1909f56bfc062723c751e8b465ee728b)
Start importing Assets/villegeTexture/ground1/TX Village Props - Ladder 02 Step B.asset using Guid(4782599f2ad0af84f81eddb73f739414) Importer(815301076,1909f56bfc062723c751e8b465ee728b) (PreviewImporter) -> (artifact id: 'a9fc20c9bb721b68644ff3a91d5ff4c5') in 0.0082479 seconds
Number of updated asset objects reloaded before import = 0Number of asset objects unloaded after import = 3

========================================================================
Received Import Request.
  Time since last request: 0.017425 seconds.
  path: Assets/villegeTexture/ground1/TX Village Props - Obstacle Platform X40.asset
  artifactKey: Guid(02072068619b4ca428e49fa98558a735) Importer(815301076,1909f56bfc062723c751e8b465ee728b)
Start importing Assets/villegeTexture/ground1/TX Village Props - Obstacle Platform X40.asset using Guid(02072068619b4ca428e49fa98558a735) Importer(815301076,1909f56bfc062723c751e8b465ee728b) (PreviewImporter) -> (artifact id: '54ade30e365a3bc4384f3f4bb79485d2') in 0.008723 seconds
Number of updated asset objects reloaded before import = 0Number of asset objects unloaded after import = 3

========================================================================
Received Import Request.
  Time since last request: 0.002685 seconds.
  path: Assets/villegeTexture/ground1/TX Village Props - Platform M 01.asset
  artifactKey: Guid(cfa691465ec1a334099313aa03494b68) Importer(815301076,1909f56bfc062723c751e8b465ee728b)
Start importing Assets/villegeTexture/ground1/TX Village Props - Platform M 01.asset using Guid(cfa691465ec1a334099313aa03494b68) Importer(815301076,1909f56bfc062723c751e8b465ee728b) (PreviewImporter) -> (artifact id: '90b11294d8ce8b387f02c37e7675d4d7') in 0.0091588 seconds
Number of updated asset objects reloaded before import = 0Number of asset objects unloaded after import = 3

========================================================================
Received Import Request.
  Time since last request: 0.006193 seconds.
  path: Assets/villegeTexture/ground1/TX Village Props - Pot 01.asset
  artifactKey: Guid(4a96d910c26b35a4b879f3eb4aee3ae6) Importer(815301076,1909f56bfc062723c751e8b465ee728b)
Start importing Assets/villegeTexture/ground1/TX Village Props - Pot 01.asset using Guid(4a96d910c26b35a4b879f3eb4aee3ae6) Importer(815301076,1909f56bfc062723c751e8b465ee728b) (PreviewImporter) -> (artifact id: '33dc16d794ba08a22bf2269c13b03a4e') in 0.0097223 seconds
Number of updated asset objects reloaded before import = 0Number of asset objects unloaded after import = 3

========================================================================
Received Import Request.
  Time since last request: 0.025563 seconds.
  path: Assets/villegeTexture/ground1/TX Village Props - Road Lamp Pillar.asset
  artifactKey: Guid(2cc69a6606e898d47ac396d94e1469e5) Importer(815301076,1909f56bfc062723c751e8b465ee728b)
Start importing Assets/villegeTexture/ground1/TX Village Props - Road Lamp Pillar.asset using Guid(2cc69a6606e898d47ac396d94e1469e5) Importer(815301076,1909f56bfc062723c751e8b465ee728b) (PreviewImporter) -> (artifact id: '142ba0395ba5d9fc14966c498db0d414') in 0.0083326 seconds
Number of updated asset objects reloaded before import = 0Number of asset objects unloaded after import = 3

========================================================================
Received Import Request.
  Time since last request: 0.004036 seconds.
  path: Assets/villegeTexture/ground1/TX Village Props - Road Sign Text 01.asset
  artifactKey: Guid(001aa7345cda36e47a77da75ca744fbc) Importer(815301076,1909f56bfc062723c751e8b465ee728b)
Start importing Assets/villegeTexture/ground1/TX Village Props - Road Sign Text 01.asset using Guid(001aa7345cda36e47a77da75ca744fbc) Importer(815301076,1909f56bfc062723c751e8b465ee728b) (PreviewImporter) -> (artifact id: 'a51a282ad2e9737a08f06b4c33772d73') in 0.008474 seconds
Number of updated asset objects reloaded before import = 0Number of asset objects unloaded after import = 3

========================================================================
Received Import Request.
  Time since last request: 0.010118 seconds.
  path: Assets/villegeTexture/ground1/TX Village Props - Scarecrow.asset
  artifactKey: Guid(b297a0d2c5060884ca61e3e6cdd50f30) Importer(815301076,1909f56bfc062723c751e8b465ee728b)
Start importing Assets/villegeTexture/ground1/TX Village Props - Scarecrow.asset using Guid(b297a0d2c5060884ca61e3e6cdd50f30) Importer(815301076,1909f56bfc062723c751e8b465ee728b) (PreviewImporter) -> (artifact id: '77197f44059479494b3b5f1e04edbfd5') in 0.00904 seconds
Number of updated asset objects reloaded before import = 0Number of asset objects unloaded after import = 3

========================================================================
Received Import Request.
  Time since last request: 0.002707 seconds.
  path: Assets/villegeTexture/ground1/TX Village Props - Sign Text 01.asset
  artifactKey: Guid(6aaed6108292f90409130504372076cc) Importer(815301076,1909f56bfc062723c751e8b465ee728b)
Start importing Assets/villegeTexture/ground1/TX Village Props - Sign Text 01.asset using Guid(6aaed6108292f90409130504372076cc) Importer(815301076,1909f56bfc062723c751e8b465ee728b) (PreviewImporter) -> (artifact id: '148fbe5c7bb4e7dbd72706fc80cc37c2') in 0.0087089 seconds
Number of updated asset objects reloaded before import = 0Number of asset objects unloaded after import = 3

========================================================================
Received Import Request.
  Time since last request: 0.002972 seconds.
  path: Assets/villegeTexture/ground1/TX Village Props - Spike Plate.asset
  artifactKey: Guid(3031baeb622e81f4b9be76cdd5b4b01d) Importer(815301076,1909f56bfc062723c751e8b465ee728b)
Start importing Assets/villegeTexture/ground1/TX Village Props - Spike Plate.asset using Guid(3031baeb622e81f4b9be76cdd5b4b01d) Importer(815301076,1909f56bfc062723c751e8b465ee728b) (PreviewImporter) -> (artifact id: '50930721690901756ca13b1b049f552d') in 0.0089537 seconds
Number of updated asset objects reloaded before import = 0Number of asset objects unloaded after import = 3

========================================================================
Received Import Request.
  Time since last request: 2.639547 seconds.
  path: Assets/villegeTexture/ground1/TX Village Props - Stall Fruit 01.asset
  artifactKey: Guid(1d2af13e463773a4f92decce3236197b) Importer(815301076,1909f56bfc062723c751e8b465ee728b)
Start importing Assets/villegeTexture/ground1/TX Village Props - Stall Fruit 01.asset using Guid(1d2af13e463773a4f92decce3236197b) Importer(815301076,1909f56bfc062723c751e8b465ee728b) (PreviewImporter) -> (artifact id: '7b9773729eeb409b54e0b8103ea2937b') in 0.0116226 seconds
Number of updated asset objects reloaded before import = 0Number of asset objects unloaded after import = 3

========================================================================
Received Import Request.
  Time since last request: 0.002072 seconds.
  path: Assets/villegeTexture/ground1/TX Village Props - Stall Tent.asset
  artifactKey: Guid(acfe4d19de145164ab97ce0506666f02) Importer(815301076,1909f56bfc062723c751e8b465ee728b)
Start importing Assets/villegeTexture/ground1/TX Village Props - Stall Tent.asset using Guid(acfe4d19de145164ab97ce0506666f02) Importer(815301076,1909f56bfc062723c751e8b465ee728b) (PreviewImporter) -> (artifact id: '3914d541ffeeca9e36bc802a3ab12bd9') in 0.0119101 seconds
Number of updated asset objects reloaded before import = 0Number of asset objects unloaded after import = 3

========================================================================
Received Import Request.
  Time since last request: 0.281776 seconds.
  path: Assets/villegeTexture/ground1/TX Village Props - Sunflower 01.asset
  artifactKey: Guid(fb22fe2b7f7107d45a87296679e77d51) Importer(815301076,1909f56bfc062723c751e8b465ee728b)
Start importing Assets/villegeTexture/ground1/TX Village Props - Sunflower 01.asset using Guid(fb22fe2b7f7107d45a87296679e77d51) Importer(815301076,1909f56bfc062723c751e8b465ee728b) (PreviewImporter) -> (artifact id: '9ca21277bd337a8b4f31d611caa6c688') in 0.012606 seconds
Number of updated asset objects reloaded before import = 0Number of asset objects unloaded after import = 3

========================================================================
Received Import Request.
  Time since last request: 0.000925 seconds.
  path: Assets/villegeTexture/ground1/TX Village Props - Torch.asset
  artifactKey: Guid(2e36855351236da4d81602be245ea86e) Importer(815301076,1909f56bfc062723c751e8b465ee728b)
Start importing Assets/villegeTexture/ground1/TX Village Props - Torch.asset using Guid(2e36855351236da4d81602be245ea86e) Importer(815301076,1909f56bfc062723c751e8b465ee728b) (PreviewImporter) -> (artifact id: '0aafa579a4f64d56846eff04a007a0b2') in 0.0123849 seconds
Number of updated asset objects reloaded before import = 0Number of asset objects unloaded after import = 3

========================================================================
Received Import Request.
  Time since last request: 0.012072 seconds.
  path: Assets/villegeTexture/ground1/TX Village Props - Well.asset
  artifactKey: Guid(0f8711b813cf5604d889ed7e22c1ad41) Importer(815301076,1909f56bfc062723c751e8b465ee728b)
Start importing Assets/villegeTexture/ground1/TX Village Props - Well.asset using Guid(0f8711b813cf5604d889ed7e22c1ad41) Importer(815301076,1909f56bfc062723c751e8b465ee728b) (PreviewImporter) -> (artifact id: 'ff222b9fbab62f601ed966fe9138cb17') in 0.0114459 seconds
Number of updated asset objects reloaded before import = 0Number of asset objects unloaded after import = 3

========================================================================
Received Import Request.
  Time since last request: 0.001126 seconds.
  path: Assets/villegeTexture/ground1/TX Village Props - Wheat 04.asset
  artifactKey: Guid(e1aa529a73a3e554a9f7a4afe1cf7488) Importer(815301076,1909f56bfc062723c751e8b465ee728b)
Start importing Assets/villegeTexture/ground1/TX Village Props - Wheat 04.asset using Guid(e1aa529a73a3e554a9f7a4afe1cf7488) Importer(815301076,1909f56bfc062723c751e8b465ee728b) (PreviewImporter) -> (artifact id: '82c987bb746606a848a5075c9c836467') in 0.0115784 seconds
Number of updated asset objects reloaded before import = 0Number of asset objects unloaded after import = 3

========================================================================
Received Import Request.
  Time since last request: 0.000423 seconds.
  path: Assets/villegeTexture/ground1/TX Village Props - White Bottle.asset
  artifactKey: Guid(be4c6778887158646abacf3f366799d5) Importer(815301076,1909f56bfc062723c751e8b465ee728b)
Start importing Assets/villegeTexture/ground1/TX Village Props - White Bottle.asset using Guid(be4c6778887158646abacf3f366799d5) Importer(815301076,1909f56bfc062723c751e8b465ee728b) (PreviewImporter) -> (artifact id: '34fee7eaf639a14783375b65ea828926') in 0.0133468 seconds
Number of updated asset objects reloaded before import = 0Number of asset objects unloaded after import = 3

========================================================================
Received Import Request.
  Time since last request: 0.382483 seconds.
  path: Assets/villegeTexture/ground1/TX Village Props - Wooden Bridge Part 03.asset
  artifactKey: Guid(f5cd221d73c025b4e98edab8063b0a9b) Importer(815301076,1909f56bfc062723c751e8b465ee728b)
Start importing Assets/villegeTexture/ground1/TX Village Props - Wooden Bridge Part 03.asset using Guid(f5cd221d73c025b4e98edab8063b0a9b) Importer(815301076,1909f56bfc062723c751e8b465ee728b) (PreviewImporter) -> (artifact id: '570f557c97b3cdc9f82367c56f8bae22') in 0.0130312 seconds
Number of updated asset objects reloaded before import = 0Number of asset objects unloaded after import = 3

========================================================================
Received Import Request.
  Time since last request: 54.085176 seconds.
  path: Assets/Textures/SunnyLand Artwork/Sprites/Fx/enemy-death/enemy-death-4.png
  artifactKey: Guid(662dde2f5e71c4d47aadb2a90334c7c8) Importer(815301076,1909f56bfc062723c751e8b465ee728b)
Start importing Assets/Textures/SunnyLand Artwork/Sprites/Fx/enemy-death/enemy-death-4.png using Guid(662dde2f5e71c4d47aadb2a90334c7c8) Importer(815301076,1909f56bfc062723c751e8b465ee728b) (PreviewImporter) -> (artifact id: '31a66191e10a757c8c70044235386dde') in 0.0589291 seconds
Number of updated asset objects reloaded before import = 0Number of asset objects unloaded after import = 3

Editor requested this worker to shutdown with reason: Scaling down because of idle timeout
AssetImportWorker is now disconnected from the server
Process exiting
Exiting without the bug reporter. Application will terminate with return code 0