Using pre-set license
Built from '2023.2/staging' branch; Version is '2023.2.16f1 (7f45223012db) revision 8340770'; Using compiler version '193431935'; Build Type 'Release'
OS: 'Windows 10  (10.0.19045) 64bit Professional' Language: 'ru' Physical Memory: 15775 MB
BatchMode: 1, IsHumanControllingUs: 0, StartBugReporterOnCrash: 0, Is64bit: 1, IsPro: 1

COMMAND LINE ARGUMENTS:
C:\Оперативная\Unity\2023.2.16f1\Editor\Unity.exe
-adb2
-batchMode
-noUpm
-name
AssetImportWorker10
-projectPath
C:/Users/MIKU/My project/first-CS-Game/Slavic egg clamp
-logFile
Logs/AssetImportWorker10.log
-srvPort
5222
-job-worker-count
7
-background-job-worker-count
8
-asset-garbage-collectors
1
Successfully changed project path to: C:/Users/MIKU/My project/first-CS-Game/Slavic egg clamp
C:/Users/MIKU/My project/first-CS-Game/Slavic egg clamp
[UnityMemory] Configuration Parameters - Can be set up in boot.config
    "memorysetup-bucket-allocator-granularity=16"
    "memorysetup-bucket-allocator-bucket-count=8"
    "memorysetup-bucket-allocator-block-size=33554432"
    "memorysetup-bucket-allocator-block-count=8"
    "memorysetup-main-allocator-block-size=16777216"
    "memorysetup-thread-allocator-block-size=16777216"
    "memorysetup-gfx-main-allocator-block-size=16777216"
    "memorysetup-gfx-thread-allocator-block-size=16777216"
    "memorysetup-cache-allocator-block-size=4194304"
    "memorysetup-typetree-allocator-block-size=2097152"
    "memorysetup-profiler-bucket-allocator-granularity=16"
    "memorysetup-profiler-bucket-allocator-bucket-count=8"
    "memorysetup-profiler-bucket-allocator-block-size=33554432"
    "memorysetup-profiler-bucket-allocator-block-count=8"
    "memorysetup-profiler-allocator-block-size=16777216"
    "memorysetup-profiler-editor-allocator-block-size=1048576"
    "memorysetup-temp-allocator-size-main=16777216"
    "memorysetup-job-temp-allocator-block-size=2097152"
    "memorysetup-job-temp-allocator-block-size-background=1048576"
    "memorysetup-job-temp-allocator-reduction-small-platforms=262144"
    "memorysetup-allocator-temp-initial-block-size-main=262144"
    "memorysetup-allocator-temp-initial-block-size-worker=262144"
    "memorysetup-temp-allocator-size-background-worker=32768"
    "memorysetup-temp-allocator-size-job-worker=262144"
    "memorysetup-temp-allocator-size-preload-manager=33554432"
    "memorysetup-temp-allocator-size-nav-mesh-worker=65536"
    "memorysetup-temp-allocator-size-audio-worker=65536"
    "memorysetup-temp-allocator-size-cloud-worker=32768"
    "memorysetup-temp-allocator-size-gi-baking-worker=262144"
    "memorysetup-temp-allocator-size-gi-baking-worker=262144"
    "memorysetup-temp-allocator-size-gi-baking-worker=262144"
    "memorysetup-temp-allocator-size-gi-baking-worker=262144"
    "memorysetup-temp-allocator-size-gfx=262144"
Player connection [13780] Host "[IP] 192.168.56.1 [Port] 0 [Flags] 2 [Guid] 2506191373 [EditorId] 2506191373 [Version] 1048832 [Id] WindowsEditor(7,DESKTOP-JC97NB1) [Debug] 1 [PackageName] WindowsEditor [ProjectName] Editor" joined multi-casting on [225.0.0.222:54997]...
Player connection [13780] Host "[IP] 192.168.56.1 [Port] 0 [Flags] 2 [Guid] 2506191373 [EditorId] 2506191373 [Version] 1048832 [Id] WindowsEditor(7,DESKTOP-JC97NB1) [Debug] 1 [PackageName] WindowsEditor [ProjectName] Editor" joined alternative multi-casting on [225.0.0.222:34997]...
JobSystem: Creating JobQueue using job-worker-count value 7
[Physics::Module] Initialized MultithreadedJobDispatcher with 7 workers.
Library Redirect Path: Library/
Refreshing native plugins compatible for Editor in 4.31 ms, found 4 plugins.
Preloading 0 native plugins for Editor in 0.00 ms.
Initialize engine version: 2023.2.16f1 (7f45223012db)
[Subsystems] Discovering subsystems at path C:/Оперативная/Unity/2023.2.16f1/Editor/Data/Resources/UnitySubsystems
[Subsystems] Discovering subsystems at path C:/Users/MIKU/My project/first-CS-Game/Slavic egg clamp/Assets
GfxDevice: creating device client; kGfxThreadingModeNonThreaded
Direct3D:
    Version:  Direct3D 11.0 [level 11.1]
    Renderer: NVIDIA GeForce RTX 3050 Laptop GPU (ID=0x25a2)
    Vendor:   NVIDIA
    VRAM:     3977 MB
    Driver:   31.0.15.4633
Initialize mono
Mono path[0] = 'C:/Оперативная/Unity/2023.2.16f1/Editor/Data/Managed'
Mono path[1] = 'C:/Оперативная/Unity/2023.2.16f1/Editor/Data/MonoBleedingEdge/lib/mono/unityjit-win32'
Mono config path = 'C:/Оперативная/Unity/2023.2.16f1/Editor/Data/MonoBleedingEdge/etc'
Using monoOptions --debugger-agent=transport=dt_socket,embedding=1,server=y,suspend=n,address=127.0.0.1:56548
Begin MonoManager ReloadAssembly
C:\build\output\Unity-Technologies\mono\mono\metadata\icall.c:1842:
C:\build\output\Unity-Technologies\mono\mono\metadata\icall.c:1842:
C:\build\output\Unity-Technologies\mono\mono\metadata\icall.c:1842:
C:\build\output\Unity-Technologies\mono\mono\metadata\icall.c:1842:
C:\build\output\Unity-Technologies\mono\mono\metadata\icall.c:1842:
C:\build\output\Unity-Technologies\mono\mono\metadata\icall.c:1842:
C:\build\output\Unity-Technologies\mono\mono\metadata\icall.c:1842:
C:\build\output\Unity-Technologies\mono\mono\metadata\icall.c:1842:
C:\build\output\Unity-Technologies\mono\mono\metadata\icall.c:1842:
C:\build\output\Unity-Technologies\mono\mono\metadata\icall.c:1842:
Registering precompiled unity dll's ...
Register platform support module: C:/Оперативная/Unity/2023.2.16f1/Editor/Data/PlaybackEngines/WindowsStandaloneSupport/UnityEditor.WindowsStandalone.Extensions.dll
Register platform support module: C:/Оперативная/Unity/2023.2.16f1/Editor/Data/PlaybackEngines/MetroSupport/UnityEditor.UWP.Extensions.dll
Registered in 0.020278 seconds.
- Loaded All Assemblies, in  0.716 seconds
Native extension for UWP target not found
Native extension for WindowsStandalone target not found
Mono: successfully reloaded assembly
C:\build\output\Unity-Technologies\mono\mono\metadata\icall.c:1842:
C:\build\output\Unity-Technologies\mono\mono\metadata\icall.c:1842:
- Finished resetting the current domain, in  0.608 seconds
Domain Reload Profiling: 1319ms
	BeginReloadAssembly (257ms)
		ExecutionOrderSort (0ms)
		DisableScriptedObjects (0ms)
		BackupInstance (0ms)
		ReleaseScriptingObjects (0ms)
		CreateAndSetChildDomain (1ms)
	RebuildCommonClasses (61ms)
	RebuildNativeTypeToScriptingClass (18ms)
	initialDomainReloadingComplete (106ms)
	LoadAllAssembliesAndSetupDomain (268ms)
		LoadAssemblies (252ms)
		RebuildTransferFunctionScriptingTraits (0ms)
		AnalyzeDomain (264ms)
			TypeCache.Refresh (262ms)
				TypeCache.ScanAssembly (238ms)
			BuildScriptInfoCaches (0ms)
			ResolveRequiredComponents (1ms)
	FinalizeReload (609ms)
		ReleaseScriptCaches (0ms)
		RebuildScriptCaches (0ms)
		SetupLoadedEditorAssemblies (514ms)
			LogAssemblyErrors (0ms)
			InitializePlatformSupportModulesInManaged (99ms)
			SetLoadedEditorAssemblies (10ms)
			BeforeProcessingInitializeOnLoad (9ms)
			ProcessInitializeOnLoadAttributes (320ms)
			ProcessInitializeOnLoadMethodAttributes (76ms)
			AfterProcessingInitializeOnLoad (0ms)
			EditorAssembliesLoaded (0ms)
		ExecutionOrderSort2 (0ms)
		AwakeInstancesAfterBackupRestoration (0ms)
========================================================================
Worker process is ready to serve import requests
Import Worker Mode flag is 0x00
Begin MonoManager ReloadAssembly
C:\build\output\Unity-Technologies\mono\mono\metadata\icall.c:1842:
C:\build\output\Unity-Technologies\mono\mono\metadata\icall.c:1842:
C:\build\output\Unity-Technologies\mono\mono\metadata\icall.c:1842:
C:\build\output\Unity-Technologies\mono\mono\metadata\icall.c:1842:
C:\build\output\Unity-Technologies\mono\mono\metadata\icall.c:1842:
C:\build\output\Unity-Technologies\mono\mono\metadata\icall.c:1842:
C:\build\output\Unity-Technologies\mono\mono\metadata\icall.c:1842:
C:\build\output\Unity-Technologies\mono\mono\metadata\icall.c:1842:
C:\build\output\Unity-Technologies\mono\mono\metadata\icall.c:1842:
C:\build\output\Unity-Technologies\mono\mono\metadata\icall.c:1842:
C:\build\output\Unity-Technologies\mono\mono\metadata\icall.c:1842:
C:\build\output\Unity-Technologies\mono\mono\metadata\icall.c:1842:
- Loaded All Assemblies, in  1.542 seconds
Refreshing native plugins compatible for Editor in 2.83 ms, found 4 plugins.
Native extension for UWP target not found
Native extension for WindowsStandalone target not found
Refreshing native plugins compatible for Editor in 3.24 ms, found 4 plugins.
Mono: successfully reloaded assembly
- Finished resetting the current domain, in  1.322 seconds
Domain Reload Profiling: 2874ms
	BeginReloadAssembly (549ms)
		ExecutionOrderSort (0ms)
		DisableScriptedObjects (9ms)
		BackupInstance (0ms)
		ReleaseScriptingObjects (0ms)
		CreateAndSetChildDomain (57ms)
	RebuildCommonClasses (57ms)
	RebuildNativeTypeToScriptingClass (20ms)
	initialDomainReloadingComplete (72ms)
	LoadAllAssembliesAndSetupDomain (832ms)
		LoadAssemblies (678ms)
		RebuildTransferFunctionScriptingTraits (0ms)
		AnalyzeDomain (340ms)
			TypeCache.Refresh (282ms)
				TypeCache.ScanAssembly (242ms)
			BuildScriptInfoCaches (44ms)
			ResolveRequiredComponents (10ms)
	FinalizeReload (1344ms)
		ReleaseScriptCaches (0ms)
		RebuildScriptCaches (0ms)
		SetupLoadedEditorAssemblies (941ms)
			LogAssemblyErrors (0ms)
			InitializePlatformSupportModulesInManaged (25ms)
			SetLoadedEditorAssemblies (6ms)
			BeforeProcessingInitializeOnLoad (129ms)
			ProcessInitializeOnLoadAttributes (689ms)
			ProcessInitializeOnLoadMethodAttributes (80ms)
			AfterProcessingInitializeOnLoad (12ms)
			EditorAssembliesLoaded (0ms)
		ExecutionOrderSort2 (0ms)
		AwakeInstancesAfterBackupRestoration (14ms)
Launched and connected shader compiler UnityShaderCompiler.exe after 0.04 seconds
Refreshing native plugins compatible for Editor in 4.03 ms, found 4 plugins.
Preloading 0 native plugins for Editor in 0.00 ms.
Unloading 19 Unused Serialized files (Serialized files now loaded: 0)
Unloading 4869 unused Assets / (1.7 MB). Loaded Objects now: 5449.
Memory consumption went from 131.0 MB to 129.3 MB.
Total: 11.120000 ms (FindLiveObjects: 0.935600 ms CreateObjectMapping: 0.845900 ms MarkObjects: 7.189200 ms  DeleteObjects: 2.144400 ms)

========================================================================
Received Import Request.
  Time since last request: 117694.666033 seconds.
  path: Assets/Textures/Pixel2DCastleTileset/Sprites/Sliced/wood_env_47.asset
  artifactKey: Guid(27a6a5687095bf54281a2f4656221da3) Importer(815301076,1909f56bfc062723c751e8b465ee728b)
Start importing Assets/Textures/Pixel2DCastleTileset/Sprites/Sliced/wood_env_47.asset using Guid(27a6a5687095bf54281a2f4656221da3) Importer(815301076,1909f56bfc062723c751e8b465ee728b) (PreviewImporter) -> (artifact id: '27a1798df8b8f26bed755988712055db') in 0.0727367 seconds
Number of updated asset objects reloaded before import = 0Number of asset objects unloaded after import = 3

========================================================================
Received Import Request.
  Time since last request: 0.000028 seconds.
  path: Assets/Textures/Pixel2DCastleTileset/Sprites/Sliced/wood_env_54.asset
  artifactKey: Guid(beb1628e39ee0854898b04f8a4fd9dd8) Importer(815301076,1909f56bfc062723c751e8b465ee728b)
Start importing Assets/Textures/Pixel2DCastleTileset/Sprites/Sliced/wood_env_54.asset using Guid(beb1628e39ee0854898b04f8a4fd9dd8) Importer(815301076,1909f56bfc062723c751e8b465ee728b) (PreviewImporter) -> (artifact id: '00b0c5b9a6d1b875181b5c6634a20f81') in 0.0083317 seconds
Number of updated asset objects reloaded before import = 0Number of asset objects unloaded after import = 3

========================================================================
Received Import Request.
  Time since last request: 0.000017 seconds.
  path: Assets/Textures/Pixel2DCastleTileset/Sprites/Sliced/wood_env_51.asset
  artifactKey: Guid(743504322c8877445b14cba30fe86f14) Importer(815301076,1909f56bfc062723c751e8b465ee728b)
Start importing Assets/Textures/Pixel2DCastleTileset/Sprites/Sliced/wood_env_51.asset using Guid(743504322c8877445b14cba30fe86f14) Importer(815301076,1909f56bfc062723c751e8b465ee728b) (PreviewImporter) -> (artifact id: '738612589d269d5cab286b8895b0cd90') in 0.0060504 seconds
Number of updated asset objects reloaded before import = 0Number of asset objects unloaded after import = 3

========================================================================
Received Import Request.
  Time since last request: 0.000024 seconds.
  path: Assets/Textures/Pixel2DCastleTileset/Sprites/Sliced/wood_env_58.asset
  artifactKey: Guid(694121bd98fe93e469aa8e361dc97682) Importer(815301076,1909f56bfc062723c751e8b465ee728b)
Start importing Assets/Textures/Pixel2DCastleTileset/Sprites/Sliced/wood_env_58.asset using Guid(694121bd98fe93e469aa8e361dc97682) Importer(815301076,1909f56bfc062723c751e8b465ee728b) (PreviewImporter) -> (artifact id: '85e6a490cccfc8ddbadba90504e004bd') in 0.0063246 seconds
Number of updated asset objects reloaded before import = 0Number of asset objects unloaded after import = 3

========================================================================
Received Import Request.
  Time since last request: 0.000020 seconds.
  path: Assets/Textures/Pixel2DCastleTileset/Sprites/Sliced/wood_env_64.asset
  artifactKey: Guid(88f064a8b7c001d4f91a9b16e2b93723) Importer(815301076,1909f56bfc062723c751e8b465ee728b)
Start importing Assets/Textures/Pixel2DCastleTileset/Sprites/Sliced/wood_env_64.asset using Guid(88f064a8b7c001d4f91a9b16e2b93723) Importer(815301076,1909f56bfc062723c751e8b465ee728b) (PreviewImporter) -> (artifact id: 'ea4a2008d9b02a0e599be1a8cff24b2e') in 0.0065466 seconds
Number of updated asset objects reloaded before import = 0Number of asset objects unloaded after import = 3

========================================================================
Received Import Request.
  Time since last request: 0.000025 seconds.
  path: Assets/Textures/Pixel2DCastleTileset/Sprites/Sliced/wood_env_89.asset
  artifactKey: Guid(fc9e51a4712e96b43ac4621ad95da0e3) Importer(815301076,1909f56bfc062723c751e8b465ee728b)
Start importing Assets/Textures/Pixel2DCastleTileset/Sprites/Sliced/wood_env_89.asset using Guid(fc9e51a4712e96b43ac4621ad95da0e3) Importer(815301076,1909f56bfc062723c751e8b465ee728b) (PreviewImporter) -> (artifact id: '9f91fedbd2662b57157d9f8e4718d773') in 0.00784 seconds
Number of updated asset objects reloaded before import = 0Number of asset objects unloaded after import = 3

========================================================================
Received Import Request.
  Time since last request: 0.000027 seconds.
  path: Assets/Textures/Pixel2DCastleTileset/Sprites/Sliced/wood_env_61.asset
  artifactKey: Guid(013f663b8f66d9f459d2e33d357f39fd) Importer(815301076,1909f56bfc062723c751e8b465ee728b)
Start importing Assets/Textures/Pixel2DCastleTileset/Sprites/Sliced/wood_env_61.asset using Guid(013f663b8f66d9f459d2e33d357f39fd) Importer(815301076,1909f56bfc062723c751e8b465ee728b) (PreviewImporter) -> (artifact id: '86743bfadd24667a147e064433d93299') in 0.0074309 seconds
Number of updated asset objects reloaded before import = 0Number of asset objects unloaded after import = 3

========================================================================
Received Import Request.
  Time since last request: 0.000021 seconds.
  path: Assets/Textures/Pixel2DCastleTileset/Sprites/Sliced/wood_env_65.asset
  artifactKey: Guid(f759ad7141b609e44aed4b05cfd3c442) Importer(815301076,1909f56bfc062723c751e8b465ee728b)
Start importing Assets/Textures/Pixel2DCastleTileset/Sprites/Sliced/wood_env_65.asset using Guid(f759ad7141b609e44aed4b05cfd3c442) Importer(815301076,1909f56bfc062723c751e8b465ee728b) (PreviewImporter) -> (artifact id: 'a65361da9fea7f23519894df0ecc454e') in 0.0070665 seconds
Number of updated asset objects reloaded before import = 0Number of asset objects unloaded after import = 3

========================================================================
Received Import Request.
  Time since last request: 0.000017 seconds.
  path: Assets/Textures/Pixel2DCastleTileset/Sprites/Sliced/wood_env_86.asset
  artifactKey: Guid(148d488e25c74324e93e900226483246) Importer(815301076,1909f56bfc062723c751e8b465ee728b)
Start importing Assets/Textures/Pixel2DCastleTileset/Sprites/Sliced/wood_env_86.asset using Guid(148d488e25c74324e93e900226483246) Importer(815301076,1909f56bfc062723c751e8b465ee728b) (PreviewImporter) -> (artifact id: 'dd5a20ae72784e73c6256c6bb604b9b7') in 0.0064615 seconds
Number of updated asset objects reloaded before import = 0Number of asset objects unloaded after import = 3

========================================================================
Received Import Request.
  Time since last request: 0.000022 seconds.
  path: Assets/Textures/Pixel2DCastleTileset/Sprites/Sliced/wood_env_71.asset
  artifactKey: Guid(a115d188dc3f57643a76e401546597a2) Importer(815301076,1909f56bfc062723c751e8b465ee728b)
Start importing Assets/Textures/Pixel2DCastleTileset/Sprites/Sliced/wood_env_71.asset using Guid(a115d188dc3f57643a76e401546597a2) Importer(815301076,1909f56bfc062723c751e8b465ee728b) (PreviewImporter) -> (artifact id: '9ea75f36edce47b0843d8d736bf1f812') in 0.0078028 seconds
Number of updated asset objects reloaded before import = 0Number of asset objects unloaded after import = 3

========================================================================
Received Import Request.
  Time since last request: 0.000027 seconds.
  path: Assets/Textures/Pixel2DCastleTileset/Sprites/Sliced/wood_env_69.asset
  artifactKey: Guid(45f3400ab32f08049ab5a86b441e0628) Importer(815301076,1909f56bfc062723c751e8b465ee728b)
Start importing Assets/Textures/Pixel2DCastleTileset/Sprites/Sliced/wood_env_69.asset using Guid(45f3400ab32f08049ab5a86b441e0628) Importer(815301076,1909f56bfc062723c751e8b465ee728b) (PreviewImporter) -> (artifact id: '139dfbf4fd0b61123ed9f9f71386a351') in 0.0087189 seconds
Number of updated asset objects reloaded before import = 0Number of asset objects unloaded after import = 3

========================================================================
Received Import Request.
  Time since last request: 0.000030 seconds.
  path: Assets/Textures/Pixel2DCastleTileset/Sprites/Sliced/wood_env_88.asset
  artifactKey: Guid(28e21d05690b4cd4dbcd40266935d3a9) Importer(815301076,1909f56bfc062723c751e8b465ee728b)
Start importing Assets/Textures/Pixel2DCastleTileset/Sprites/Sliced/wood_env_88.asset using Guid(28e21d05690b4cd4dbcd40266935d3a9) Importer(815301076,1909f56bfc062723c751e8b465ee728b) (PreviewImporter) -> (artifact id: '995fb3d612fa8e64f416633176cbafa7') in 0.0091219 seconds
Number of updated asset objects reloaded before import = 0Number of asset objects unloaded after import = 3

========================================================================
Received Import Request.
  Time since last request: 0.000030 seconds.
  path: Assets/Textures/Pixel2DCastleTileset/Sprites/Sliced/wood_env_77.asset
  artifactKey: Guid(4bbb37a0b145b184ebbb8f26718042dd) Importer(815301076,1909f56bfc062723c751e8b465ee728b)
Start importing Assets/Textures/Pixel2DCastleTileset/Sprites/Sliced/wood_env_77.asset using Guid(4bbb37a0b145b184ebbb8f26718042dd) Importer(815301076,1909f56bfc062723c751e8b465ee728b) (PreviewImporter) -> (artifact id: '85f4c152742c8ffc2e1026b7040d0343') in 0.0067813 seconds
Number of updated asset objects reloaded before import = 0Number of asset objects unloaded after import = 3

========================================================================
Received Import Request.
  Time since last request: 0.000022 seconds.
  path: Assets/Textures/Pixel2DCastleTileset/Sprites/Sliced/wood_env_76.asset
  artifactKey: Guid(4bb5d4edceda895428854c5a16863c74) Importer(815301076,1909f56bfc062723c751e8b465ee728b)
Start importing Assets/Textures/Pixel2DCastleTileset/Sprites/Sliced/wood_env_76.asset using Guid(4bb5d4edceda895428854c5a16863c74) Importer(815301076,1909f56bfc062723c751e8b465ee728b) (PreviewImporter) -> (artifact id: '9db7c3afe9940a7241db37d50f1fb42e') in 0.0251283 seconds
Number of updated asset objects reloaded before import = 0Number of asset objects unloaded after import = 3

========================================================================
Received Import Request.
  Time since last request: 0.000019 seconds.
  path: Assets/Textures/Pixel2DCastleTileset/Sprites/Sliced/wood_env_57.asset
  artifactKey: Guid(d3789804d553f954eb0799e1fce7ea77) Importer(815301076,1909f56bfc062723c751e8b465ee728b)
Start importing Assets/Textures/Pixel2DCastleTileset/Sprites/Sliced/wood_env_57.asset using Guid(d3789804d553f954eb0799e1fce7ea77) Importer(815301076,1909f56bfc062723c751e8b465ee728b) (PreviewImporter) -> (artifact id: '261b0ae2374a52a1f3b848b818504cea') in 0.0061261 seconds
Number of updated asset objects reloaded before import = 0Number of asset objects unloaded after import = 3

========================================================================
Received Import Request.
  Time since last request: 0.000021 seconds.
  path: Assets/Textures/Pixel2DCastleTileset/Sprites/Sliced/wood_env_75.asset
  artifactKey: Guid(386e39198b2af4a4ca6a86349e97081e) Importer(815301076,1909f56bfc062723c751e8b465ee728b)
Start importing Assets/Textures/Pixel2DCastleTileset/Sprites/Sliced/wood_env_75.asset using Guid(386e39198b2af4a4ca6a86349e97081e) Importer(815301076,1909f56bfc062723c751e8b465ee728b) (PreviewImporter) -> (artifact id: 'f54dbb66497fe5a87be25ba93fc3041c') in 0.00665 seconds
Number of updated asset objects reloaded before import = 0Number of asset objects unloaded after import = 3

========================================================================
Received Import Request.
  Time since last request: 0.000017 seconds.
  path: Assets/Textures/Pixel2DCastleTileset/Sprites/Sliced/wood_env_79.asset
  artifactKey: Guid(8012f5dd77c4e0740b18784763bca9ae) Importer(815301076,1909f56bfc062723c751e8b465ee728b)
Start importing Assets/Textures/Pixel2DCastleTileset/Sprites/Sliced/wood_env_79.asset using Guid(8012f5dd77c4e0740b18784763bca9ae) Importer(815301076,1909f56bfc062723c751e8b465ee728b) (PreviewImporter) -> (artifact id: '32ac1ea7acb638542b08f20a4d074fea') in 0.0061692 seconds
Number of updated asset objects reloaded before import = 0Number of asset objects unloaded after import = 3

========================================================================
Received Import Request.
  Time since last request: 0.000018 seconds.
  path: Assets/Textures/Pixel2DCastleTileset/Sprites/Sliced/wood_env_93.asset
  artifactKey: Guid(b560797d3403e8a45884b0e293b05221) Importer(815301076,1909f56bfc062723c751e8b465ee728b)
Start importing Assets/Textures/Pixel2DCastleTileset/Sprites/Sliced/wood_env_93.asset using Guid(b560797d3403e8a45884b0e293b05221) Importer(815301076,1909f56bfc062723c751e8b465ee728b) (PreviewImporter) -> (artifact id: 'e31d8b8f68465488e5bf2cd1ce97ead5') in 0.0074373 seconds
Number of updated asset objects reloaded before import = 0Number of asset objects unloaded after import = 3

========================================================================
Received Import Request.
  Time since last request: 0.000018 seconds.
  path: Assets/Textures/Pixel2DCastleTileset/Sprites/Sliced/wood_env_67.asset
  artifactKey: Guid(1ad141eb6cd0e6d438d2dceafb430acf) Importer(815301076,1909f56bfc062723c751e8b465ee728b)
Start importing Assets/Textures/Pixel2DCastleTileset/Sprites/Sliced/wood_env_67.asset using Guid(1ad141eb6cd0e6d438d2dceafb430acf) Importer(815301076,1909f56bfc062723c751e8b465ee728b) (PreviewImporter) -> (artifact id: '2605e6f407c0ddf2a15f1d1d0dcb6b94') in 0.0061398 seconds
Number of updated asset objects reloaded before import = 0Number of asset objects unloaded after import = 3

========================================================================
Received Import Request.
  Time since last request: 0.000018 seconds.
  path: Assets/Textures/Pixel2DCastleTileset/Sprites/Sliced/wood_env_90.asset
  artifactKey: Guid(61376c9cae8a66643b4ed2496a1e6054) Importer(815301076,1909f56bfc062723c751e8b465ee728b)
Start importing Assets/Textures/Pixel2DCastleTileset/Sprites/Sliced/wood_env_90.asset using Guid(61376c9cae8a66643b4ed2496a1e6054) Importer(815301076,1909f56bfc062723c751e8b465ee728b) (PreviewImporter) -> (artifact id: '27c764542538791a9216f769ba6dc897') in 0.0074912 seconds
Number of updated asset objects reloaded before import = 0Number of asset objects unloaded after import = 3

========================================================================
Received Import Request.
  Time since last request: 0.000025 seconds.
  path: Assets/Textures/Pixel2DCastleTileset/Sprites/Sliced/wood_env_72.asset
  artifactKey: Guid(7c62cfd897a01ae4d8591d7a4b98fa00) Importer(815301076,1909f56bfc062723c751e8b465ee728b)
Start importing Assets/Textures/Pixel2DCastleTileset/Sprites/Sliced/wood_env_72.asset using Guid(7c62cfd897a01ae4d8591d7a4b98fa00) Importer(815301076,1909f56bfc062723c751e8b465ee728b) (PreviewImporter) -> (artifact id: '6fbdbe131c78bd149a8985ff301f11cb') in 0.0071626 seconds
Number of updated asset objects reloaded before import = 0Number of asset objects unloaded after import = 3

========================================================================
Received Import Request.
  Time since last request: 0.000024 seconds.
  path: Assets/Textures/Pixel2DCastleTileset/Sprites/Sliced/wood_env_91.asset
  artifactKey: Guid(fa45be0d743f38d4c8f70431c83440f1) Importer(815301076,1909f56bfc062723c751e8b465ee728b)
Start importing Assets/Textures/Pixel2DCastleTileset/Sprites/Sliced/wood_env_91.asset using Guid(fa45be0d743f38d4c8f70431c83440f1) Importer(815301076,1909f56bfc062723c751e8b465ee728b) (PreviewImporter) -> (artifact id: 'ea5101a37b90d79989e718342c704002') in 0.0085227 seconds
Number of updated asset objects reloaded before import = 0Number of asset objects unloaded after import = 3

========================================================================
Received Import Request.
  Time since last request: 0.000030 seconds.
  path: Assets/Textures/Pixel2DCastleTileset/Sprites/Sliced/wood_env_62.asset
  artifactKey: Guid(fbd474b523855e644b1e57fe4456c2d8) Importer(815301076,1909f56bfc062723c751e8b465ee728b)
Start importing Assets/Textures/Pixel2DCastleTileset/Sprites/Sliced/wood_env_62.asset using Guid(fbd474b523855e644b1e57fe4456c2d8) Importer(815301076,1909f56bfc062723c751e8b465ee728b) (PreviewImporter) -> (artifact id: '02a5bd64ca2e4dcbf25cac30d5f79a6d') in 0.0074432 seconds
Number of updated asset objects reloaded before import = 0Number of asset objects unloaded after import = 3

========================================================================
Received Import Request.
  Time since last request: 0.000026 seconds.
  path: Assets/Textures/Pixel2DCastleTileset/Sprites/Sliced/wood_env_59.asset
  artifactKey: Guid(d5577ad9be1f06e42b9d215bcb4e67b9) Importer(815301076,1909f56bfc062723c751e8b465ee728b)
Start importing Assets/Textures/Pixel2DCastleTileset/Sprites/Sliced/wood_env_59.asset using Guid(d5577ad9be1f06e42b9d215bcb4e67b9) Importer(815301076,1909f56bfc062723c751e8b465ee728b) (PreviewImporter) -> (artifact id: '09ed35c468e0c92ab6be5c7ea94cd134') in 0.0079204 seconds
Number of updated asset objects reloaded before import = 0Number of asset objects unloaded after import = 3

========================================================================
Received Import Request.
  Time since last request: 0.274468 seconds.
  path: Assets/Textures/Pixel2DCastleTileset/Sprites/Sliced/wood_env_95.asset
  artifactKey: Guid(565abbf063db45344816cb71570ba8e6) Importer(815301076,1909f56bfc062723c751e8b465ee728b)
Start importing Assets/Textures/Pixel2DCastleTileset/Sprites/Sliced/wood_env_95.asset using Guid(565abbf063db45344816cb71570ba8e6) Importer(815301076,1909f56bfc062723c751e8b465ee728b) (PreviewImporter) -> (artifact id: 'd00c6417a35e29aa6722d0d0bf86cef5') in 0.0075758 seconds
Number of updated asset objects reloaded before import = 0Number of asset objects unloaded after import = 3

========================================================================
Received Import Request.
  Time since last request: 0.000016 seconds.
  path: Assets/Textures/Pixel2DCastleTileset/Sprites/Sliced/wood_env_100.asset
  artifactKey: Guid(936e7bd49e874b94199662284699c526) Importer(815301076,1909f56bfc062723c751e8b465ee728b)
Start importing Assets/Textures/Pixel2DCastleTileset/Sprites/Sliced/wood_env_100.asset using Guid(936e7bd49e874b94199662284699c526) Importer(815301076,1909f56bfc062723c751e8b465ee728b) (PreviewImporter) -> (artifact id: '5af4b8d6b72bb1537a22a745d3a20928') in 0.0081173 seconds
Number of updated asset objects reloaded before import = 0Number of asset objects unloaded after import = 3

========================================================================
Received Import Request.
  Time since last request: 0.000029 seconds.
  path: Assets/Textures/Pixel2DCastleTileset/Sprites/Sliced/wood_env_97.asset
  artifactKey: Guid(cd2d4eb514fb1ba4c8f63bae84e51713) Importer(815301076,1909f56bfc062723c751e8b465ee728b)
Start importing Assets/Textures/Pixel2DCastleTileset/Sprites/Sliced/wood_env_97.asset using Guid(cd2d4eb514fb1ba4c8f63bae84e51713) Importer(815301076,1909f56bfc062723c751e8b465ee728b) (PreviewImporter) -> (artifact id: '5ee5ab8188a8e3a03d50d7bd43d1b531') in 0.0089235 seconds
Number of updated asset objects reloaded before import = 0Number of asset objects unloaded after import = 3

========================================================================
Received Import Request.
  Time since last request: 0.000020 seconds.
  path: Assets/Textures/Pixel2DCastleTileset/Sprites/Sliced/wood_env_102.asset
  artifactKey: Guid(554b4fdf9837851449da72b45952c903) Importer(815301076,1909f56bfc062723c751e8b465ee728b)
Start importing Assets/Textures/Pixel2DCastleTileset/Sprites/Sliced/wood_env_102.asset using Guid(554b4fdf9837851449da72b45952c903) Importer(815301076,1909f56bfc062723c751e8b465ee728b) (PreviewImporter) -> (artifact id: 'af85a7b0baac474c0d70ca55cd2e4256') in 0.0088207 seconds
Number of updated asset objects reloaded before import = 0Number of asset objects unloaded after import = 3

========================================================================
Received Import Request.
  Time since last request: 0.000027 seconds.
  path: Assets/Textures/Pixel2DCastleTileset/Sprites/Sliced/wood_env_99.asset
  artifactKey: Guid(4b4ce21ed03e2084787413ac58335128) Importer(815301076,1909f56bfc062723c751e8b465ee728b)
Start importing Assets/Textures/Pixel2DCastleTileset/Sprites/Sliced/wood_env_99.asset using Guid(4b4ce21ed03e2084787413ac58335128) Importer(815301076,1909f56bfc062723c751e8b465ee728b) (PreviewImporter) -> (artifact id: 'd1237efcbd5f39d75a9c2b7068c62848') in 0.0069601 seconds
Number of updated asset objects reloaded before import = 0Number of asset objects unloaded after import = 3

========================================================================
Received Import Request.
  Time since last request: 0.000037 seconds.
  path: Assets/Textures/Pixel2DCastleTileset/Sprites/Sliced/wood_env_101.asset
  artifactKey: Guid(4e40e6d803a7ba04faa7e36c55315ba8) Importer(815301076,1909f56bfc062723c751e8b465ee728b)
Start importing Assets/Textures/Pixel2DCastleTileset/Sprites/Sliced/wood_env_101.asset using Guid(4e40e6d803a7ba04faa7e36c55315ba8) Importer(815301076,1909f56bfc062723c751e8b465ee728b) (PreviewImporter) -> (artifact id: '8a9498132dcb154a07f16210fd934015') in 0.0064253 seconds
Number of updated asset objects reloaded before import = 0Number of asset objects unloaded after import = 3

========================================================================
Received Import Request.
  Time since last request: 0.006801 seconds.
  path: Assets/Textures/Pixel2DCastleTileset/Sprites/Sliced/wood_env_106.asset
  artifactKey: Guid(3b055b57fecf2ee47a5cb20c96ceb777) Importer(815301076,1909f56bfc062723c751e8b465ee728b)
Start importing Assets/Textures/Pixel2DCastleTileset/Sprites/Sliced/wood_env_106.asset using Guid(3b055b57fecf2ee47a5cb20c96ceb777) Importer(815301076,1909f56bfc062723c751e8b465ee728b) (PreviewImporter) -> (artifact id: '05be568486e68b5b1249203cdb94676b') in 0.0083233 seconds
Number of updated asset objects reloaded before import = 0Number of asset objects unloaded after import = 3

========================================================================
Received Import Request.
  Time since last request: 0.000019 seconds.
  path: Assets/Textures/Pixel2DCastleTileset/Sprites/Sliced/wood_env_113.asset
  artifactKey: Guid(8749c2ac9833aa340be80e3ef3fd0ef5) Importer(815301076,1909f56bfc062723c751e8b465ee728b)
Start importing Assets/Textures/Pixel2DCastleTileset/Sprites/Sliced/wood_env_113.asset using Guid(8749c2ac9833aa340be80e3ef3fd0ef5) Importer(815301076,1909f56bfc062723c751e8b465ee728b) (PreviewImporter) -> (artifact id: '951b9eb5b0f86c5ae12e356d4812c0bc') in 0.0075565 seconds
Number of updated asset objects reloaded before import = 0Number of asset objects unloaded after import = 3

========================================================================
Received Import Request.
  Time since last request: 0.000025 seconds.
  path: Assets/Textures/Pixel2DCastleTileset/Sprites/Sliced/wood_env_117.asset
  artifactKey: Guid(609c43c343bf4534d825825dc01d72a5) Importer(815301076,1909f56bfc062723c751e8b465ee728b)
Start importing Assets/Textures/Pixel2DCastleTileset/Sprites/Sliced/wood_env_117.asset using Guid(609c43c343bf4534d825825dc01d72a5) Importer(815301076,1909f56bfc062723c751e8b465ee728b) (PreviewImporter) -> (artifact id: '85584855a952875a127ddcbd28789ac9') in 0.0086291 seconds
Number of updated asset objects reloaded before import = 0Number of asset objects unloaded after import = 3

========================================================================
Received Import Request.
  Time since last request: 0.000029 seconds.
  path: Assets/Textures/Pixel2DCastleTileset/Sprites/Sliced/wood_env_109.asset
  artifactKey: Guid(ed433f456bf60744784fcf7429410284) Importer(815301076,1909f56bfc062723c751e8b465ee728b)
Start importing Assets/Textures/Pixel2DCastleTileset/Sprites/Sliced/wood_env_109.asset using Guid(ed433f456bf60744784fcf7429410284) Importer(815301076,1909f56bfc062723c751e8b465ee728b) (PreviewImporter) -> (artifact id: 'b922517ccafeb7ee99798bf6efe98cd7') in 0.0085 seconds
Number of updated asset objects reloaded before import = 0Number of asset objects unloaded after import = 3

========================================================================
Received Import Request.
  Time since last request: 0.000020 seconds.
  path: Assets/Textures/Pixel2DCastleTileset/Sprites/Sliced/wood_env_114.asset
  artifactKey: Guid(ff2c1b0ddce473148a507519ee1940be) Importer(815301076,1909f56bfc062723c751e8b465ee728b)
Start importing Assets/Textures/Pixel2DCastleTileset/Sprites/Sliced/wood_env_114.asset using Guid(ff2c1b0ddce473148a507519ee1940be) Importer(815301076,1909f56bfc062723c751e8b465ee728b) (PreviewImporter) -> (artifact id: 'e2248fd6d893a3a64104e2f55d50e68d') in 0.007204 seconds
Number of updated asset objects reloaded before import = 0Number of asset objects unloaded after import = 3

========================================================================
Received Import Request.
  Time since last request: 0.000025 seconds.
  path: Assets/Textures/Pixel2DCastleTileset/Sprites/Sliced/wood_env_118.asset
  artifactKey: Guid(8f55a07a4c1e00d408748c318670a664) Importer(815301076,1909f56bfc062723c751e8b465ee728b)
Start importing Assets/Textures/Pixel2DCastleTileset/Sprites/Sliced/wood_env_118.asset using Guid(8f55a07a4c1e00d408748c318670a664) Importer(815301076,1909f56bfc062723c751e8b465ee728b) (PreviewImporter) -> (artifact id: '27c55eacdf142ef1c6e94e0cf74a614f') in 0.0084035 seconds
Number of updated asset objects reloaded before import = 0Number of asset objects unloaded after import = 3

========================================================================
Received Import Request.
  Time since last request: 0.000023 seconds.
  path: Assets/Textures/Pixel2DCastleTileset/Sprites/Sliced/wood_env_126.asset
  artifactKey: Guid(efb3b189e036bf3419a151c4020641a1) Importer(815301076,1909f56bfc062723c751e8b465ee728b)
Start importing Assets/Textures/Pixel2DCastleTileset/Sprites/Sliced/wood_env_126.asset using Guid(efb3b189e036bf3419a151c4020641a1) Importer(815301076,1909f56bfc062723c751e8b465ee728b) (PreviewImporter) -> (artifact id: 'be14f56904b5b8b518470a270e35e67e') in 0.0064661 seconds
Number of updated asset objects reloaded before import = 0Number of asset objects unloaded after import = 3

========================================================================
Received Import Request.
  Time since last request: 0.001074 seconds.
  path: Assets/Textures/Pixel2DCastleTileset/Sprites/Sliced/wood_env_119.asset
  artifactKey: Guid(f8f849353a1dd04469911a436ae6f743) Importer(815301076,1909f56bfc062723c751e8b465ee728b)
Start importing Assets/Textures/Pixel2DCastleTileset/Sprites/Sliced/wood_env_119.asset using Guid(f8f849353a1dd04469911a436ae6f743) Importer(815301076,1909f56bfc062723c751e8b465ee728b) (PreviewImporter) -> (artifact id: 'e55e75ff5d5352dc18aed199a814f82a') in 0.0077931 seconds
Number of updated asset objects reloaded before import = 0Number of asset objects unloaded after import = 3

========================================================================
Received Import Request.
  Time since last request: 0.000023 seconds.
  path: Assets/Textures/Pixel2DCastleTileset/Sprites/Sliced/wood_env_125.asset
  artifactKey: Guid(47eaab6810132c04b8f99f319edb32ff) Importer(815301076,1909f56bfc062723c751e8b465ee728b)
Start importing Assets/Textures/Pixel2DCastleTileset/Sprites/Sliced/wood_env_125.asset using Guid(47eaab6810132c04b8f99f319edb32ff) Importer(815301076,1909f56bfc062723c751e8b465ee728b) (PreviewImporter) -> (artifact id: '35c5312c113437c4dadabc9fdff677f9') in 0.0066813 seconds
Number of updated asset objects reloaded before import = 0Number of asset objects unloaded after import = 3

========================================================================
Received Import Request.
  Time since last request: 0.000109 seconds.
  path: Assets/Textures/Pixel2DCastleTileset/Sprites/Sliced/wood_env_129.asset
  artifactKey: Guid(ef854cc7328b6454ba33a9b806387743) Importer(815301076,1909f56bfc062723c751e8b465ee728b)
Start importing Assets/Textures/Pixel2DCastleTileset/Sprites/Sliced/wood_env_129.asset using Guid(ef854cc7328b6454ba33a9b806387743) Importer(815301076,1909f56bfc062723c751e8b465ee728b) (PreviewImporter) -> (artifact id: '6511fde6c97d4c1a0092b6dc5a3c4098') in 0.0076703 seconds
Number of updated asset objects reloaded before import = 0Number of asset objects unloaded after import = 3

========================================================================
Received Import Request.
  Time since last request: 0.000031 seconds.
  path: Assets/Textures/Pixel2DCastleTileset/Sprites/Sliced/wood_env_121.asset
  artifactKey: Guid(051c08ca09d21f04ab97f7388863fc3c) Importer(815301076,1909f56bfc062723c751e8b465ee728b)
Start importing Assets/Textures/Pixel2DCastleTileset/Sprites/Sliced/wood_env_121.asset using Guid(051c08ca09d21f04ab97f7388863fc3c) Importer(815301076,1909f56bfc062723c751e8b465ee728b) (PreviewImporter) -> (artifact id: 'd061c6f7f015cd71d7e36cf31e70899a') in 0.0079886 seconds
Number of updated asset objects reloaded before import = 0Number of asset objects unloaded after import = 3

========================================================================
Received Import Request.
  Time since last request: 0.000019 seconds.
  path: Assets/Textures/Pixel2DCastleTileset/Sprites/Sliced/wood_env_116.asset
  artifactKey: Guid(6d9441b9aa5be7741aaece555b9ce8e6) Importer(815301076,1909f56bfc062723c751e8b465ee728b)
Start importing Assets/Textures/Pixel2DCastleTileset/Sprites/Sliced/wood_env_116.asset using Guid(6d9441b9aa5be7741aaece555b9ce8e6) Importer(815301076,1909f56bfc062723c751e8b465ee728b) (PreviewImporter) -> (artifact id: 'bdfb7886fea61e024ff388f590a9434b') in 0.0058469 seconds
Number of updated asset objects reloaded before import = 0Number of asset objects unloaded after import = 3

========================================================================
Received Import Request.
  Time since last request: 0.208829 seconds.
  path: Assets/Textures/Pixel2DCastleTileset/Sprites/Sliced/wood_env_131.asset
  artifactKey: Guid(0ed6922668cd87e40b581063bcb7291e) Importer(815301076,1909f56bfc062723c751e8b465ee728b)
Start importing Assets/Textures/Pixel2DCastleTileset/Sprites/Sliced/wood_env_131.asset using Guid(0ed6922668cd87e40b581063bcb7291e) Importer(815301076,1909f56bfc062723c751e8b465ee728b) (PreviewImporter) -> (artifact id: 'c2cb4d10461e27f011b680439cc3ae3a') in 0.0083524 seconds
Number of updated asset objects reloaded before import = 0Number of asset objects unloaded after import = 3

========================================================================
Received Import Request.
  Time since last request: 0.000019 seconds.
  path: Assets/Textures/Pixel2DCastleTileset/Sprites/Sliced/wood_env_132.asset
  artifactKey: Guid(52a6ccf5f21c1134e9b3eea3e19f2bd1) Importer(815301076,1909f56bfc062723c751e8b465ee728b)
Start importing Assets/Textures/Pixel2DCastleTileset/Sprites/Sliced/wood_env_132.asset using Guid(52a6ccf5f21c1134e9b3eea3e19f2bd1) Importer(815301076,1909f56bfc062723c751e8b465ee728b) (PreviewImporter) -> (artifact id: 'f4ef1be4063593a36b770a514973affa') in 0.006645 seconds
Number of updated asset objects reloaded before import = 0Number of asset objects unloaded after import = 3

========================================================================
Received Import Request.
  Time since last request: 0.000017 seconds.
  path: Assets/Textures/Pixel2DCastleTileset/Sprites/Sliced/wood_env_139.asset
  artifactKey: Guid(ce98915e7eed10349b6c001634440fa3) Importer(815301076,1909f56bfc062723c751e8b465ee728b)
Start importing Assets/Textures/Pixel2DCastleTileset/Sprites/Sliced/wood_env_139.asset using Guid(ce98915e7eed10349b6c001634440fa3) Importer(815301076,1909f56bfc062723c751e8b465ee728b) (PreviewImporter) -> (artifact id: '2ef1469120f76cd0116ce85fc811c9e9') in 0.0069767 seconds
Number of updated asset objects reloaded before import = 0Number of asset objects unloaded after import = 3

========================================================================
Received Import Request.
  Time since last request: 0.000019 seconds.
  path: Assets/Textures/Pixel2DCastleTileset/Sprites/Sliced/wood_env_142.asset
  artifactKey: Guid(5ee764472f27e8d4993a19d96a1b90b9) Importer(815301076,1909f56bfc062723c751e8b465ee728b)
Start importing Assets/Textures/Pixel2DCastleTileset/Sprites/Sliced/wood_env_142.asset using Guid(5ee764472f27e8d4993a19d96a1b90b9) Importer(815301076,1909f56bfc062723c751e8b465ee728b) (PreviewImporter) -> (artifact id: 'e2add69b6cf184929eef24ba5f834d55') in 0.0067535 seconds
Number of updated asset objects reloaded before import = 0Number of asset objects unloaded after import = 3

========================================================================
Received Import Request.
  Time since last request: 0.000020 seconds.
  path: Assets/Textures/Pixel2DCastleTileset/Sprites/Sliced/wood_env_148.asset
  artifactKey: Guid(9ff54bc8245bbe443824ce719ee6682f) Importer(815301076,1909f56bfc062723c751e8b465ee728b)
Start importing Assets/Textures/Pixel2DCastleTileset/Sprites/Sliced/wood_env_148.asset using Guid(9ff54bc8245bbe443824ce719ee6682f) Importer(815301076,1909f56bfc062723c751e8b465ee728b) (PreviewImporter) -> (artifact id: '9a712d10884087643f05ed5818cb8b32') in 0.0080381 seconds
Number of updated asset objects reloaded before import = 0Number of asset objects unloaded after import = 3

========================================================================
Received Import Request.
  Time since last request: 0.000028 seconds.
  path: Assets/Textures/Pixel2DCastleTileset/Sprites/Sliced/wood_env_150.asset
  artifactKey: Guid(51ff1d8ff0c631b42b2bcb3a4468572e) Importer(815301076,1909f56bfc062723c751e8b465ee728b)
Start importing Assets/Textures/Pixel2DCastleTileset/Sprites/Sliced/wood_env_150.asset using Guid(51ff1d8ff0c631b42b2bcb3a4468572e) Importer(815301076,1909f56bfc062723c751e8b465ee728b) (PreviewImporter) -> (artifact id: '10057d67ed7c73da1362ff008ae9fe08') in 0.0076019 seconds
Number of updated asset objects reloaded before import = 0Number of asset objects unloaded after import = 3

========================================================================
Received Import Request.
  Time since last request: 0.000021 seconds.
  path: Assets/Textures/Pixel2DCastleTileset/Sprites/Sliced/wood_env_149.asset
  artifactKey: Guid(7df17df1c789bfe4da117613e22221b1) Importer(815301076,1909f56bfc062723c751e8b465ee728b)
Start importing Assets/Textures/Pixel2DCastleTileset/Sprites/Sliced/wood_env_149.asset using Guid(7df17df1c789bfe4da117613e22221b1) Importer(815301076,1909f56bfc062723c751e8b465ee728b) (PreviewImporter) -> (artifact id: 'a1d85e9b85f013bf7a3e9e5d643af664') in 0.0069108 seconds
Number of updated asset objects reloaded before import = 0Number of asset objects unloaded after import = 3

========================================================================
Received Import Request.
  Time since last request: 0.000026 seconds.
  path: Assets/Textures/Pixel2DCastleTileset/Sprites/Sliced/wood_env_144.asset
  artifactKey: Guid(f66c84fdd64bea746acf92a941ea594e) Importer(815301076,1909f56bfc062723c751e8b465ee728b)
Start importing Assets/Textures/Pixel2DCastleTileset/Sprites/Sliced/wood_env_144.asset using Guid(f66c84fdd64bea746acf92a941ea594e) Importer(815301076,1909f56bfc062723c751e8b465ee728b) (PreviewImporter) -> (artifact id: '9c81a23874daada5dfcd51aef0feb913') in 0.0077372 seconds
Number of updated asset objects reloaded before import = 0Number of asset objects unloaded after import = 3

========================================================================
Received Import Request.
  Time since last request: 0.000023 seconds.
  path: Assets/Textures/Pixel2DCastleTileset/Sprites/Sliced/wood_env_165.asset
  artifactKey: Guid(cab57b42dfd112445b88830669290592) Importer(815301076,1909f56bfc062723c751e8b465ee728b)
Start importing Assets/Textures/Pixel2DCastleTileset/Sprites/Sliced/wood_env_165.asset using Guid(cab57b42dfd112445b88830669290592) Importer(815301076,1909f56bfc062723c751e8b465ee728b) (PreviewImporter) -> (artifact id: '78bea841a6c06f7ff720279b0017c068') in 0.0084723 seconds
Number of updated asset objects reloaded before import = 0Number of asset objects unloaded after import = 3

========================================================================
Received Import Request.
  Time since last request: 0.000022 seconds.
  path: Assets/Textures/Pixel2DCastleTileset/Sprites/Sliced/wood_env_158.asset
  artifactKey: Guid(c3ee7ff2429179b4499581c70386e32a) Importer(815301076,1909f56bfc062723c751e8b465ee728b)
Start importing Assets/Textures/Pixel2DCastleTileset/Sprites/Sliced/wood_env_158.asset using Guid(c3ee7ff2429179b4499581c70386e32a) Importer(815301076,1909f56bfc062723c751e8b465ee728b) (PreviewImporter) -> (artifact id: '7bd30713bbf3ed34b74b36b96d08b023') in 0.0076261 seconds
Number of updated asset objects reloaded before import = 0Number of asset objects unloaded after import = 3

========================================================================
Received Import Request.
  Time since last request: 0.000023 seconds.
  path: Assets/Textures/Pixel2DCastleTileset/Sprites/Sliced/wood_env_160.asset
  artifactKey: Guid(a84f7874f9216664a9e9aa5a46cff139) Importer(815301076,1909f56bfc062723c751e8b465ee728b)
Start importing Assets/Textures/Pixel2DCastleTileset/Sprites/Sliced/wood_env_160.asset using Guid(a84f7874f9216664a9e9aa5a46cff139) Importer(815301076,1909f56bfc062723c751e8b465ee728b) (PreviewImporter) -> (artifact id: '3f9020017402106e157f67f682294f1f') in 0.0068519 seconds
Number of updated asset objects reloaded before import = 0Number of asset objects unloaded after import = 3

========================================================================
Received Import Request.
  Time since last request: 0.000022 seconds.
  path: Assets/Textures/Pixel2DCastleTileset/Sprites/Sliced/wood_env_156.asset
  artifactKey: Guid(9132e07f6f224db4fa5a70b516457fd7) Importer(815301076,1909f56bfc062723c751e8b465ee728b)
Start importing Assets/Textures/Pixel2DCastleTileset/Sprites/Sliced/wood_env_156.asset using Guid(9132e07f6f224db4fa5a70b516457fd7) Importer(815301076,1909f56bfc062723c751e8b465ee728b) (PreviewImporter) -> (artifact id: 'd63d54d4db775453cd346a1ecf6e534c') in 0.0074943 seconds
Number of updated asset objects reloaded before import = 0Number of asset objects unloaded after import = 3

========================================================================
Received Import Request.
  Time since last request: 0.000023 seconds.
  path: Assets/Textures/Pixel2DCastleTileset/Sprites/Sliced/wood_env_135.asset
  artifactKey: Guid(85652951de69dad4b82379363b0d9d8c) Importer(815301076,1909f56bfc062723c751e8b465ee728b)
Start importing Assets/Textures/Pixel2DCastleTileset/Sprites/Sliced/wood_env_135.asset using Guid(85652951de69dad4b82379363b0d9d8c) Importer(815301076,1909f56bfc062723c751e8b465ee728b) (PreviewImporter) -> (artifact id: '457a8e54c642d4b0105c5a4452b14c6e') in 0.0072959 seconds
Number of updated asset objects reloaded before import = 0Number of asset objects unloaded after import = 3

========================================================================
Received Import Request.
  Time since last request: 0.000026 seconds.
  path: Assets/Textures/Pixel2DCastleTileset/Sprites/Sliced/wood_env_137.asset
  artifactKey: Guid(daef8ca193599404eb8c4b02d156ba90) Importer(815301076,1909f56bfc062723c751e8b465ee728b)
Start importing Assets/Textures/Pixel2DCastleTileset/Sprites/Sliced/wood_env_137.asset using Guid(daef8ca193599404eb8c4b02d156ba90) Importer(815301076,1909f56bfc062723c751e8b465ee728b) (PreviewImporter) -> (artifact id: 'ad8069fbf0c611223243441fe9a387e5') in 0.0103237 seconds
Number of updated asset objects reloaded before import = 0Number of asset objects unloaded after import = 3

========================================================================
Received Import Request.
  Time since last request: 0.000030 seconds.
  path: Assets/Textures/Pixel2DCastleTileset/Sprites/Sliced/wood_env_134.asset
  artifactKey: Guid(df72700286de7a24e80c6a2e365303a1) Importer(815301076,1909f56bfc062723c751e8b465ee728b)
Start importing Assets/Textures/Pixel2DCastleTileset/Sprites/Sliced/wood_env_134.asset using Guid(df72700286de7a24e80c6a2e365303a1) Importer(815301076,1909f56bfc062723c751e8b465ee728b) (PreviewImporter) -> (artifact id: '011729b77028d5d80f8db457d6429949') in 0.0075643 seconds
Number of updated asset objects reloaded before import = 0Number of asset objects unloaded after import = 3

========================================================================
Received Import Request.
  Time since last request: 0.000023 seconds.
  path: Assets/Textures/Pixel2DCastleTileset/Sprites/Sliced/wood_env_141.asset
  artifactKey: Guid(2fc6ee1a98b485144b814d01eab7edab) Importer(815301076,1909f56bfc062723c751e8b465ee728b)
Start importing Assets/Textures/Pixel2DCastleTileset/Sprites/Sliced/wood_env_141.asset using Guid(2fc6ee1a98b485144b814d01eab7edab) Importer(815301076,1909f56bfc062723c751e8b465ee728b) (PreviewImporter) -> (artifact id: '8004028be68c876f40bcf8ae0ed07122') in 0.0071092 seconds
Number of updated asset objects reloaded before import = 0Number of asset objects unloaded after import = 3

========================================================================
Received Import Request.
  Time since last request: 0.000018 seconds.
  path: Assets/Textures/Pixel2DCastleTileset/Sprites/Sliced/wood_env_155.asset
  artifactKey: Guid(7146a6d979f258f4c87a1e8c7a8bb5de) Importer(815301076,1909f56bfc062723c751e8b465ee728b)
Start importing Assets/Textures/Pixel2DCastleTileset/Sprites/Sliced/wood_env_155.asset using Guid(7146a6d979f258f4c87a1e8c7a8bb5de) Importer(815301076,1909f56bfc062723c751e8b465ee728b) (PreviewImporter) -> (artifact id: '9889dde59bc025b894fc1d26d60588eb') in 0.0068458 seconds
Number of updated asset objects reloaded before import = 0Number of asset objects unloaded after import = 3

========================================================================
Received Import Request.
  Time since last request: 0.000019 seconds.
  path: Assets/Textures/Pixel2DCastleTileset/Sprites/Sliced/wood_env_161.asset
  artifactKey: Guid(de8d54ddfe9e8ef4e901000a5cbf13ef) Importer(815301076,1909f56bfc062723c751e8b465ee728b)
Start importing Assets/Textures/Pixel2DCastleTileset/Sprites/Sliced/wood_env_161.asset using Guid(de8d54ddfe9e8ef4e901000a5cbf13ef) Importer(815301076,1909f56bfc062723c751e8b465ee728b) (PreviewImporter) -> (artifact id: 'c3cf605be7ef893b78a42f64607afefa') in 0.0057002 seconds
Number of updated asset objects reloaded before import = 0Number of asset objects unloaded after import = 3

========================================================================
Received Import Request.
  Time since last request: 0.154953 seconds.
  path: Assets/Textures/Pixel2DCastleTileset/Sprites/Sliced/wood_env_167.asset
  artifactKey: Guid(996165d027f93db4598a93af85d6e376) Importer(815301076,1909f56bfc062723c751e8b465ee728b)
Start importing Assets/Textures/Pixel2DCastleTileset/Sprites/Sliced/wood_env_167.asset using Guid(996165d027f93db4598a93af85d6e376) Importer(815301076,1909f56bfc062723c751e8b465ee728b) (PreviewImporter) -> (artifact id: 'e62da9b19a3a9dd6e46cf3ed2fc399f3') in 0.0076408 seconds
Number of updated asset objects reloaded before import = 0Number of asset objects unloaded after import = 3

========================================================================
Received Import Request.
  Time since last request: 0.000027 seconds.
  path: Assets/Textures/Pixel2DCastleTileset/Sprites/Sliced/wood_env_170.asset
  artifactKey: Guid(3209d572637c13e4aa167b34ddd6911c) Importer(815301076,1909f56bfc062723c751e8b465ee728b)
Start importing Assets/Textures/Pixel2DCastleTileset/Sprites/Sliced/wood_env_170.asset using Guid(3209d572637c13e4aa167b34ddd6911c) Importer(815301076,1909f56bfc062723c751e8b465ee728b) (PreviewImporter) -> (artifact id: '6b96c2528b9ca485f31a59ec163ca83c') in 0.0063428 seconds
Number of updated asset objects reloaded before import = 0Number of asset objects unloaded after import = 3

========================================================================
Received Import Request.
  Time since last request: 0.000018 seconds.
  path: Assets/Textures/Pixel2DCastleTileset/Sprites/Sliced/wood_env_174.asset
  artifactKey: Guid(bf8a1a32ec67fc041bc2485439b521fb) Importer(815301076,1909f56bfc062723c751e8b465ee728b)
Start importing Assets/Textures/Pixel2DCastleTileset/Sprites/Sliced/wood_env_174.asset using Guid(bf8a1a32ec67fc041bc2485439b521fb) Importer(815301076,1909f56bfc062723c751e8b465ee728b) (PreviewImporter) -> (artifact id: '7f557e7a32fc66547fddd29697a80334') in 0.0076202 seconds
Number of updated asset objects reloaded before import = 0Number of asset objects unloaded after import = 3

========================================================================
Received Import Request.
  Time since last request: 0.000023 seconds.
  path: Assets/Textures/Pixel2DCastleTileset/Sprites/Sliced/wood_env_168.asset
  artifactKey: Guid(d2957fa65f7f5634a8659dadaee0a571) Importer(815301076,1909f56bfc062723c751e8b465ee728b)
Start importing Assets/Textures/Pixel2DCastleTileset/Sprites/Sliced/wood_env_168.asset using Guid(d2957fa65f7f5634a8659dadaee0a571) Importer(815301076,1909f56bfc062723c751e8b465ee728b) (PreviewImporter) -> (artifact id: '49d7d8b2b5754368089cdbc45847ca1c') in 0.0085766 seconds
Number of updated asset objects reloaded before import = 0Number of asset objects unloaded after import = 3

========================================================================
Received Import Request.
  Time since last request: 0.000028 seconds.
  path: Assets/Textures/Pixel2DCastleTileset/Sprites/Sliced/wood_env_172.asset
  artifactKey: Guid(2b9d58869fba3f7408cb08991e6e10c8) Importer(815301076,1909f56bfc062723c751e8b465ee728b)
Start importing Assets/Textures/Pixel2DCastleTileset/Sprites/Sliced/wood_env_172.asset using Guid(2b9d58869fba3f7408cb08991e6e10c8) Importer(815301076,1909f56bfc062723c751e8b465ee728b) (PreviewImporter) -> (artifact id: '7dc6de5241950d2527251bbd0d19446a') in 0.0069421 seconds
Number of updated asset objects reloaded before import = 0Number of asset objects unloaded after import = 3

========================================================================
Received Import Request.
  Time since last request: 0.000024 seconds.
  path: Assets/Textures/Pixel2DCastleTileset/Sprites/Sliced/wood_env_173.asset
  artifactKey: Guid(e57ec2b9051de33418354474d229d874) Importer(815301076,1909f56bfc062723c751e8b465ee728b)
Start importing Assets/Textures/Pixel2DCastleTileset/Sprites/Sliced/wood_env_173.asset using Guid(e57ec2b9051de33418354474d229d874) Importer(815301076,1909f56bfc062723c751e8b465ee728b) (PreviewImporter) -> (artifact id: '035c82706f8f12b02436ad9be6250bd4') in 0.006917 seconds
Number of updated asset objects reloaded before import = 0Number of asset objects unloaded after import = 3

========================================================================
Received Import Request.
  Time since last request: 0.002733 seconds.
  path: Assets/Textures/Pixel2DCastleTileset/Sprites/Sliced/wood_env_179.asset
  artifactKey: Guid(3c5739185925c0d428bcbb4c9cb67203) Importer(815301076,1909f56bfc062723c751e8b465ee728b)
Start importing Assets/Textures/Pixel2DCastleTileset/Sprites/Sliced/wood_env_179.asset using Guid(3c5739185925c0d428bcbb4c9cb67203) Importer(815301076,1909f56bfc062723c751e8b465ee728b) (PreviewImporter) -> (artifact id: 'eb566c8695137f282167406dc42a6e4a') in 0.0070512 seconds
Number of updated asset objects reloaded before import = 0Number of asset objects unloaded after import = 3

========================================================================
Received Import Request.
  Time since last request: 0.000024 seconds.
  path: Assets/Textures/Pixel2DCastleTileset/Sprites/Sliced/wood_env_198.asset
  artifactKey: Guid(ffac4958d71ad5948bb096a0b12d8b25) Importer(815301076,1909f56bfc062723c751e8b465ee728b)
Start importing Assets/Textures/Pixel2DCastleTileset/Sprites/Sliced/wood_env_198.asset using Guid(ffac4958d71ad5948bb096a0b12d8b25) Importer(815301076,1909f56bfc062723c751e8b465ee728b) (PreviewImporter) -> (artifact id: '7aabc2eeb89161fe9183d676d643f75a') in 0.007913 seconds
Number of updated asset objects reloaded before import = 0Number of asset objects unloaded after import = 3

========================================================================
Received Import Request.
  Time since last request: 0.000031 seconds.
  path: Assets/Textures/Pixel2DCastleTileset/Sprites/Sliced/wood_env_188.asset
  artifactKey: Guid(7dd764e7add623440b69206d8bd0358c) Importer(815301076,1909f56bfc062723c751e8b465ee728b)
Start importing Assets/Textures/Pixel2DCastleTileset/Sprites/Sliced/wood_env_188.asset using Guid(7dd764e7add623440b69206d8bd0358c) Importer(815301076,1909f56bfc062723c751e8b465ee728b) (PreviewImporter) -> (artifact id: '93e3552daefe9c76deb73a9259b97f69') in 0.008216 seconds
Number of updated asset objects reloaded before import = 0Number of asset objects unloaded after import = 3

========================================================================
Received Import Request.
  Time since last request: 0.000033 seconds.
  path: Assets/Textures/Pixel2DCastleTileset/Sprites/Sliced/wood_env_196.asset
  artifactKey: Guid(e42862cb19848eb4fb22e069c6350e1a) Importer(815301076,1909f56bfc062723c751e8b465ee728b)
Start importing Assets/Textures/Pixel2DCastleTileset/Sprites/Sliced/wood_env_196.asset using Guid(e42862cb19848eb4fb22e069c6350e1a) Importer(815301076,1909f56bfc062723c751e8b465ee728b) (PreviewImporter) -> (artifact id: '56c684152f5d21db5bce7b137051967b') in 0.0090308 seconds
Number of updated asset objects reloaded before import = 0Number of asset objects unloaded after import = 3

========================================================================
Received Import Request.
  Time since last request: 0.000024 seconds.
  path: Assets/Textures/Pixel2DCastleTileset/Sprites/Sliced/wood_env_190.asset
  artifactKey: Guid(2f6e4d6e56bba574cbda89cdfa19fc33) Importer(815301076,1909f56bfc062723c751e8b465ee728b)
Start importing Assets/Textures/Pixel2DCastleTileset/Sprites/Sliced/wood_env_190.asset using Guid(2f6e4d6e56bba574cbda89cdfa19fc33) Importer(815301076,1909f56bfc062723c751e8b465ee728b) (PreviewImporter) -> (artifact id: '7d69807cbbb6cc4e63de334da41fd0a5') in 0.0064944 seconds
Number of updated asset objects reloaded before import = 0Number of asset objects unloaded after import = 3

========================================================================
Received Import Request.
  Time since last request: 0.000028 seconds.
  path: Assets/Textures/Pixel2DCastleTileset/Sprites/Sliced/wood_env_183.asset
  artifactKey: Guid(49e6957c50682f940b7597b61d1538db) Importer(815301076,1909f56bfc062723c751e8b465ee728b)
Start importing Assets/Textures/Pixel2DCastleTileset/Sprites/Sliced/wood_env_183.asset using Guid(49e6957c50682f940b7597b61d1538db) Importer(815301076,1909f56bfc062723c751e8b465ee728b) (PreviewImporter) -> (artifact id: '837eac0dfda7852ac3125b1a72ebb0a5') in 0.0071835 seconds
Number of updated asset objects reloaded before import = 0Number of asset objects unloaded after import = 3

========================================================================
Received Import Request.
  Time since last request: 0.000019 seconds.
  path: Assets/Textures/Pixel2DCastleTileset/Sprites/Sliced/wood_env_194.asset
  artifactKey: Guid(21f5103ffc2a9eb46b83d23f216b43ac) Importer(815301076,1909f56bfc062723c751e8b465ee728b)
Start importing Assets/Textures/Pixel2DCastleTileset/Sprites/Sliced/wood_env_194.asset using Guid(21f5103ffc2a9eb46b83d23f216b43ac) Importer(815301076,1909f56bfc062723c751e8b465ee728b) (PreviewImporter) -> (artifact id: 'f36ec44aa6ca55466dbe435bb2c271be') in 0.0080141 seconds
Number of updated asset objects reloaded before import = 0Number of asset objects unloaded after import = 3

========================================================================
Received Import Request.
  Time since last request: 0.000017 seconds.
  path: Assets/Textures/Pixel2DCastleTileset/Sprites/Sliced/wood_env_192.asset
  artifactKey: Guid(91b8b506ca83b72499852e6826c44278) Importer(815301076,1909f56bfc062723c751e8b465ee728b)
Start importing Assets/Textures/Pixel2DCastleTileset/Sprites/Sliced/wood_env_192.asset using Guid(91b8b506ca83b72499852e6826c44278) Importer(815301076,1909f56bfc062723c751e8b465ee728b) (PreviewImporter) -> (artifact id: '0cde3748a37a93ed3aab3b0f6ddd29f0') in 0.0058715 seconds
Number of updated asset objects reloaded before import = 0Number of asset objects unloaded after import = 3

========================================================================
Received Import Request.
  Time since last request: 0.000023 seconds.
  path: Assets/Textures/Pixel2DCastleTileset/Sprites/Sliced/wood_env_195.asset
  artifactKey: Guid(bcb732587cf0e1749ada0831de5cdc4f) Importer(815301076,1909f56bfc062723c751e8b465ee728b)
Start importing Assets/Textures/Pixel2DCastleTileset/Sprites/Sliced/wood_env_195.asset using Guid(bcb732587cf0e1749ada0831de5cdc4f) Importer(815301076,1909f56bfc062723c751e8b465ee728b) (PreviewImporter) -> (artifact id: '25c9e0672cd2c013e199886badd9f18d') in 0.0083686 seconds
Number of updated asset objects reloaded before import = 0Number of asset objects unloaded after import = 3

========================================================================
Received Import Request.
  Time since last request: 0.000021 seconds.
  path: Assets/Textures/Pixel2DCastleTileset/Sprites/Sliced/wood_env_193.asset
  artifactKey: Guid(02d16826117b66a4faf6ca185fa558aa) Importer(815301076,1909f56bfc062723c751e8b465ee728b)
Start importing Assets/Textures/Pixel2DCastleTileset/Sprites/Sliced/wood_env_193.asset using Guid(02d16826117b66a4faf6ca185fa558aa) Importer(815301076,1909f56bfc062723c751e8b465ee728b) (PreviewImporter) -> (artifact id: 'd51fe56d847fda5bb381ca32487afd4f') in 0.0075973 seconds
Number of updated asset objects reloaded before import = 0Number of asset objects unloaded after import = 3

========================================================================
Received Import Request.
  Time since last request: 0.000021 seconds.
  path: Assets/Textures/Pixel2DCastleTileset/Sprites/Sliced/wood_env_180.asset
  artifactKey: Guid(1df5c5b89b6955b47b4409a8f47d5078) Importer(815301076,1909f56bfc062723c751e8b465ee728b)
Start importing Assets/Textures/Pixel2DCastleTileset/Sprites/Sliced/wood_env_180.asset using Guid(1df5c5b89b6955b47b4409a8f47d5078) Importer(815301076,1909f56bfc062723c751e8b465ee728b) (PreviewImporter) -> (artifact id: 'd3d564be9b7e4821bc39257ac2e272a4') in 0.006273 seconds
Number of updated asset objects reloaded before import = 0Number of asset objects unloaded after import = 3

========================================================================
Received Import Request.
  Time since last request: 0.000019 seconds.
  path: Assets/Textures/Pixel2DCastleTileset/Sprites/Sliced/wood_env_185.asset
  artifactKey: Guid(c24e4ec2e01d43a4b9f55df82ab5b1eb) Importer(815301076,1909f56bfc062723c751e8b465ee728b)
Start importing Assets/Textures/Pixel2DCastleTileset/Sprites/Sliced/wood_env_185.asset using Guid(c24e4ec2e01d43a4b9f55df82ab5b1eb) Importer(815301076,1909f56bfc062723c751e8b465ee728b) (PreviewImporter) -> (artifact id: '704e6e70a2a787769fa72260a4654e6e') in 0.0066382 seconds
Number of updated asset objects reloaded before import = 0Number of asset objects unloaded after import = 3

========================================================================
Received Import Request.
  Time since last request: 0.238226 seconds.
  path: Assets/Textures/Pixel2DCastleTileset/Sprites/Sliced/wood_env_203.asset
  artifactKey: Guid(f93df309d8ef2984e874140548c1e82d) Importer(815301076,1909f56bfc062723c751e8b465ee728b)
Start importing Assets/Textures/Pixel2DCastleTileset/Sprites/Sliced/wood_env_203.asset using Guid(f93df309d8ef2984e874140548c1e82d) Importer(815301076,1909f56bfc062723c751e8b465ee728b) (PreviewImporter) -> (artifact id: 'e52604c148d981badf9a6390c35a1808') in 0.0103071 seconds
Number of updated asset objects reloaded before import = 0Number of asset objects unloaded after import = 3

========================================================================
Received Import Request.
  Time since last request: 0.000027 seconds.
  path: Assets/Textures/Pixel2DCastleTileset/Sprites/Sliced/wood_env_204.asset
  artifactKey: Guid(43ebc89444d384f43b322620e88b882d) Importer(815301076,1909f56bfc062723c751e8b465ee728b)
Start importing Assets/Textures/Pixel2DCastleTileset/Sprites/Sliced/wood_env_204.asset using Guid(43ebc89444d384f43b322620e88b882d) Importer(815301076,1909f56bfc062723c751e8b465ee728b) (PreviewImporter) -> (artifact id: 'c079e983b8009229a902af89b59a6760') in 0.0091727 seconds
Number of updated asset objects reloaded before import = 0Number of asset objects unloaded after import = 3

Editor requested this worker to shutdown with reason: Scaling down because of idle timeout
AssetImportWorker is now disconnected from the server
Process exiting
Exiting without the bug reporter. Application will terminate with return code 0