Using pre-set license
Built from '2023.2/staging' branch; Version is '2023.2.16f1 (7f45223012db) revision 8340770'; Using compiler version '193431935'; Build Type 'Release'
OS: 'Windows 10  (10.0.19045) 64bit Professional' Language: 'ru' Physical Memory: 15775 MB
BatchMode: 1, IsHumanControllingUs: 0, StartBugReporterOnCrash: 0, Is64bit: 1, IsPro: 1

COMMAND LINE ARGUMENTS:
C:\Оперативная\Unity\2023.2.16f1\Editor\Unity.exe
-adb2
-batchMode
-noUpm
-name
AssetImportWorker4
-projectPath
C:/Users/MIKU/My project/first-CS-Game/Slavic egg clamp
-logFile
Logs/AssetImportWorker4.log
-srvPort
5222
-job-worker-count
7
-background-job-worker-count
8
-asset-garbage-collectors
1
Successfully changed project path to: C:/Users/MIKU/My project/first-CS-Game/Slavic egg clamp
C:/Users/MIKU/My project/first-CS-Game/Slavic egg clamp
[UnityMemory] Configuration Parameters - Can be set up in boot.config
    "memorysetup-bucket-allocator-granularity=16"
    "memorysetup-bucket-allocator-bucket-count=8"
    "memorysetup-bucket-allocator-block-size=33554432"
    "memorysetup-bucket-allocator-block-count=8"
    "memorysetup-main-allocator-block-size=16777216"
    "memorysetup-thread-allocator-block-size=16777216"
    "memorysetup-gfx-main-allocator-block-size=16777216"
    "memorysetup-gfx-thread-allocator-block-size=16777216"
    "memorysetup-cache-allocator-block-size=4194304"
    "memorysetup-typetree-allocator-block-size=2097152"
    "memorysetup-profiler-bucket-allocator-granularity=16"
    "memorysetup-profiler-bucket-allocator-bucket-count=8"
    "memorysetup-profiler-bucket-allocator-block-size=33554432"
    "memorysetup-profiler-bucket-allocator-block-count=8"
    "memorysetup-profiler-allocator-block-size=16777216"
    "memorysetup-profiler-editor-allocator-block-size=1048576"
    "memorysetup-temp-allocator-size-main=16777216"
    "memorysetup-job-temp-allocator-block-size=2097152"
    "memorysetup-job-temp-allocator-block-size-background=1048576"
    "memorysetup-job-temp-allocator-reduction-small-platforms=262144"
    "memorysetup-allocator-temp-initial-block-size-main=262144"
    "memorysetup-allocator-temp-initial-block-size-worker=262144"
    "memorysetup-temp-allocator-size-background-worker=32768"
    "memorysetup-temp-allocator-size-job-worker=262144"
    "memorysetup-temp-allocator-size-preload-manager=33554432"
    "memorysetup-temp-allocator-size-nav-mesh-worker=65536"
    "memorysetup-temp-allocator-size-audio-worker=65536"
    "memorysetup-temp-allocator-size-cloud-worker=32768"
    "memorysetup-temp-allocator-size-gi-baking-worker=262144"
    "memorysetup-temp-allocator-size-gi-baking-worker=262144"
    "memorysetup-temp-allocator-size-gi-baking-worker=262144"
    "memorysetup-temp-allocator-size-gi-baking-worker=262144"
    "memorysetup-temp-allocator-size-gfx=262144"
Player connection [9452] Host "[IP] 192.168.56.1 [Port] 0 [Flags] 2 [Guid] 657261890 [EditorId] 657261890 [Version] 1048832 [Id] WindowsEditor(7,DESKTOP-JC97NB1) [Debug] 1 [PackageName] WindowsEditor [ProjectName] Editor" joined multi-casting on [225.0.0.222:54997]...
Player connection [9452] Host "[IP] 192.168.56.1 [Port] 0 [Flags] 2 [Guid] 657261890 [EditorId] 657261890 [Version] 1048832 [Id] WindowsEditor(7,DESKTOP-JC97NB1) [Debug] 1 [PackageName] WindowsEditor [ProjectName] Editor" joined alternative multi-casting on [225.0.0.222:34997]...
JobSystem: Creating JobQueue using job-worker-count value 7
[Physics::Module] Initialized MultithreadedJobDispatcher with 7 workers.
Library Redirect Path: Library/
Refreshing native plugins compatible for Editor in 2.91 ms, found 4 plugins.
Preloading 0 native plugins for Editor in 0.00 ms.
Initialize engine version: 2023.2.16f1 (7f45223012db)
[Subsystems] Discovering subsystems at path C:/Оперативная/Unity/2023.2.16f1/Editor/Data/Resources/UnitySubsystems
[Subsystems] Discovering subsystems at path C:/Users/MIKU/My project/first-CS-Game/Slavic egg clamp/Assets
GfxDevice: creating device client; kGfxThreadingModeNonThreaded
Direct3D:
    Version:  Direct3D 11.0 [level 11.1]
    Renderer: NVIDIA GeForce RTX 3050 Laptop GPU (ID=0x25a2)
    Vendor:   NVIDIA
    VRAM:     3977 MB
    Driver:   31.0.15.4633
Initialize mono
Mono path[0] = 'C:/Оперативная/Unity/2023.2.16f1/Editor/Data/Managed'
Mono path[1] = 'C:/Оперативная/Unity/2023.2.16f1/Editor/Data/MonoBleedingEdge/lib/mono/unityjit-win32'
Mono config path = 'C:/Оперативная/Unity/2023.2.16f1/Editor/Data/MonoBleedingEdge/etc'
Using monoOptions --debugger-agent=transport=dt_socket,embedding=1,server=y,suspend=n,address=127.0.0.1:56480
Begin MonoManager ReloadAssembly
C:\build\output\Unity-Technologies\mono\mono\metadata\icall.c:1842:
C:\build\output\Unity-Technologies\mono\mono\metadata\icall.c:1842:
C:\build\output\Unity-Technologies\mono\mono\metadata\icall.c:1842:
C:\build\output\Unity-Technologies\mono\mono\metadata\icall.c:1842:
C:\build\output\Unity-Technologies\mono\mono\metadata\icall.c:1842:
C:\build\output\Unity-Technologies\mono\mono\metadata\icall.c:1842:
C:\build\output\Unity-Technologies\mono\mono\metadata\icall.c:1842:
C:\build\output\Unity-Technologies\mono\mono\metadata\icall.c:1842:
C:\build\output\Unity-Technologies\mono\mono\metadata\icall.c:1842:
C:\build\output\Unity-Technologies\mono\mono\metadata\icall.c:1842:
Registering precompiled unity dll's ...
Register platform support module: C:/Оперативная/Unity/2023.2.16f1/Editor/Data/PlaybackEngines/WindowsStandaloneSupport/UnityEditor.WindowsStandalone.Extensions.dll
Register platform support module: C:/Оперативная/Unity/2023.2.16f1/Editor/Data/PlaybackEngines/MetroSupport/UnityEditor.UWP.Extensions.dll
Registered in 0.004970 seconds.
- Loaded All Assemblies, in  0.434 seconds
Native extension for UWP target not found
Native extension for WindowsStandalone target not found
Mono: successfully reloaded assembly
C:\build\output\Unity-Technologies\mono\mono\metadata\icall.c:1842:
C:\build\output\Unity-Technologies\mono\mono\metadata\icall.c:1842:
- Finished resetting the current domain, in  0.432 seconds
Domain Reload Profiling: 863ms
	BeginReloadAssembly (151ms)
		ExecutionOrderSort (0ms)
		DisableScriptedObjects (0ms)
		BackupInstance (0ms)
		ReleaseScriptingObjects (0ms)
		CreateAndSetChildDomain (1ms)
	RebuildCommonClasses (38ms)
	RebuildNativeTypeToScriptingClass (12ms)
	initialDomainReloadingComplete (60ms)
	LoadAllAssembliesAndSetupDomain (168ms)
		LoadAssemblies (148ms)
		RebuildTransferFunctionScriptingTraits (0ms)
		AnalyzeDomain (165ms)
			TypeCache.Refresh (164ms)
				TypeCache.ScanAssembly (147ms)
			BuildScriptInfoCaches (0ms)
			ResolveRequiredComponents (0ms)
	FinalizeReload (433ms)
		ReleaseScriptCaches (0ms)
		RebuildScriptCaches (0ms)
		SetupLoadedEditorAssemblies (364ms)
			LogAssemblyErrors (0ms)
			InitializePlatformSupportModulesInManaged (48ms)
			SetLoadedEditorAssemblies (5ms)
			BeforeProcessingInitializeOnLoad (5ms)
			ProcessInitializeOnLoadAttributes (231ms)
			ProcessInitializeOnLoadMethodAttributes (74ms)
			AfterProcessingInitializeOnLoad (0ms)
			EditorAssembliesLoaded (0ms)
		ExecutionOrderSort2 (0ms)
		AwakeInstancesAfterBackupRestoration (0ms)
========================================================================
Worker process is ready to serve import requests
Import Worker Mode flag is 0x00
Begin MonoManager ReloadAssembly
C:\build\output\Unity-Technologies\mono\mono\metadata\icall.c:1842:
C:\build\output\Unity-Technologies\mono\mono\metadata\icall.c:1842:
C:\build\output\Unity-Technologies\mono\mono\metadata\icall.c:1842:
C:\build\output\Unity-Technologies\mono\mono\metadata\icall.c:1842:
C:\build\output\Unity-Technologies\mono\mono\metadata\icall.c:1842:
C:\build\output\Unity-Technologies\mono\mono\metadata\icall.c:1842:
C:\build\output\Unity-Technologies\mono\mono\metadata\icall.c:1842:
C:\build\output\Unity-Technologies\mono\mono\metadata\icall.c:1842:
C:\build\output\Unity-Technologies\mono\mono\metadata\icall.c:1842:
C:\build\output\Unity-Technologies\mono\mono\metadata\icall.c:1842:
C:\build\output\Unity-Technologies\mono\mono\metadata\icall.c:1842:
C:\build\output\Unity-Technologies\mono\mono\metadata\icall.c:1842:
- Loaded All Assemblies, in  1.189 seconds
Refreshing native plugins compatible for Editor in 2.01 ms, found 4 plugins.
Native extension for UWP target not found
Native extension for WindowsStandalone target not found
Refreshing native plugins compatible for Editor in 2.10 ms, found 4 plugins.
Mono: successfully reloaded assembly
- Finished resetting the current domain, in  0.984 seconds
Domain Reload Profiling: 2165ms
	BeginReloadAssembly (391ms)
		ExecutionOrderSort (0ms)
		DisableScriptedObjects (7ms)
		BackupInstance (0ms)
		ReleaseScriptingObjects (0ms)
		CreateAndSetChildDomain (44ms)
	RebuildCommonClasses (50ms)
	RebuildNativeTypeToScriptingClass (18ms)
	initialDomainReloadingComplete (56ms)
	LoadAllAssembliesAndSetupDomain (667ms)
		LoadAssemblies (542ms)
		RebuildTransferFunctionScriptingTraits (0ms)
		AnalyzeDomain (253ms)
			TypeCache.Refresh (207ms)
				TypeCache.ScanAssembly (186ms)
			BuildScriptInfoCaches (35ms)
			ResolveRequiredComponents (8ms)
	FinalizeReload (984ms)
		ReleaseScriptCaches (0ms)
		RebuildScriptCaches (0ms)
		SetupLoadedEditorAssemblies (739ms)
			LogAssemblyErrors (0ms)
			InitializePlatformSupportModulesInManaged (21ms)
			SetLoadedEditorAssemblies (4ms)
			BeforeProcessingInitializeOnLoad (113ms)
			ProcessInitializeOnLoadAttributes (548ms)
			ProcessInitializeOnLoadMethodAttributes (42ms)
			AfterProcessingInitializeOnLoad (9ms)
			EditorAssembliesLoaded (0ms)
		ExecutionOrderSort2 (0ms)
		AwakeInstancesAfterBackupRestoration (10ms)
Launched and connected shader compiler UnityShaderCompiler.exe after 0.04 seconds
Refreshing native plugins compatible for Editor in 5.58 ms, found 4 plugins.
Preloading 0 native plugins for Editor in 0.00 ms.
Unloading 19 Unused Serialized files (Serialized files now loaded: 0)
Unloading 4869 unused Assets / (1.6 MB). Loaded Objects now: 5449.
Memory consumption went from 131.0 MB to 129.4 MB.
Total: 19.108900 ms (FindLiveObjects: 1.415900 ms CreateObjectMapping: 1.412300 ms MarkObjects: 12.891500 ms  DeleteObjects: 3.386000 ms)

========================================================================
Received Import Request.
  Time since last request: 117130.146021 seconds.
  path: Assets/Textures/Pet Cats Pack/Cat-2
  artifactKey: Guid(40850ad4670333f4ab4efc4a0bbd925e) Importer(815301076,1909f56bfc062723c751e8b465ee728b)
Start importing Assets/Textures/Pet Cats Pack/Cat-2 using Guid(40850ad4670333f4ab4efc4a0bbd925e) Importer(815301076,1909f56bfc062723c751e8b465ee728b) (PreviewImporter) -> (artifact id: '84ad761c95818545c172bca621769c51') in 0.0076801 seconds
Number of updated asset objects reloaded before import = 0Number of asset objects unloaded after import = 0

========================================================================
Received Import Request.
  Time since last request: 0.062986 seconds.
  path: Assets/Textures/Pet Cats Pack/Cat-2/Cat-2-Idle.png
  artifactKey: Guid(5658efe86acb2344ba6b8ed7882787e6) Importer(815301076,1909f56bfc062723c751e8b465ee728b)
Start importing Assets/Textures/Pet Cats Pack/Cat-2/Cat-2-Idle.png using Guid(5658efe86acb2344ba6b8ed7882787e6) Importer(815301076,1909f56bfc062723c751e8b465ee728b) (PreviewImporter) -> (artifact id: '08fbfec71c95daca3ddf7826f1d8d031') in 0.2899527 seconds
Number of updated asset objects reloaded before import = 0Number of asset objects unloaded after import = 12

========================================================================
Received Import Request.
  Time since last request: 66.954447 seconds.
  path: Assets/Textures/Pet Cats Pack/Cat-2/Cat-2-Itch.png
  artifactKey: Guid(40bd5f7f1924b8744af98f0b13e383a0) Importer(815301076,1909f56bfc062723c751e8b465ee728b)
Start importing Assets/Textures/Pet Cats Pack/Cat-2/Cat-2-Itch.png using Guid(40bd5f7f1924b8744af98f0b13e383a0) Importer(815301076,1909f56bfc062723c751e8b465ee728b) (PreviewImporter) -> (artifact id: 'dbc90982a9988e6f20df16f95b13bb61') in 0.0199781 seconds
Number of updated asset objects reloaded before import = 0Number of asset objects unloaded after import = 4

========================================================================
Received Import Request.
  Time since last request: 11.488670 seconds.
  path: Assets/Textures/Pet Cats Pack/Cat-6
  artifactKey: Guid(5f7a50f8c74774343865218ca4a3fc00) Importer(815301076,1909f56bfc062723c751e8b465ee728b)
Start importing Assets/Textures/Pet Cats Pack/Cat-6 using Guid(5f7a50f8c74774343865218ca4a3fc00) Importer(815301076,1909f56bfc062723c751e8b465ee728b) (PreviewImporter) -> (artifact id: '3ce5e503f3f56695291af25c2a90f910') in 0.000489 seconds
Number of updated asset objects reloaded before import = 0Number of asset objects unloaded after import = 0

========================================================================
Received Import Request.
  Time since last request: 0.159817 seconds.
  path: Assets/Textures/Pet Cats Pack/Cat-6/Cat-6-Idle.png
  artifactKey: Guid(c50107945cdc1264ea595acdea946315) Importer(815301076,1909f56bfc062723c751e8b465ee728b)
Start importing Assets/Textures/Pet Cats Pack/Cat-6/Cat-6-Idle.png using Guid(c50107945cdc1264ea595acdea946315) Importer(815301076,1909f56bfc062723c751e8b465ee728b) (PreviewImporter) -> (artifact id: 'f75a2b9e87db41b01d820c091b5377ab') in 0.0233318 seconds
Number of updated asset objects reloaded before import = 0Number of asset objects unloaded after import = 12

========================================================================
Received Import Request.
  Time since last request: 0.007328 seconds.
  path: Assets/Textures/Pet Cats Pack/Cat-6/Cat-6-Licking 1.png
  artifactKey: Guid(1bdcc931f7878404c9547ca466551132) Importer(815301076,1909f56bfc062723c751e8b465ee728b)
Start importing Assets/Textures/Pet Cats Pack/Cat-6/Cat-6-Licking 1.png using Guid(1bdcc931f7878404c9547ca466551132) Importer(815301076,1909f56bfc062723c751e8b465ee728b) (PreviewImporter) -> (artifact id: '6966f6a5be8c9da1628905a87090584f') in 0.0295528 seconds
Number of updated asset objects reloaded before import = 0Number of asset objects unloaded after import = 7

========================================================================
Received Import Request.
  Time since last request: 0.004435 seconds.
  path: Assets/Textures/Pet Cats Pack/Cat-6/Cat-6-Meow.png
  artifactKey: Guid(f5653c23f59f3984b8cd71be29957aca) Importer(815301076,1909f56bfc062723c751e8b465ee728b)
Start importing Assets/Textures/Pet Cats Pack/Cat-6/Cat-6-Meow.png using Guid(f5653c23f59f3984b8cd71be29957aca) Importer(815301076,1909f56bfc062723c751e8b465ee728b) (PreviewImporter) -> (artifact id: 'b3626fa3d98d01bf269c5fe2e23ce528') in 0.0280793 seconds
Number of updated asset objects reloaded before import = 0Number of asset objects unloaded after import = 6

========================================================================
Received Import Request.
  Time since last request: 0.000015 seconds.
  path: Assets/Textures/Pet Cats Pack/Cat-6/Cat-6-Sitting.png
  artifactKey: Guid(6e2a4803b395e4f45873eb31ee9c02f0) Importer(815301076,1909f56bfc062723c751e8b465ee728b)
Start importing Assets/Textures/Pet Cats Pack/Cat-6/Cat-6-Sitting.png using Guid(6e2a4803b395e4f45873eb31ee9c02f0) Importer(815301076,1909f56bfc062723c751e8b465ee728b) (PreviewImporter) -> (artifact id: '88dac201f388341dd8d202c00568dd52') in 0.0157786 seconds
Number of updated asset objects reloaded before import = 0Number of asset objects unloaded after import = 3

========================================================================
Received Import Request.
  Time since last request: 0.000016 seconds.
  path: Assets/Textures/Pet Cats Pack/Cat-6/Cat-6-Sleeping2.png
  artifactKey: Guid(4e81b83f006b4f74ea4846541cfccdd1) Importer(815301076,1909f56bfc062723c751e8b465ee728b)
Start importing Assets/Textures/Pet Cats Pack/Cat-6/Cat-6-Sleeping2.png using Guid(4e81b83f006b4f74ea4846541cfccdd1) Importer(815301076,1909f56bfc062723c751e8b465ee728b) (PreviewImporter) -> (artifact id: 'c5d492119dc055682c4fa91b68579bd2') in 0.0260989 seconds
Number of updated asset objects reloaded before import = 0Number of asset objects unloaded after import = 3

========================================================================
Received Import Request.
  Time since last request: 0.000021 seconds.
  path: Assets/Textures/Pet Cats Pack/Cat-6/Cat-6-Walk.png
  artifactKey: Guid(9cd640d1094495b4986b46048b71d488) Importer(815301076,1909f56bfc062723c751e8b465ee728b)
Start importing Assets/Textures/Pet Cats Pack/Cat-6/Cat-6-Walk.png using Guid(9cd640d1094495b4986b46048b71d488) Importer(815301076,1909f56bfc062723c751e8b465ee728b) (PreviewImporter) -> (artifact id: '084d9aa29ff52da32b119df6bbaea2e0') in 0.0459107 seconds
Number of updated asset objects reloaded before import = 0Number of asset objects unloaded after import = 10

========================================================================
Received Import Request.
  Time since last request: 0.000018 seconds.
  path: Assets/Textures/Pet Cats Pack/Cat-6/Cat-6-Laying.png
  artifactKey: Guid(42ce05cfa00a81f4a8c8d6ba52314c13) Importer(815301076,1909f56bfc062723c751e8b465ee728b)
Start importing Assets/Textures/Pet Cats Pack/Cat-6/Cat-6-Laying.png using Guid(42ce05cfa00a81f4a8c8d6ba52314c13) Importer(815301076,1909f56bfc062723c751e8b465ee728b) (PreviewImporter) -> (artifact id: '7fbac0f5f0b58ccff10751e554de79ba') in 0.0887015 seconds
Number of updated asset objects reloaded before import = 0Number of asset objects unloaded after import = 10

========================================================================
Received Import Request.
  Time since last request: 54.874397 seconds.
  path: Assets/Textures/Pet Cats Pack/Cat-6/Cat-6-Sitting.png
  artifactKey: Guid(6e2a4803b395e4f45873eb31ee9c02f0) Importer(815301076,1909f56bfc062723c751e8b465ee728b)
Start importing Assets/Textures/Pet Cats Pack/Cat-6/Cat-6-Sitting.png using Guid(6e2a4803b395e4f45873eb31ee9c02f0) Importer(815301076,1909f56bfc062723c751e8b465ee728b) (PreviewImporter) -> (artifact id: '81c505e14cff9e1b550c58767d93a8cc') in 0.0110717 seconds
Number of updated asset objects reloaded before import = 0Number of asset objects unloaded after import = 3

========================================================================
Received Prepare
Begin MonoManager ReloadAssembly
C:\build\output\Unity-Technologies\mono\mono\metadata\icall.c:1842:
C:\build\output\Unity-Technologies\mono\mono\metadata\icall.c:1842:
C:\build\output\Unity-Technologies\mono\mono\metadata\icall.c:1842:
C:\build\output\Unity-Technologies\mono\mono\metadata\icall.c:1842:
C:\build\output\Unity-Technologies\mono\mono\metadata\icall.c:1842:
C:\build\output\Unity-Technologies\mono\mono\metadata\icall.c:1842:
C:\build\output\Unity-Technologies\mono\mono\metadata\icall.c:1842:
C:\build\output\Unity-Technologies\mono\mono\metadata\icall.c:1842:
C:\build\output\Unity-Technologies\mono\mono\metadata\icall.c:1842:
C:\build\output\Unity-Technologies\mono\mono\metadata\icall.c:1842:
C:\build\output\Unity-Technologies\mono\mono\metadata\icall.c:1842:
C:\build\output\Unity-Technologies\mono\mono\metadata\icall.c:1842:
- Loaded All Assemblies, in  0.701 seconds
Refreshing native plugins compatible for Editor in 1.64 ms, found 4 plugins.
Native extension for UWP target not found
Native extension for WindowsStandalone target not found
Mono: successfully reloaded assembly
- Finished resetting the current domain, in  0.697 seconds
Domain Reload Profiling: 1394ms
	BeginReloadAssembly (206ms)
		ExecutionOrderSort (0ms)
		DisableScriptedObjects (12ms)
		BackupInstance (0ms)
		ReleaseScriptingObjects (0ms)
		CreateAndSetChildDomain (53ms)
	RebuildCommonClasses (35ms)
	RebuildNativeTypeToScriptingClass (12ms)
	initialDomainReloadingComplete (32ms)
	LoadAllAssembliesAndSetupDomain (412ms)
		LoadAssemblies (369ms)
		RebuildTransferFunctionScriptingTraits (0ms)
		AnalyzeDomain (143ms)
			TypeCache.Refresh (6ms)
				TypeCache.ScanAssembly (0ms)
			BuildScriptInfoCaches (127ms)
			ResolveRequiredComponents (7ms)
	FinalizeReload (698ms)
		ReleaseScriptCaches (0ms)
		RebuildScriptCaches (0ms)
		SetupLoadedEditorAssemblies (504ms)
			LogAssemblyErrors (0ms)
			InitializePlatformSupportModulesInManaged (14ms)
			SetLoadedEditorAssemblies (5ms)
			BeforeProcessingInitializeOnLoad (77ms)
			ProcessInitializeOnLoadAttributes (372ms)
			ProcessInitializeOnLoadMethodAttributes (28ms)
			AfterProcessingInitializeOnLoad (8ms)
			EditorAssembliesLoaded (0ms)
		ExecutionOrderSort2 (0ms)
		AwakeInstancesAfterBackupRestoration (9ms)
Refreshing native plugins compatible for Editor in 3.09 ms, found 4 plugins.
Preloading 0 native plugins for Editor in 0.00 ms.
Unloading 2 Unused Serialized files (Serialized files now loaded: 0)
Unloading 4867 unused Assets / (1.4 MB). Loaded Objects now: 5497.
Memory consumption went from 129.5 MB to 128.1 MB.
Total: 8.359700 ms (FindLiveObjects: 0.546600 ms CreateObjectMapping: 0.662200 ms MarkObjects: 5.788300 ms  DeleteObjects: 1.361800 ms)

Prepare: number of updated asset objects reloaded= 0
========================================================================
Received Prepare
Begin MonoManager ReloadAssembly
C:\build\output\Unity-Technologies\mono\mono\metadata\icall.c:1842:
C:\build\output\Unity-Technologies\mono\mono\metadata\icall.c:1842:
C:\build\output\Unity-Technologies\mono\mono\metadata\icall.c:1842:
C:\build\output\Unity-Technologies\mono\mono\metadata\icall.c:1842:
C:\build\output\Unity-Technologies\mono\mono\metadata\icall.c:1842:
C:\build\output\Unity-Technologies\mono\mono\metadata\icall.c:1842:
C:\build\output\Unity-Technologies\mono\mono\metadata\icall.c:1842:
C:\build\output\Unity-Technologies\mono\mono\metadata\icall.c:1842:
C:\build\output\Unity-Technologies\mono\mono\metadata\icall.c:1842:
C:\build\output\Unity-Technologies\mono\mono\metadata\icall.c:1842:
C:\build\output\Unity-Technologies\mono\mono\metadata\icall.c:1842:
C:\build\output\Unity-Technologies\mono\mono\metadata\icall.c:1842:
- Loaded All Assemblies, in  0.734 seconds
Refreshing native plugins compatible for Editor in 1.99 ms, found 4 plugins.
Native extension for UWP target not found
Native extension for WindowsStandalone target not found
Mono: successfully reloaded assembly
- Finished resetting the current domain, in  0.735 seconds
Domain Reload Profiling: 1465ms
	BeginReloadAssembly (213ms)
		ExecutionOrderSort (0ms)
		DisableScriptedObjects (14ms)
		BackupInstance (0ms)
		ReleaseScriptingObjects (0ms)
		CreateAndSetChildDomain (50ms)
	RebuildCommonClasses (36ms)
	RebuildNativeTypeToScriptingClass (13ms)
	initialDomainReloadingComplete (34ms)
	LoadAllAssembliesAndSetupDomain (434ms)
		LoadAssemblies (397ms)
		RebuildTransferFunctionScriptingTraits (0ms)
		AnalyzeDomain (144ms)
			TypeCache.Refresh (6ms)
				TypeCache.ScanAssembly (0ms)
			BuildScriptInfoCaches (128ms)
			ResolveRequiredComponents (7ms)
	FinalizeReload (735ms)
		ReleaseScriptCaches (0ms)
		RebuildScriptCaches (0ms)
		SetupLoadedEditorAssemblies (534ms)
			LogAssemblyErrors (0ms)
			InitializePlatformSupportModulesInManaged (13ms)
			SetLoadedEditorAssemblies (3ms)
			BeforeProcessingInitializeOnLoad (72ms)
			ProcessInitializeOnLoadAttributes (409ms)
			ProcessInitializeOnLoadMethodAttributes (27ms)
			AfterProcessingInitializeOnLoad (9ms)
			EditorAssembliesLoaded (0ms)
		ExecutionOrderSort2 (0ms)
		AwakeInstancesAfterBackupRestoration (10ms)
Refreshing native plugins compatible for Editor in 4.21 ms, found 4 plugins.
Preloading 0 native plugins for Editor in 0.00 ms.
Unloading 2 Unused Serialized files (Serialized files now loaded: 0)
Unloading 4867 unused Assets / (1.1 MB). Loaded Objects now: 5497.
Memory consumption went from 131.4 MB to 130.3 MB.
Total: 8.852500 ms (FindLiveObjects: 0.719700 ms CreateObjectMapping: 0.543300 ms MarkObjects: 6.195100 ms  DeleteObjects: 1.392900 ms)

Prepare: number of updated asset objects reloaded= 0
========================================================================
Received Import Request.
  Time since last request: 188.034470 seconds.
  path: Assets/Scenes/FiveScene/FiveScene.unity
  artifactKey: Guid(f8cc6f5cc963aff4c848f732fdd086a3) Importer(815301076,1909f56bfc062723c751e8b465ee728b)
Start importing Assets/Scenes/FiveScene/FiveScene.unity using Guid(f8cc6f5cc963aff4c848f732fdd086a3) Importer(815301076,1909f56bfc062723c751e8b465ee728b) (PreviewImporter) -> (artifact id: '8394010297288c137546ff11c21a96a4') in 0.0032312 seconds
Number of updated asset objects reloaded before import = 0Number of asset objects unloaded after import = 0

========================================================================
Received Import Request.
  Time since last request: 8.924429 seconds.
  path: Assets/Scenes/FourScene/FourScene.unity
  artifactKey: Guid(704ccbd93b734d243bccbe4758de7546) Importer(815301076,1909f56bfc062723c751e8b465ee728b)
Start importing Assets/Scenes/FourScene/FourScene.unity using Guid(704ccbd93b734d243bccbe4758de7546) Importer(815301076,1909f56bfc062723c751e8b465ee728b) (PreviewImporter) -> (artifact id: '8f1871ecc52286b8f0af77a2d98643e3') in 0.0006543 seconds
Number of updated asset objects reloaded before import = 0Number of asset objects unloaded after import = 0

========================================================================
Received Import Request.
  Time since last request: 55.352905 seconds.
  path: Assets/Textures/Pixel Skies DEMO
  artifactKey: Guid(e9ccf38e777150b43aff3798ef7ca992) Importer(815301076,1909f56bfc062723c751e8b465ee728b)
Start importing Assets/Textures/Pixel Skies DEMO using Guid(e9ccf38e777150b43aff3798ef7ca992) Importer(815301076,1909f56bfc062723c751e8b465ee728b) (PreviewImporter) -> (artifact id: '47c0ad2a4343bd882e1f18bcfe3bcef2') in 0.0008007 seconds
Number of updated asset objects reloaded before import = 0Number of asset objects unloaded after import = 0

========================================================================
Received Import Request.
  Time since last request: 7.050058 seconds.
  path: Assets/Textures/Pixel2DCastleTileset/Sprites/Castle.prefab
  artifactKey: Guid(6e1f70d20f9a94d44a9c1a4349eeb4c9) Importer(815301076,1909f56bfc062723c751e8b465ee728b)
Start importing Assets/Textures/Pixel2DCastleTileset/Sprites/Castle.prefab using Guid(6e1f70d20f9a94d44a9c1a4349eeb4c9) Importer(815301076,1909f56bfc062723c751e8b465ee728b) (PreviewImporter) -> (artifact id: '85c1178cf7d67976dfe866eb35dafde1') in 1.3227552 seconds
Number of updated asset objects reloaded before import = 0Number of asset objects unloaded after import = 1260

========================================================================
Received Import Request.
  Time since last request: 15.785193 seconds.
  path: Assets/Textures/Pixel2DCastleTileset/Sprites/Sliced/wood_env_0.asset
  artifactKey: Guid(1c888d01123bd3749ad8b4d22fe0a1fb) Importer(815301076,1909f56bfc062723c751e8b465ee728b)
Start importing Assets/Textures/Pixel2DCastleTileset/Sprites/Sliced/wood_env_0.asset using Guid(1c888d01123bd3749ad8b4d22fe0a1fb) Importer(815301076,1909f56bfc062723c751e8b465ee728b) (PreviewImporter) -> (artifact id: 'f4a4ff33d6076193adcd30c227f35d46') in 0.0158184 seconds
Number of updated asset objects reloaded before import = 0Number of asset objects unloaded after import = 3

========================================================================
Received Import Request.
  Time since last request: 0.009384 seconds.
  path: Assets/Textures/Pixel2DCastleTileset/Sprites/Sliced/wood_env_4.asset
  artifactKey: Guid(51f720ce4a1bbef4cbcd458c7db541d6) Importer(815301076,1909f56bfc062723c751e8b465ee728b)
Start importing Assets/Textures/Pixel2DCastleTileset/Sprites/Sliced/wood_env_4.asset using Guid(51f720ce4a1bbef4cbcd458c7db541d6) Importer(815301076,1909f56bfc062723c751e8b465ee728b) (PreviewImporter) -> (artifact id: '99549481be19d97e65fa6033d150c7cf') in 0.0097516 seconds
Number of updated asset objects reloaded before import = 0Number of asset objects unloaded after import = 3

========================================================================
Received Import Request.
  Time since last request: 0.022808 seconds.
  path: Assets/Textures/Pixel2DCastleTileset/Sprites/Sliced/wood_env_7.asset
  artifactKey: Guid(d4d1da0397c6b564ca10c753d4ddaa76) Importer(815301076,1909f56bfc062723c751e8b465ee728b)
Start importing Assets/Textures/Pixel2DCastleTileset/Sprites/Sliced/wood_env_7.asset using Guid(d4d1da0397c6b564ca10c753d4ddaa76) Importer(815301076,1909f56bfc062723c751e8b465ee728b) (PreviewImporter) -> (artifact id: 'c4b27cd3a2c882e89dbe8da889c75678') in 0.0126199 seconds
Number of updated asset objects reloaded before import = 0Number of asset objects unloaded after import = 3

========================================================================
Received Import Request.
  Time since last request: 0.009360 seconds.
  path: Assets/Textures/Pixel2DCastleTileset/Sprites/Sliced/wood_env_10.asset
  artifactKey: Guid(4c48a4c4294c0394b895ea36ab4ef97b) Importer(815301076,1909f56bfc062723c751e8b465ee728b)
Start importing Assets/Textures/Pixel2DCastleTileset/Sprites/Sliced/wood_env_10.asset using Guid(4c48a4c4294c0394b895ea36ab4ef97b) Importer(815301076,1909f56bfc062723c751e8b465ee728b) (PreviewImporter) -> (artifact id: '7e4037f457eb9cbf1a41bfebb62a475e') in 0.0106038 seconds
Number of updated asset objects reloaded before import = 0Number of asset objects unloaded after import = 3

========================================================================
Received Import Request.
  Time since last request: 0.016035 seconds.
  path: Assets/Textures/Pixel2DCastleTileset/Sprites/Sliced/wood_env_9.asset
  artifactKey: Guid(1a91a53384ff045428a7e525861aef7d) Importer(815301076,1909f56bfc062723c751e8b465ee728b)
Start importing Assets/Textures/Pixel2DCastleTileset/Sprites/Sliced/wood_env_9.asset using Guid(1a91a53384ff045428a7e525861aef7d) Importer(815301076,1909f56bfc062723c751e8b465ee728b) (PreviewImporter) -> (artifact id: '23023c7cf525d9b91128a8fcceefef18') in 0.0144517 seconds
Number of updated asset objects reloaded before import = 0Number of asset objects unloaded after import = 3

========================================================================
Received Import Request.
  Time since last request: 0.000026 seconds.
  path: Assets/Textures/Pixel2DCastleTileset/Sprites/Sliced/wood_env_21.asset
  artifactKey: Guid(8292a90441f57204fa37f6511a072722) Importer(815301076,1909f56bfc062723c751e8b465ee728b)
Start importing Assets/Textures/Pixel2DCastleTileset/Sprites/Sliced/wood_env_21.asset using Guid(8292a90441f57204fa37f6511a072722) Importer(815301076,1909f56bfc062723c751e8b465ee728b) (PreviewImporter) -> (artifact id: '80d8e848e982c2be6c0fc0bdd2324ee5') in 0.014305 seconds
Number of updated asset objects reloaded before import = 0Number of asset objects unloaded after import = 3

========================================================================
Received Import Request.
  Time since last request: 0.000042 seconds.
  path: Assets/Textures/Pixel2DCastleTileset/Sprites/Sliced/wood_env_41.asset
  artifactKey: Guid(4a07708614416294d9e003a53c372463) Importer(815301076,1909f56bfc062723c751e8b465ee728b)
Start importing Assets/Textures/Pixel2DCastleTileset/Sprites/Sliced/wood_env_41.asset using Guid(4a07708614416294d9e003a53c372463) Importer(815301076,1909f56bfc062723c751e8b465ee728b) (PreviewImporter) -> (artifact id: '57ffd81e0fca43345ae38fa0cb450249') in 0.0127017 seconds
Number of updated asset objects reloaded before import = 0Number of asset objects unloaded after import = 3

========================================================================
Received Import Request.
  Time since last request: 0.000028 seconds.
  path: Assets/Textures/Pixel2DCastleTileset/Sprites/Sliced/wood_env_39.asset
  artifactKey: Guid(ee05542ab13127b45aa50e684dd5bbf1) Importer(815301076,1909f56bfc062723c751e8b465ee728b)
Start importing Assets/Textures/Pixel2DCastleTileset/Sprites/Sliced/wood_env_39.asset using Guid(ee05542ab13127b45aa50e684dd5bbf1) Importer(815301076,1909f56bfc062723c751e8b465ee728b) (PreviewImporter) -> (artifact id: '6f4c34cff13b91c28ba731cd509f16b7') in 0.0170608 seconds
Number of updated asset objects reloaded before import = 0Number of asset objects unloaded after import = 3

========================================================================
Received Import Request.
  Time since last request: 0.000032 seconds.
  path: Assets/Textures/Pixel2DCastleTileset/Sprites/Sliced/wood_env_23.asset
  artifactKey: Guid(afac83969c687354e9260837140e4298) Importer(815301076,1909f56bfc062723c751e8b465ee728b)
Start importing Assets/Textures/Pixel2DCastleTileset/Sprites/Sliced/wood_env_23.asset using Guid(afac83969c687354e9260837140e4298) Importer(815301076,1909f56bfc062723c751e8b465ee728b) (PreviewImporter) -> (artifact id: '962ff159c6b3330b45e5d4ab4e6d3cd3') in 0.0116645 seconds
Number of updated asset objects reloaded before import = 0Number of asset objects unloaded after import = 3

========================================================================
Received Import Request.
  Time since last request: 0.000033 seconds.
  path: Assets/Textures/Pixel2DCastleTileset/Sprites/Sliced/wood_env_25.asset
  artifactKey: Guid(a5f89534dd2b84443a45911765d7eaf8) Importer(815301076,1909f56bfc062723c751e8b465ee728b)
Start importing Assets/Textures/Pixel2DCastleTileset/Sprites/Sliced/wood_env_25.asset using Guid(a5f89534dd2b84443a45911765d7eaf8) Importer(815301076,1909f56bfc062723c751e8b465ee728b) (PreviewImporter) -> (artifact id: 'dd56ba22d6226e024dc7b073872935c3') in 0.0127188 seconds
Number of updated asset objects reloaded before import = 0Number of asset objects unloaded after import = 3

========================================================================
Received Import Request.
  Time since last request: 0.000035 seconds.
  path: Assets/Textures/Pixel2DCastleTileset/Sprites/Sliced/wood_env_24.asset
  artifactKey: Guid(bc918afc57289874d827e93acec5f838) Importer(815301076,1909f56bfc062723c751e8b465ee728b)
Start importing Assets/Textures/Pixel2DCastleTileset/Sprites/Sliced/wood_env_24.asset using Guid(bc918afc57289874d827e93acec5f838) Importer(815301076,1909f56bfc062723c751e8b465ee728b) (PreviewImporter) -> (artifact id: '60fe7775c288f82e6dcdf9744eddb88f') in 0.0117031 seconds
Number of updated asset objects reloaded before import = 0Number of asset objects unloaded after import = 3

========================================================================
Received Import Request.
  Time since last request: 0.000038 seconds.
  path: Assets/Textures/Pixel2DCastleTileset/Sprites/Sliced/wood_env_32.asset
  artifactKey: Guid(293edc994192dca4ca453156186ceed1) Importer(815301076,1909f56bfc062723c751e8b465ee728b)
Start importing Assets/Textures/Pixel2DCastleTileset/Sprites/Sliced/wood_env_32.asset using Guid(293edc994192dca4ca453156186ceed1) Importer(815301076,1909f56bfc062723c751e8b465ee728b) (PreviewImporter) -> (artifact id: '996620f0eccd3f99f5f2183d1101e2bd') in 0.0147981 seconds
Number of updated asset objects reloaded before import = 0Number of asset objects unloaded after import = 3

========================================================================
Received Import Request.
  Time since last request: 0.000038 seconds.
  path: Assets/Textures/Pixel2DCastleTileset/Sprites/Sliced/wood_env_40.asset
  artifactKey: Guid(b002914c7e4c04e4483fe960e5f6b9f2) Importer(815301076,1909f56bfc062723c751e8b465ee728b)
Start importing Assets/Textures/Pixel2DCastleTileset/Sprites/Sliced/wood_env_40.asset using Guid(b002914c7e4c04e4483fe960e5f6b9f2) Importer(815301076,1909f56bfc062723c751e8b465ee728b) (PreviewImporter) -> (artifact id: '82fb673aaa3c7a5390525c76d0658bc4') in 0.0152598 seconds
Number of updated asset objects reloaded before import = 0Number of asset objects unloaded after import = 3

========================================================================
Received Import Request.
  Time since last request: 0.000146 seconds.
  path: Assets/Textures/Pixel2DCastleTileset/Sprites/Sliced/wood_env_36.asset
  artifactKey: Guid(263dcc676493ce648af4f57f15d6968c) Importer(815301076,1909f56bfc062723c751e8b465ee728b)
Start importing Assets/Textures/Pixel2DCastleTileset/Sprites/Sliced/wood_env_36.asset using Guid(263dcc676493ce648af4f57f15d6968c) Importer(815301076,1909f56bfc062723c751e8b465ee728b) (PreviewImporter) -> (artifact id: '040f307e4bb670c9616df296818c6e4f') in 0.0136062 seconds
Number of updated asset objects reloaded before import = 0Number of asset objects unloaded after import = 3

========================================================================
Received Import Request.
  Time since last request: 0.000028 seconds.
  path: Assets/Textures/Pixel2DCastleTileset/Sprites/Sliced/wood_env_37.asset
  artifactKey: Guid(debf5b3f59e2b23468e58c6382339439) Importer(815301076,1909f56bfc062723c751e8b465ee728b)
Start importing Assets/Textures/Pixel2DCastleTileset/Sprites/Sliced/wood_env_37.asset using Guid(debf5b3f59e2b23468e58c6382339439) Importer(815301076,1909f56bfc062723c751e8b465ee728b) (PreviewImporter) -> (artifact id: '8a8575a0fa5350a62ecd2bcdee20ba59') in 0.0127764 seconds
Number of updated asset objects reloaded before import = 0Number of asset objects unloaded after import = 3

========================================================================
Received Import Request.
  Time since last request: 0.000044 seconds.
  path: Assets/Textures/Pixel2DCastleTileset/Sprites/Sliced/wood_env_29.asset
  artifactKey: Guid(5aca6771df6d57841bf5c4aefa33da2d) Importer(815301076,1909f56bfc062723c751e8b465ee728b)
Start importing Assets/Textures/Pixel2DCastleTileset/Sprites/Sliced/wood_env_29.asset using Guid(5aca6771df6d57841bf5c4aefa33da2d) Importer(815301076,1909f56bfc062723c751e8b465ee728b) (PreviewImporter) -> (artifact id: 'be3fb46f22df992df87bf53b2b5263c8') in 0.0216448 seconds
Number of updated asset objects reloaded before import = 0Number of asset objects unloaded after import = 3

========================================================================
Received Import Request.
  Time since last request: 0.000043 seconds.
  path: Assets/Textures/Pixel2DCastleTileset/Sprites/Sliced/wood_env_27.asset
  artifactKey: Guid(3968536bb74ecd54eb0e4c610bea3a4e) Importer(815301076,1909f56bfc062723c751e8b465ee728b)
Start importing Assets/Textures/Pixel2DCastleTileset/Sprites/Sliced/wood_env_27.asset using Guid(3968536bb74ecd54eb0e4c610bea3a4e) Importer(815301076,1909f56bfc062723c751e8b465ee728b) (PreviewImporter) -> (artifact id: '9c96c7042b7b37c72ace0189a72c58bf') in 0.011207 seconds
Number of updated asset objects reloaded before import = 0Number of asset objects unloaded after import = 3

========================================================================
Received Import Request.
  Time since last request: 0.000028 seconds.
  path: Assets/Textures/Pixel2DCastleTileset/Sprites/Sliced/wood_env_35.asset
  artifactKey: Guid(e7ce587b90db6e446b2e2518f1d86cbf) Importer(815301076,1909f56bfc062723c751e8b465ee728b)
Start importing Assets/Textures/Pixel2DCastleTileset/Sprites/Sliced/wood_env_35.asset using Guid(e7ce587b90db6e446b2e2518f1d86cbf) Importer(815301076,1909f56bfc062723c751e8b465ee728b) (PreviewImporter) -> (artifact id: '31fa8011c975a61f7350c3afdb48fc13') in 0.0125899 seconds
Number of updated asset objects reloaded before import = 0Number of asset objects unloaded after import = 3

========================================================================
Received Import Request.
  Time since last request: 0.000035 seconds.
  path: Assets/Textures/Pixel2DCastleTileset/Sprites/Sliced/wood_env_11.asset
  artifactKey: Guid(0c162d0d4b5af3440b6aa650cede40ee) Importer(815301076,1909f56bfc062723c751e8b465ee728b)
Start importing Assets/Textures/Pixel2DCastleTileset/Sprites/Sliced/wood_env_11.asset using Guid(0c162d0d4b5af3440b6aa650cede40ee) Importer(815301076,1909f56bfc062723c751e8b465ee728b) (PreviewImporter) -> (artifact id: '811b9fdcecd661182d8f3baa9a48e5a0') in 0.0117068 seconds
Number of updated asset objects reloaded before import = 0Number of asset objects unloaded after import = 3

========================================================================
Received Import Request.
  Time since last request: 0.000164 seconds.
  path: Assets/Textures/Pixel2DCastleTileset/Sprites/Sliced/wood_env_2.asset
  artifactKey: Guid(520777437a02aad45a6e125813ec9414) Importer(815301076,1909f56bfc062723c751e8b465ee728b)
Start importing Assets/Textures/Pixel2DCastleTileset/Sprites/Sliced/wood_env_2.asset using Guid(520777437a02aad45a6e125813ec9414) Importer(815301076,1909f56bfc062723c751e8b465ee728b) (PreviewImporter) -> (artifact id: 'fe6012c5d9adf99d122e4368124b4f22') in 0.0180713 seconds
Number of updated asset objects reloaded before import = 0Number of asset objects unloaded after import = 3

========================================================================
Received Import Request.
  Time since last request: 0.000038 seconds.
  path: Assets/Textures/Pixel2DCastleTileset/Sprites/Sliced/wood_env_8.asset
  artifactKey: Guid(7f8ba85359aa4874ea6fd8ca2e9f9ff0) Importer(815301076,1909f56bfc062723c751e8b465ee728b)
Start importing Assets/Textures/Pixel2DCastleTileset/Sprites/Sliced/wood_env_8.asset using Guid(7f8ba85359aa4874ea6fd8ca2e9f9ff0) Importer(815301076,1909f56bfc062723c751e8b465ee728b) (PreviewImporter) -> (artifact id: '64827a54ef51b3d6b6652985368124d2') in 0.0142228 seconds
Number of updated asset objects reloaded before import = 0Number of asset objects unloaded after import = 3

========================================================================
Received Import Request.
  Time since last request: 0.000041 seconds.
  path: Assets/Textures/Pixel2DCastleTileset/Sprites/Sliced/wood_env_19.asset
  artifactKey: Guid(ba1829c30975f394eb7e0c4e8016fcab) Importer(815301076,1909f56bfc062723c751e8b465ee728b)
Start importing Assets/Textures/Pixel2DCastleTileset/Sprites/Sliced/wood_env_19.asset using Guid(ba1829c30975f394eb7e0c4e8016fcab) Importer(815301076,1909f56bfc062723c751e8b465ee728b) (PreviewImporter) -> (artifact id: '38705b2e918839d0178ebd1716f2ae9e') in 0.0124912 seconds
Number of updated asset objects reloaded before import = 0Number of asset objects unloaded after import = 3

========================================================================
Received Import Request.
  Time since last request: 0.000026 seconds.
  path: Assets/Textures/Pixel2DCastleTileset/Sprites/Sliced/wood_env_31.asset
  artifactKey: Guid(8192335f9d54acc4ebf861925eebb19e) Importer(815301076,1909f56bfc062723c751e8b465ee728b)
Start importing Assets/Textures/Pixel2DCastleTileset/Sprites/Sliced/wood_env_31.asset using Guid(8192335f9d54acc4ebf861925eebb19e) Importer(815301076,1909f56bfc062723c751e8b465ee728b) (PreviewImporter) -> (artifact id: 'c044cd9fb013e27ae7faed8dd8ac247d') in 0.0105302 seconds
Number of updated asset objects reloaded before import = 0Number of asset objects unloaded after import = 3

========================================================================
Received Import Request.
  Time since last request: 0.000027 seconds.
  path: Assets/Textures/Pixel2DCastleTileset/Sprites/Sliced/wood_env_28.asset
  artifactKey: Guid(df73e35ea611f404092d94ed8dbabc54) Importer(815301076,1909f56bfc062723c751e8b465ee728b)
Start importing Assets/Textures/Pixel2DCastleTileset/Sprites/Sliced/wood_env_28.asset using Guid(df73e35ea611f404092d94ed8dbabc54) Importer(815301076,1909f56bfc062723c751e8b465ee728b) (PreviewImporter) -> (artifact id: '744296f811efbbb76774797bcbf0a462') in 0.0091852 seconds
Number of updated asset objects reloaded before import = 0Number of asset objects unloaded after import = 3

========================================================================
Received Import Request.
  Time since last request: 0.000029 seconds.
  path: Assets/Textures/Pixel2DCastleTileset/Sprites/Sliced/wood_env_38.asset
  artifactKey: Guid(c4f65b4cedb4f2a40ac92ef345958f3a) Importer(815301076,1909f56bfc062723c751e8b465ee728b)
Start importing Assets/Textures/Pixel2DCastleTileset/Sprites/Sliced/wood_env_38.asset using Guid(c4f65b4cedb4f2a40ac92ef345958f3a) Importer(815301076,1909f56bfc062723c751e8b465ee728b) (PreviewImporter) -> (artifact id: 'bdc44f8dca8c8d4264f9e64cf74ce5f0') in 0.0124787 seconds
Number of updated asset objects reloaded before import = 0Number of asset objects unloaded after import = 3

Editor requested this worker to shutdown with reason: Scaling down because of idle timeout
AssetImportWorker is now disconnected from the server
Process exiting
Exiting without the bug reporter. Application will terminate with return code 0