Using pre-set license
Built from '2023.2/staging' branch; Version is '2023.2.16f1 (7f45223012db) revision 8340770'; Using compiler version '193431935'; Build Type 'Release'
OS: 'Windows 10  (10.0.19045) 64bit Professional' Language: 'ru' Physical Memory: 15775 MB
BatchMode: 1, IsHumanControllingUs: 0, StartBugReporterOnCrash: 0, Is64bit: 1, IsPro: 1

COMMAND LINE ARGUMENTS:
C:\Оперативная\Unity\2023.2.16f1\Editor\Unity.exe
-adb2
-batchMode
-noUpm
-name
AssetImportWorker6
-projectPath
C:/Users/MIKU/My project/first-CS-Game/Slavic egg clamp
-logFile
Logs/AssetImportWorker6.log
-srvPort
4173
-job-worker-count
7
-background-job-worker-count
8
-asset-garbage-collectors
1
Successfully changed project path to: C:/Users/MIKU/My project/first-CS-Game/Slavic egg clamp
C:/Users/MIKU/My project/first-CS-Game/Slavic egg clamp
[UnityMemory] Configuration Parameters - Can be set up in boot.config
    "memorysetup-bucket-allocator-granularity=16"
    "memorysetup-bucket-allocator-bucket-count=8"
    "memorysetup-bucket-allocator-block-size=33554432"
    "memorysetup-bucket-allocator-block-count=8"
    "memorysetup-main-allocator-block-size=16777216"
    "memorysetup-thread-allocator-block-size=16777216"
    "memorysetup-gfx-main-allocator-block-size=16777216"
    "memorysetup-gfx-thread-allocator-block-size=16777216"
    "memorysetup-cache-allocator-block-size=4194304"
    "memorysetup-typetree-allocator-block-size=2097152"
    "memorysetup-profiler-bucket-allocator-granularity=16"
    "memorysetup-profiler-bucket-allocator-bucket-count=8"
    "memorysetup-profiler-bucket-allocator-block-size=33554432"
    "memorysetup-profiler-bucket-allocator-block-count=8"
    "memorysetup-profiler-allocator-block-size=16777216"
    "memorysetup-profiler-editor-allocator-block-size=1048576"
    "memorysetup-temp-allocator-size-main=16777216"
    "memorysetup-job-temp-allocator-block-size=2097152"
    "memorysetup-job-temp-allocator-block-size-background=1048576"
    "memorysetup-job-temp-allocator-reduction-small-platforms=262144"
    "memorysetup-allocator-temp-initial-block-size-main=262144"
    "memorysetup-allocator-temp-initial-block-size-worker=262144"
    "memorysetup-temp-allocator-size-background-worker=32768"
    "memorysetup-temp-allocator-size-job-worker=262144"
    "memorysetup-temp-allocator-size-preload-manager=33554432"
    "memorysetup-temp-allocator-size-nav-mesh-worker=65536"
    "memorysetup-temp-allocator-size-audio-worker=65536"
    "memorysetup-temp-allocator-size-cloud-worker=32768"
    "memorysetup-temp-allocator-size-gi-baking-worker=262144"
    "memorysetup-temp-allocator-size-gi-baking-worker=262144"
    "memorysetup-temp-allocator-size-gi-baking-worker=262144"
    "memorysetup-temp-allocator-size-gi-baking-worker=262144"
    "memorysetup-temp-allocator-size-gfx=262144"
Player connection [19496] Host "[IP] 192.168.56.1 [Port] 0 [Flags] 2 [Guid] 3465003360 [EditorId] 3465003360 [Version] 1048832 [Id] WindowsEditor(7,DESKTOP-JC97NB1) [Debug] 1 [PackageName] WindowsEditor [ProjectName] Editor" joined multi-casting on [225.0.0.222:54997]...
Player connection [19496] Host "[IP] 192.168.56.1 [Port] 0 [Flags] 2 [Guid] 3465003360 [EditorId] 3465003360 [Version] 1048832 [Id] WindowsEditor(7,DESKTOP-JC97NB1) [Debug] 1 [PackageName] WindowsEditor [ProjectName] Editor" joined alternative multi-casting on [225.0.0.222:34997]...
JobSystem: Creating JobQueue using job-worker-count value 7
[Physics::Module] Initialized MultithreadedJobDispatcher with 7 workers.
Library Redirect Path: Library/
Refreshing native plugins compatible for Editor in 3.94 ms, found 4 plugins.
Preloading 0 native plugins for Editor in 0.00 ms.
Initialize engine version: 2023.2.16f1 (7f45223012db)
[Subsystems] Discovering subsystems at path C:/Оперативная/Unity/2023.2.16f1/Editor/Data/Resources/UnitySubsystems
[Subsystems] Discovering subsystems at path C:/Users/MIKU/My project/first-CS-Game/Slavic egg clamp/Assets
GfxDevice: creating device client; kGfxThreadingModeNonThreaded
Direct3D:
    Version:  Direct3D 11.0 [level 11.1]
    Renderer: NVIDIA GeForce RTX 3050 Laptop GPU (ID=0x25a2)
    Vendor:   NVIDIA
    VRAM:     3977 MB
    Driver:   31.0.15.4633
Initialize mono
Mono path[0] = 'C:/Оперативная/Unity/2023.2.16f1/Editor/Data/Managed'
Mono path[1] = 'C:/Оперативная/Unity/2023.2.16f1/Editor/Data/MonoBleedingEdge/lib/mono/unityjit-win32'
Mono config path = 'C:/Оперативная/Unity/2023.2.16f1/Editor/Data/MonoBleedingEdge/etc'
Using monoOptions --debugger-agent=transport=dt_socket,embedding=1,server=y,suspend=n,address=127.0.0.1:56676
Begin MonoManager ReloadAssembly
C:\build\output\Unity-Technologies\mono\mono\metadata\icall.c:1842:
C:\build\output\Unity-Technologies\mono\mono\metadata\icall.c:1842:
C:\build\output\Unity-Technologies\mono\mono\metadata\icall.c:1842:
C:\build\output\Unity-Technologies\mono\mono\metadata\icall.c:1842:
C:\build\output\Unity-Technologies\mono\mono\metadata\icall.c:1842:
C:\build\output\Unity-Technologies\mono\mono\metadata\icall.c:1842:
C:\build\output\Unity-Technologies\mono\mono\metadata\icall.c:1842:
C:\build\output\Unity-Technologies\mono\mono\metadata\icall.c:1842:
C:\build\output\Unity-Technologies\mono\mono\metadata\icall.c:1842:
C:\build\output\Unity-Technologies\mono\mono\metadata\icall.c:1842:
Registering precompiled unity dll's ...
Register platform support module: C:/Оперативная/Unity/2023.2.16f1/Editor/Data/PlaybackEngines/WindowsStandaloneSupport/UnityEditor.WindowsStandalone.Extensions.dll
Register platform support module: C:/Оперативная/Unity/2023.2.16f1/Editor/Data/PlaybackEngines/MetroSupport/UnityEditor.UWP.Extensions.dll
Registered in 0.004893 seconds.
- Loaded All Assemblies, in  0.416 seconds
Native extension for UWP target not found
Native extension for WindowsStandalone target not found
Mono: successfully reloaded assembly
C:\build\output\Unity-Technologies\mono\mono\metadata\icall.c:1842:
C:\build\output\Unity-Technologies\mono\mono\metadata\icall.c:1842:
- Finished resetting the current domain, in  0.354 seconds
Domain Reload Profiling: 767ms
	BeginReloadAssembly (147ms)
		ExecutionOrderSort (0ms)
		DisableScriptedObjects (0ms)
		BackupInstance (0ms)
		ReleaseScriptingObjects (0ms)
		CreateAndSetChildDomain (1ms)
	RebuildCommonClasses (39ms)
	RebuildNativeTypeToScriptingClass (11ms)
	initialDomainReloadingComplete (61ms)
	LoadAllAssembliesAndSetupDomain (154ms)
		LoadAssemblies (145ms)
		RebuildTransferFunctionScriptingTraits (0ms)
		AnalyzeDomain (151ms)
			TypeCache.Refresh (150ms)
				TypeCache.ScanAssembly (136ms)
			BuildScriptInfoCaches (0ms)
			ResolveRequiredComponents (0ms)
	FinalizeReload (354ms)
		ReleaseScriptCaches (0ms)
		RebuildScriptCaches (0ms)
		SetupLoadedEditorAssemblies (293ms)
			LogAssemblyErrors (0ms)
			InitializePlatformSupportModulesInManaged (45ms)
			SetLoadedEditorAssemblies (4ms)
			BeforeProcessingInitializeOnLoad (5ms)
			ProcessInitializeOnLoadAttributes (192ms)
			ProcessInitializeOnLoadMethodAttributes (48ms)
			AfterProcessingInitializeOnLoad (0ms)
			EditorAssembliesLoaded (0ms)
		ExecutionOrderSort2 (0ms)
		AwakeInstancesAfterBackupRestoration (0ms)
========================================================================
Worker process is ready to serve import requests
Import Worker Mode flag is 0x00
Begin MonoManager ReloadAssembly
C:\build\output\Unity-Technologies\mono\mono\metadata\icall.c:1842:
C:\build\output\Unity-Technologies\mono\mono\metadata\icall.c:1842:
C:\build\output\Unity-Technologies\mono\mono\metadata\icall.c:1842:
C:\build\output\Unity-Technologies\mono\mono\metadata\icall.c:1842:
C:\build\output\Unity-Technologies\mono\mono\metadata\icall.c:1842:
C:\build\output\Unity-Technologies\mono\mono\metadata\icall.c:1842:
C:\build\output\Unity-Technologies\mono\mono\metadata\icall.c:1842:
C:\build\output\Unity-Technologies\mono\mono\metadata\icall.c:1842:
C:\build\output\Unity-Technologies\mono\mono\metadata\icall.c:1842:
C:\build\output\Unity-Technologies\mono\mono\metadata\icall.c:1842:
C:\build\output\Unity-Technologies\mono\mono\metadata\icall.c:1842:
C:\build\output\Unity-Technologies\mono\mono\metadata\icall.c:1842:
- Loaded All Assemblies, in  1.010 seconds
Refreshing native plugins compatible for Editor in 1.85 ms, found 4 plugins.
Native extension for UWP target not found
Native extension for WindowsStandalone target not found
Refreshing native plugins compatible for Editor in 1.93 ms, found 4 plugins.
Mono: successfully reloaded assembly
- Finished resetting the current domain, in  0.800 seconds
Domain Reload Profiling: 1803ms
	BeginReloadAssembly (342ms)
		ExecutionOrderSort (0ms)
		DisableScriptedObjects (5ms)
		BackupInstance (0ms)
		ReleaseScriptingObjects (0ms)
		CreateAndSetChildDomain (36ms)
	RebuildCommonClasses (46ms)
	RebuildNativeTypeToScriptingClass (15ms)
	initialDomainReloadingComplete (58ms)
	LoadAllAssembliesAndSetupDomain (541ms)
		LoadAssemblies (421ms)
		RebuildTransferFunctionScriptingTraits (0ms)
		AnalyzeDomain (228ms)
			TypeCache.Refresh (189ms)
				TypeCache.ScanAssembly (172ms)
			BuildScriptInfoCaches (30ms)
			ResolveRequiredComponents (6ms)
	FinalizeReload (800ms)
		ReleaseScriptCaches (0ms)
		RebuildScriptCaches (0ms)
		SetupLoadedEditorAssemblies (599ms)
			LogAssemblyErrors (0ms)
			InitializePlatformSupportModulesInManaged (13ms)
			SetLoadedEditorAssemblies (3ms)
			BeforeProcessingInitializeOnLoad (67ms)
			ProcessInitializeOnLoadAttributes (468ms)
			ProcessInitializeOnLoadMethodAttributes (39ms)
			AfterProcessingInitializeOnLoad (9ms)
			EditorAssembliesLoaded (0ms)
		ExecutionOrderSort2 (0ms)
		AwakeInstancesAfterBackupRestoration (9ms)
Launched and connected shader compiler UnityShaderCompiler.exe after 0.02 seconds
Refreshing native plugins compatible for Editor in 1.76 ms, found 4 plugins.
Preloading 0 native plugins for Editor in 0.00 ms.
Unloading 19 Unused Serialized files (Serialized files now loaded: 0)
Unloading 4864 unused Assets / (1.7 MB). Loaded Objects now: 5439.
Memory consumption went from 128.1 MB to 126.5 MB.
Total: 9.209000 ms (FindLiveObjects: 0.780600 ms CreateObjectMapping: 0.580100 ms MarkObjects: 6.329700 ms  DeleteObjects: 1.516200 ms)

========================================================================
Received Prepare
Begin MonoManager ReloadAssembly
C:\build\output\Unity-Technologies\mono\mono\metadata\icall.c:1842:
C:\build\output\Unity-Technologies\mono\mono\metadata\icall.c:1842:
C:\build\output\Unity-Technologies\mono\mono\metadata\icall.c:1842:
C:\build\output\Unity-Technologies\mono\mono\metadata\icall.c:1842:
C:\build\output\Unity-Technologies\mono\mono\metadata\icall.c:1842:
C:\build\output\Unity-Technologies\mono\mono\metadata\icall.c:1842:
C:\build\output\Unity-Technologies\mono\mono\metadata\icall.c:1842:
C:\build\output\Unity-Technologies\mono\mono\metadata\icall.c:1842:
C:\build\output\Unity-Technologies\mono\mono\metadata\icall.c:1842:
C:\build\output\Unity-Technologies\mono\mono\metadata\icall.c:1842:
C:\build\output\Unity-Technologies\mono\mono\metadata\icall.c:1842:
C:\build\output\Unity-Technologies\mono\mono\metadata\icall.c:1842:
- Loaded All Assemblies, in  0.935 seconds
Refreshing native plugins compatible for Editor in 2.09 ms, found 4 plugins.
Native extension for UWP target not found
Native extension for WindowsStandalone target not found
Mono: successfully reloaded assembly
- Finished resetting the current domain, in  0.837 seconds
Domain Reload Profiling: 1768ms
	BeginReloadAssembly (266ms)
		ExecutionOrderSort (0ms)
		DisableScriptedObjects (14ms)
		BackupInstance (0ms)
		ReleaseScriptingObjects (0ms)
		CreateAndSetChildDomain (65ms)
	RebuildCommonClasses (42ms)
	RebuildNativeTypeToScriptingClass (21ms)
	initialDomainReloadingComplete (45ms)
	LoadAllAssembliesAndSetupDomain (557ms)
		LoadAssemblies (526ms)
		RebuildTransferFunctionScriptingTraits (0ms)
		AnalyzeDomain (171ms)
			TypeCache.Refresh (10ms)
				TypeCache.ScanAssembly (0ms)
			BuildScriptInfoCaches (147ms)
			ResolveRequiredComponents (11ms)
	FinalizeReload (838ms)
		ReleaseScriptCaches (0ms)
		RebuildScriptCaches (0ms)
		SetupLoadedEditorAssemblies (599ms)
			LogAssemblyErrors (0ms)
			InitializePlatformSupportModulesInManaged (15ms)
			SetLoadedEditorAssemblies (4ms)
			BeforeProcessingInitializeOnLoad (87ms)
			ProcessInitializeOnLoadAttributes (455ms)
			ProcessInitializeOnLoadMethodAttributes (30ms)
			AfterProcessingInitializeOnLoad (8ms)
			EditorAssembliesLoaded (0ms)
		ExecutionOrderSort2 (0ms)
		AwakeInstancesAfterBackupRestoration (10ms)
Refreshing native plugins compatible for Editor in 2.65 ms, found 4 plugins.
Preloading 0 native plugins for Editor in 0.00 ms.
Unloading 2 Unused Serialized files (Serialized files now loaded: 0)
Unloading 4862 unused Assets / (1.3 MB). Loaded Objects now: 5440.
Memory consumption went from 126.3 MB to 125.0 MB.
Total: 11.159100 ms (FindLiveObjects: 0.595500 ms CreateObjectMapping: 0.444500 ms MarkObjects: 7.824400 ms  DeleteObjects: 2.293700 ms)

Prepare: number of updated asset objects reloaded= 0
========================================================================
Received Import Request.
  Time since last request: 11604.543070 seconds.
  path: Assets/Textures
  artifactKey: Guid(dd486ae4df8403b4eb71fd8c1517055c) Importer(815301076,1909f56bfc062723c751e8b465ee728b)
Start importing Assets/Textures using Guid(dd486ae4df8403b4eb71fd8c1517055c) Importer(815301076,1909f56bfc062723c751e8b465ee728b) (PreviewImporter) -> (artifact id: '46d500922b7a7089829a72fd4dd7a547') in 0.0083308 seconds
Number of updated asset objects reloaded before import = 0Number of asset objects unloaded after import = 0

========================================================================
Received Import Request.
  Time since last request: 3.468678 seconds.
  path: Assets/Textures/Pixel Magical Potions Pack
  artifactKey: Guid(74fa6a15d1e16584bacc4897d2ed0c0b) Importer(815301076,1909f56bfc062723c751e8b465ee728b)
Start importing Assets/Textures/Pixel Magical Potions Pack using Guid(74fa6a15d1e16584bacc4897d2ed0c0b) Importer(815301076,1909f56bfc062723c751e8b465ee728b) (PreviewImporter) -> (artifact id: '17be8f81414d1da2da6219322a529737') in 0.0008311 seconds
Number of updated asset objects reloaded before import = 0Number of asset objects unloaded after import = 0

========================================================================
Received Import Request.
  Time since last request: 1.464280 seconds.
  path: Assets/Textures/Pixel Monster Pack
  artifactKey: Guid(507cdadf52735d64ca86123d3211a15b) Importer(815301076,1909f56bfc062723c751e8b465ee728b)
Start importing Assets/Textures/Pixel Monster Pack using Guid(507cdadf52735d64ca86123d3211a15b) Importer(815301076,1909f56bfc062723c751e8b465ee728b) (PreviewImporter) -> (artifact id: '3ae2782f059bcf386c0ef6ccd66c69a6') in 0.0005031 seconds
Number of updated asset objects reloaded before import = 0Number of asset objects unloaded after import = 0

========================================================================
Received Import Request.
  Time since last request: 2.700046 seconds.
  path: Assets/Textures/SunnyLand Artwork
  artifactKey: Guid(2f17d1e6a207e4d8eb72bd03b1b645ac) Importer(815301076,1909f56bfc062723c751e8b465ee728b)
Start importing Assets/Textures/SunnyLand Artwork using Guid(2f17d1e6a207e4d8eb72bd03b1b645ac) Importer(815301076,1909f56bfc062723c751e8b465ee728b) (PreviewImporter) -> (artifact id: '3994e689ed27319943ac586b439784ea') in 0.0006196 seconds
Number of updated asset objects reloaded before import = 0Number of asset objects unloaded after import = 0

========================================================================
Received Import Request.
  Time since last request: 4.432195 seconds.
  path: Assets/Textures/SunnyLand Artwork/Sprites/Items/cherry
  artifactKey: Guid(2b25fb0d2fb6b4c5f8439e2d629b7e73) Importer(815301076,1909f56bfc062723c751e8b465ee728b)
Start importing Assets/Textures/SunnyLand Artwork/Sprites/Items/cherry using Guid(2b25fb0d2fb6b4c5f8439e2d629b7e73) Importer(815301076,1909f56bfc062723c751e8b465ee728b) (PreviewImporter) -> (artifact id: '7cef05bdd7165f95782479f80d8355f6') in 0.0005905 seconds
Number of updated asset objects reloaded before import = 0Number of asset objects unloaded after import = 0

========================================================================
Received Import Request.
  Time since last request: 0.078087 seconds.
  path: Assets/Textures/SunnyLand Artwork/Sprites/Items/cherry/cherry-1.png
  artifactKey: Guid(bdce2a9cb3d0242958c2593a3b8d8742) Importer(815301076,1909f56bfc062723c751e8b465ee728b)
Start importing Assets/Textures/SunnyLand Artwork/Sprites/Items/cherry/cherry-1.png using Guid(bdce2a9cb3d0242958c2593a3b8d8742) Importer(815301076,1909f56bfc062723c751e8b465ee728b) (PreviewImporter) -> (artifact id: '0c2cc97baf9a54b67d45049f31fa98af') in 0.0833082 seconds
Number of updated asset objects reloaded before import = 0Number of asset objects unloaded after import = 3

========================================================================
Received Import Request.
  Time since last request: 0.056599 seconds.
  path: Assets/Textures/SunnyLand Artwork/Sprites/Items/cherry/cherry-7.png
  artifactKey: Guid(056b6a3f6e14d4af2a7d641c4dd44e79) Importer(815301076,1909f56bfc062723c751e8b465ee728b)
Start importing Assets/Textures/SunnyLand Artwork/Sprites/Items/cherry/cherry-7.png using Guid(056b6a3f6e14d4af2a7d641c4dd44e79) Importer(815301076,1909f56bfc062723c751e8b465ee728b) (PreviewImporter) -> (artifact id: '0089a3bad01298073acbab9cfb218644') in 0.0113305 seconds
Number of updated asset objects reloaded before import = 0Number of asset objects unloaded after import = 3

========================================================================
Received Import Request.
  Time since last request: 0.000018 seconds.
  path: Assets/Textures/SunnyLand Artwork/Sprites/Items/cherry/cherry-4.png
  artifactKey: Guid(4f3dc6ccaf04b4061a059006d96715f1) Importer(815301076,1909f56bfc062723c751e8b465ee728b)
Start importing Assets/Textures/SunnyLand Artwork/Sprites/Items/cherry/cherry-4.png using Guid(4f3dc6ccaf04b4061a059006d96715f1) Importer(815301076,1909f56bfc062723c751e8b465ee728b) (PreviewImporter) -> (artifact id: '1fa99092afd470286c7643b7e96a3dd2') in 0.0119006 seconds
Number of updated asset objects reloaded before import = 0Number of asset objects unloaded after import = 3

========================================================================
Received Import Request.
  Time since last request: 6.248926 seconds.
  path: Assets/Textures/SunnyLand Artwork/Sprites/Fx/item-feedback/item-feedback-2.png
  artifactKey: Guid(d01b0b4f13e044d0c83c424e542ddcbf) Importer(815301076,1909f56bfc062723c751e8b465ee728b)
Start importing Assets/Textures/SunnyLand Artwork/Sprites/Fx/item-feedback/item-feedback-2.png using Guid(d01b0b4f13e044d0c83c424e542ddcbf) Importer(815301076,1909f56bfc062723c751e8b465ee728b) (PreviewImporter) -> (artifact id: 'efe74c788f30f8255e3e9b99ceeb75f7') in 0.0317049 seconds
Number of updated asset objects reloaded before import = 0Number of asset objects unloaded after import = 3

========================================================================
Received Import Request.
  Time since last request: 18.176866 seconds.
  path: Assets/Textures/SunnyLand Artwork/Environment/props/big-crate.png
  artifactKey: Guid(3fc2bbd409bf34ab6af1637bab569da1) Importer(815301076,1909f56bfc062723c751e8b465ee728b)
Start importing Assets/Textures/SunnyLand Artwork/Environment/props/big-crate.png using Guid(3fc2bbd409bf34ab6af1637bab569da1) Importer(815301076,1909f56bfc062723c751e8b465ee728b) (PreviewImporter) -> (artifact id: '806460cf66e15a0d76d6d621b060ba9c') in 0.0081252 seconds
Number of updated asset objects reloaded before import = 0Number of asset objects unloaded after import = 3

========================================================================
Received Import Request.
  Time since last request: 0.006202 seconds.
  path: Assets/Textures/SunnyLand Artwork/Environment/props/crank-down.png
  artifactKey: Guid(d3240c946631a4966b1bcab3db999126) Importer(815301076,1909f56bfc062723c751e8b465ee728b)
Start importing Assets/Textures/SunnyLand Artwork/Environment/props/crank-down.png using Guid(d3240c946631a4966b1bcab3db999126) Importer(815301076,1909f56bfc062723c751e8b465ee728b) (PreviewImporter) -> (artifact id: '779d6558ca22d60b7c1ad4f5f9d1d36d') in 0.0103446 seconds
Number of updated asset objects reloaded before import = 0Number of asset objects unloaded after import = 3

========================================================================
Received Import Request.
  Time since last request: 0.002932 seconds.
  path: Assets/Textures/SunnyLand Artwork/Environment/props/face-block.png
  artifactKey: Guid(f34e83b5f0fe1432cb87276148dc6341) Importer(815301076,1909f56bfc062723c751e8b465ee728b)
Start importing Assets/Textures/SunnyLand Artwork/Environment/props/face-block.png using Guid(f34e83b5f0fe1432cb87276148dc6341) Importer(815301076,1909f56bfc062723c751e8b465ee728b) (PreviewImporter) -> (artifact id: '308db9388e0620c9899773fb478cb343') in 0.007981 seconds
Number of updated asset objects reloaded before import = 0Number of asset objects unloaded after import = 3

========================================================================
Received Import Request.
  Time since last request: 0.001355 seconds.
  path: Assets/Textures/SunnyLand Artwork/Environment/props/pine.png
  artifactKey: Guid(ac7d28ce47ebffc4c9a4f1f8f24eb385) Importer(815301076,1909f56bfc062723c751e8b465ee728b)
Start importing Assets/Textures/SunnyLand Artwork/Environment/props/pine.png using Guid(ac7d28ce47ebffc4c9a4f1f8f24eb385) Importer(815301076,1909f56bfc062723c751e8b465ee728b) (PreviewImporter) -> (artifact id: 'fd52200af3c18907102439aa0dc5d7e8') in 0.0112582 seconds
Number of updated asset objects reloaded before import = 0Number of asset objects unloaded after import = 3

========================================================================
Received Import Request.
  Time since last request: 0.000018 seconds.
  path: Assets/Textures/SunnyLand Artwork/Environment/props/rock-2.png
  artifactKey: Guid(f842a2b2f2d69854880419b90645f628) Importer(815301076,1909f56bfc062723c751e8b465ee728b)
Start importing Assets/Textures/SunnyLand Artwork/Environment/props/rock-2.png using Guid(f842a2b2f2d69854880419b90645f628) Importer(815301076,1909f56bfc062723c751e8b465ee728b) (PreviewImporter) -> (artifact id: '11cfa233f85c3fe5077b7b1b6bf2ba0f') in 0.0107296 seconds
Number of updated asset objects reloaded before import = 0Number of asset objects unloaded after import = 3

========================================================================
Received Import Request.
  Time since last request: 0.051093 seconds.
  path: Assets/Textures/SunnyLand Artwork/Environment/props/spike-skull.png
  artifactKey: Guid(a225befe4953547da8c4133e5d585029) Importer(815301076,1909f56bfc062723c751e8b465ee728b)
Start importing Assets/Textures/SunnyLand Artwork/Environment/props/spike-skull.png using Guid(a225befe4953547da8c4133e5d585029) Importer(815301076,1909f56bfc062723c751e8b465ee728b) (PreviewImporter) -> (artifact id: 'caad537ae97dfb749d0eb04056395c5f') in 0.0129578 seconds
Number of updated asset objects reloaded before import = 0Number of asset objects unloaded after import = 3

========================================================================
Received Import Request.
  Time since last request: 0.056034 seconds.
  path: Assets/Textures/SunnyLand Artwork/Environment/props/tree-2.png
  artifactKey: Guid(bce2d1c9ca0475e4cb876c354b7b0121) Importer(815301076,1909f56bfc062723c751e8b465ee728b)
Start importing Assets/Textures/SunnyLand Artwork/Environment/props/tree-2.png using Guid(bce2d1c9ca0475e4cb876c354b7b0121) Importer(815301076,1909f56bfc062723c751e8b465ee728b) (PreviewImporter) -> (artifact id: '39fc30137e9ef3a1076d762edc02f23f') in 0.060574 seconds
Number of updated asset objects reloaded before import = 0Number of asset objects unloaded after import = 3

Editor requested this worker to shutdown with reason: Scaling down because of idle timeout
AssetImportWorker is now disconnected from the server
Process exiting
Exiting without the bug reporter. Application will terminate with return code 0